<?xml version="1.0" encoding="UTF-8"?>
<coverage generated="1785637520587" clover="3.2.0">
  <project timestamp="1785637520587" name="All files">
    <metrics statements="413" coveredstatements="250" conditionals="348" coveredconditionals="165" methods="77" coveredmethods="57" elements="838" coveredelements="472" complexity="0" loc="413" ncloc="413" packages="1" files="2" classes="2"/>
    <file name="library.js" path="C:\Users\stemb\Downloads\javascript-library-capstone-debug-Lisakhanya7-main\javascript-library-capstone-debug-Lisakhanya7-main\library.js">
      <metrics statements="179" coveredstatements="148" conditionals="169" coveredconditionals="115" methods="48" coveredmethods="45"/>
      <line num="3" count="1" type="stmt"/>
      <line num="4" count="1" type="stmt"/>
      <line num="5" count="1" type="stmt"/>
      <line num="6" count="1" type="stmt"/>
      <line num="13" count="128" type="stmt"/>
      <line num="14" count="128" type="stmt"/>
      <line num="15" count="128" type="stmt"/>
      <line num="16" count="128" type="stmt"/>
      <line num="17" count="128" type="stmt"/>
      <line num="18" count="128" type="cond" truecount="1" falsecount="1"/>
      <line num="19" count="128" type="cond" truecount="1" falsecount="1"/>
      <line num="20" count="128" type="stmt"/>
      <line num="28" count="3" type="stmt"/>
      <line num="36" count="2" type="stmt"/>
      <line num="41" count="1" type="cond" truecount="1" falsecount="1"/>
      <line num="42" count="0" type="stmt"/>
      <line num="44" count="1" type="stmt"/>
      <line num="45" count="1" type="stmt"/>
      <line num="46" count="1" type="stmt"/>
      <line num="55" count="31" type="stmt"/>
      <line num="56" count="31" type="stmt"/>
      <line num="57" count="31" type="stmt"/>
      <line num="58" count="31" type="stmt"/>
      <line num="67" count="1" type="stmt"/>
      <line num="68" count="1" type="stmt"/>
      <line num="77" count="65" type="stmt"/>
      <line num="78" count="65" type="stmt"/>
      <line num="79" count="65" type="stmt"/>
      <line num="80" count="65" type="stmt"/>
      <line num="81" count="65" type="stmt"/>
      <line num="82" count="65" type="stmt"/>
      <line num="90" count="1" type="stmt"/>
      <line num="91" count="1" type="stmt"/>
      <line num="92" count="1" type="stmt"/>
      <line num="100" count="1" type="stmt"/>
      <line num="101" count="1" type="stmt"/>
      <line num="109" count="1" type="stmt"/>
      <line num="118" count="31" type="stmt"/>
      <line num="119" count="31" type="stmt"/>
      <line num="127" count="1" type="stmt"/>
      <line num="137" count="1" type="cond" truecount="2" falsecount="2"/>
      <line num="138" count="1" type="stmt"/>
      <line num="141" count="0" type="stmt"/>
      <line num="146" count="1" type="cond" truecount="1" falsecount="1"/>
      <line num="147" count="0" type="stmt"/>
      <line num="150" count="1" type="stmt"/>
      <line num="151" count="1" type="stmt"/>
      <line num="152" count="2" type="stmt"/>
      <line num="155" count="1" type="stmt"/>
      <line num="166" count="6" type="cond" truecount="5" falsecount="0"/>
      <line num="167" count="1" type="stmt"/>
      <line num="170" count="5" type="cond" truecount="2" falsecount="0"/>
      <line num="171" count="1" type="stmt"/>
      <line num="174" count="4" type="stmt"/>
      <line num="175" count="4" type="stmt"/>
      <line num="177" count="4" type="cond" truecount="5" falsecount="0"/>
      <line num="178" count="1" type="stmt"/>
      <line num="181" count="3" type="stmt"/>
      <line num="185" count="6" type="cond" truecount="3" falsecount="1"/>
      <line num="186" count="0" type="stmt"/>
      <line num="189" count="6" type="cond" truecount="2" falsecount="0"/>
      <line num="190" count="1" type="stmt"/>
      <line num="193" count="5" type="stmt"/>
      <line num="195" count="5" type="cond" truecount="4" falsecount="0"/>
      <line num="196" count="1" type="stmt"/>
      <line num="199" count="4" type="stmt"/>
      <line num="209" count="3" type="cond" truecount="4" falsecount="0"/>
      <line num="210" count="2" type="stmt"/>
      <line num="213" count="1" type="stmt"/>
      <line num="214" count="4" type="cond" truecount="1" falsecount="1"/>
      <line num="223" count="1" type="cond" truecount="3" falsecount="1"/>
      <line num="224" count="0" type="stmt"/>
      <line num="227" count="2" type="cond" truecount="1" falsecount="1"/>
      <line num="236" count="3" type="cond" truecount="1" falsecount="1"/>
      <line num="245" count="2" type="stmt"/>
      <line num="246" count="1" type="stmt"/>
      <line num="247" count="1" type="stmt"/>
      <line num="257" count="1" type="cond" truecount="4" falsecount="1"/>
      <line num="258" count="0" type="stmt"/>
      <line num="261" count="1" type="stmt"/>
      <line num="262" count="1" type="cond" truecount="3" falsecount="1"/>
      <line num="263" count="1" type="stmt"/>
      <line num="265" count="1" type="cond" truecount="3" falsecount="1"/>
      <line num="266" count="1" type="stmt"/>
      <line num="268" count="1" type="cond" truecount="2" falsecount="2"/>
      <line num="269" count="0" type="stmt"/>
      <line num="272" count="1" type="stmt"/>
      <line num="280" count="2" type="stmt"/>
      <line num="281" count="2" type="cond" truecount="4" falsecount="0"/>
      <line num="282" count="1" type="stmt"/>
      <line num="284" count="1" type="cond" truecount="3" falsecount="1"/>
      <line num="285" count="0" type="stmt"/>
      <line num="288" count="1" type="stmt"/>
      <line num="289" count="1" type="stmt"/>
      <line num="291" count="1" type="cond" truecount="1" falsecount="1"/>
      <line num="292" count="0" type="stmt"/>
      <line num="294" count="1" type="cond" truecount="1" falsecount="1"/>
      <line num="295" count="1" type="stmt"/>
      <line num="297" count="0" type="cond" truecount="0" falsecount="2"/>
      <line num="298" count="0" type="stmt"/>
      <line num="300" count="0" type="cond" truecount="0" falsecount="2"/>
      <line num="301" count="0" type="stmt"/>
      <line num="304" count="0" type="stmt"/>
      <line num="305" count="0" type="cond" truecount="0" falsecount="2"/>
      <line num="306" count="0" type="stmt"/>
      <line num="308" count="0" type="stmt"/>
      <line num="309" count="0" type="stmt"/>
      <line num="310" count="0" type="stmt"/>
      <line num="312" count="2" type="stmt"/>
      <line num="313" count="2" type="stmt"/>
      <line num="319" count="1" type="cond" truecount="3" falsecount="1"/>
      <line num="320" count="0" type="stmt"/>
      <line num="323" count="1" type="stmt"/>
      <line num="327" count="2" type="cond" truecount="3" falsecount="1"/>
      <line num="328" count="0" type="stmt"/>
      <line num="331" count="5" type="cond" truecount="2" falsecount="0"/>
      <line num="335" count="1" type="stmt"/>
      <line num="344" count="96" type="stmt"/>
      <line num="345" count="96" type="stmt"/>
      <line num="346" count="261" type="stmt"/>
      <line num="350" count="1" type="cond" truecount="1" falsecount="1"/>
      <line num="351" count="0" type="stmt"/>
      <line num="354" count="4" type="cond" truecount="1" falsecount="1"/>
      <line num="358" count="1" type="cond" truecount="1" falsecount="1"/>
      <line num="359" count="0" type="stmt"/>
      <line num="362" count="1" type="stmt"/>
      <line num="366" count="1" type="stmt"/>
      <line num="367" count="1" type="stmt"/>
      <line num="373" count="1" type="cond" truecount="3" falsecount="1"/>
      <line num="374" count="0" type="stmt"/>
      <line num="377" count="1" type="cond" truecount="3" falsecount="3"/>
      <line num="378" count="1" type="stmt"/>
      <line num="383" count="4" type="cond" truecount="5" falsecount="0"/>
      <line num="384" count="2" type="stmt"/>
      <line num="387" count="2" type="stmt"/>
      <line num="388" count="2" type="stmt"/>
      <line num="392" count="5" type="stmt"/>
      <line num="396" count="1" type="cond" truecount="3" falsecount="1"/>
      <line num="397" count="0" type="stmt"/>
      <line num="399" count="1" type="cond" truecount="3" falsecount="1"/>
      <line num="400" count="0" type="stmt"/>
      <line num="403" count="1" type="stmt"/>
      <line num="404" count="1" type="cond" truecount="1" falsecount="1"/>
      <line num="408" count="1" type="stmt"/>
      <line num="409" count="1" type="stmt"/>
      <line num="410" count="1" type="stmt"/>
      <line num="414" count="1" type="cond" truecount="3" falsecount="1"/>
      <line num="415" count="0" type="stmt"/>
      <line num="418" count="1" type="cond" truecount="0" falsecount="1"/>
      <line num="419" count="1" type="cond" truecount="3" falsecount="1"/>
      <line num="420" count="0" type="stmt"/>
      <line num="422" count="1" type="cond" truecount="3" falsecount="1"/>
      <line num="423" count="0" type="stmt"/>
      <line num="425" count="1" type="cond" truecount="3" falsecount="1"/>
      <line num="426" count="0" type="stmt"/>
      <line num="429" count="1" type="cond" truecount="2" falsecount="2"/>
      <line num="433" count="1" type="stmt"/>
      <line num="434" count="1" type="stmt"/>
      <line num="435" count="1" type="stmt"/>
      <line num="439" count="32" type="cond" truecount="4" falsecount="0"/>
      <line num="440" count="2" type="stmt"/>
      <line num="443" count="30" type="stmt"/>
      <line num="450" count="30" type="stmt"/>
      <line num="455" count="30" type="stmt"/>
      <line num="456" count="30" type="stmt"/>
      <line num="457" count="30" type="stmt"/>
      <line num="461" count="32" type="stmt"/>
      <line num="462" count="32" type="stmt"/>
      <line num="463" count="32" type="stmt"/>
      <line num="467" count="31" type="stmt"/>
      <line num="468" count="31" type="stmt"/>
      <line num="469" count="31" type="stmt"/>
      <line num="472" count="1" type="stmt"/>
      <line num="478" count="0" type="stmt"/>
      <line num="481" count="3" type="stmt"/>
      <line num="508" count="1" type="cond" truecount="3" falsecount="1"/>
      <line num="509" count="1" type="stmt"/>
      <line num="512" count="1" type="cond" truecount="1" falsecount="1"/>
      <line num="513" count="1" type="stmt"/>
    </file>
    <file name="ui.js" path="C:\Users\stemb\Downloads\javascript-library-capstone-debug-Lisakhanya7-main\javascript-library-capstone-debug-Lisakhanya7-main\ui.js">
      <metrics statements="234" coveredstatements="102" conditionals="179" coveredconditionals="50" methods="29" coveredmethods="12"/>
      <line num="12" count="1" type="stmt"/>
      <line num="19" count="1" type="stmt"/>
      <line num="22" count="4" type="cond" truecount="3" falsecount="1"/>
      <line num="25" count="4" type="cond" truecount="1" falsecount="1"/>
      <line num="26" count="4" type="stmt"/>
      <line num="27" count="4" type="cond" truecount="1" falsecount="1"/>
      <line num="31" count="2" type="cond" truecount="1" falsecount="1"/>
      <line num="32" count="0" type="stmt"/>
      <line num="35" count="2" type="stmt"/>
      <line num="36" count="2" type="stmt"/>
      <line num="37" count="2" type="stmt"/>
      <line num="38" count="2" type="stmt"/>
      <line num="39" count="2" type="stmt"/>
      <line num="40" count="2" type="stmt"/>
      <line num="41" count="2" type="stmt"/>
      <line num="42" count="2" type="stmt"/>
      <line num="43" count="2" type="stmt"/>
      <line num="45" count="2" type="cond" truecount="6" falsecount="0"/>
      <line num="46" count="1" type="stmt"/>
      <line num="49" count="1" type="cond" truecount="3" falsecount="1"/>
      <line num="50" count="1" type="stmt"/>
      <line num="53" count="1" type="stmt"/>
      <line num="54" count="1" type="cond" truecount="1" falsecount="1"/>
      <line num="55" count="1" type="stmt"/>
      <line num="56" count="1" type="stmt"/>
      <line num="57" count="1" type="stmt"/>
      <line num="58" count="1" type="stmt"/>
      <line num="62" count="1" type="cond" truecount="3" falsecount="1"/>
      <line num="63" count="1" type="stmt"/>
      <line num="65" count="1" type="cond" truecount="3" falsecount="1"/>
      <line num="66" count="1" type="stmt"/>
      <line num="68" count="1" type="cond" truecount="3" falsecount="1"/>
      <line num="69" count="1" type="stmt"/>
      <line num="71" count="1" type="cond" truecount="3" falsecount="1"/>
      <line num="72" count="1" type="stmt"/>
      <line num="75" count="1" type="stmt"/>
      <line num="81" count="1" type="stmt"/>
      <line num="82" count="3" type="cond" truecount="1" falsecount="1"/>
      <line num="83" count="3" type="stmt"/>
      <line num="86" count="0" type="stmt"/>
      <line num="87" count="0" type="stmt"/>
      <line num="88" count="0" type="stmt"/>
      <line num="89" count="0" type="stmt"/>
      <line num="90" count="0" type="cond" truecount="0" falsecount="4"/>
      <line num="97" count="1" type="cond" truecount="1" falsecount="1"/>
      <line num="98" count="0" type="stmt"/>
      <line num="101" count="1" type="stmt"/>
      <line num="102" count="1" type="cond" truecount="1" falsecount="1"/>
      <line num="103" count="1" type="stmt"/>
      <line num="105" count="1" type="cond" truecount="1" falsecount="1"/>
      <line num="106" count="0" type="stmt"/>
      <line num="107" count="0" type="stmt"/>
      <line num="108" count="0" type="stmt"/>
      <line num="109" count="0" type="stmt"/>
      <line num="110" count="0" type="stmt"/>
      <line num="111" count="0" type="stmt"/>
      <line num="114" count="1" type="stmt"/>
      <line num="115" count="4" type="cond" truecount="1" falsecount="1"/>
      <line num="116" count="4" type="cond" truecount="1" falsecount="1"/>
      <line num="117" count="4" type="cond" truecount="1" falsecount="1"/>
      <line num="118" count="4" type="cond" truecount="1" falsecount="1"/>
      <line num="119" count="4" type="cond" truecount="1" falsecount="1"/>
      <line num="121" count="4" type="stmt"/>
      <line num="122" count="4" type="stmt"/>
      <line num="123" count="4" type="stmt"/>
      <line num="124" count="4" type="stmt"/>
      <line num="136" count="4" type="stmt"/>
      <line num="139" count="1" type="stmt"/>
      <line num="143" count="0" type="stmt"/>
      <line num="145" count="0" type="stmt"/>
      <line num="146" count="0" type="stmt"/>
      <line num="147" count="0" type="cond" truecount="0" falsecount="2"/>
      <line num="148" count="0" type="cond" truecount="0" falsecount="2"/>
      <line num="150" count="0" type="cond" truecount="0" falsecount="4"/>
      <line num="151" count="0" type="stmt"/>
      <line num="152" count="0" type="stmt"/>
      <line num="155" count="0" type="cond" truecount="0" falsecount="2"/>
      <line num="157" count="0" type="cond" truecount="0" falsecount="2"/>
      <line num="158" count="0" type="stmt"/>
      <line num="159" count="0" type="stmt"/>
      <line num="160" count="0" type="stmt"/>
      <line num="161" count="0" type="stmt"/>
      <line num="162" count="0" type="stmt"/>
      <line num="164" count="0" type="stmt"/>
      <line num="169" count="0" type="stmt"/>
      <line num="170" count="0" type="cond" truecount="0" falsecount="2"/>
      <line num="171" count="0" type="stmt"/>
      <line num="174" count="0" type="cond" truecount="0" falsecount="2"/>
      <line num="175" count="0" type="stmt"/>
      <line num="179" count="0" type="cond" truecount="0" falsecount="2"/>
      <line num="180" count="0" type="cond" truecount="0" falsecount="2"/>
      <line num="181" count="0" type="cond" truecount="0" falsecount="2"/>
      <line num="182" count="0" type="stmt"/>
      <line num="183" count="0" type="stmt"/>
      <line num="184" count="0" type="cond" truecount="0" falsecount="2"/>
      <line num="185" count="0" type="cond" truecount="0" falsecount="3"/>
      <line num="188" count="0" type="stmt"/>
      <line num="192" count="0" type="cond" truecount="0" falsecount="2"/>
      <line num="193" count="0" type="cond" truecount="0" falsecount="2"/>
      <line num="194" count="0" type="cond" truecount="0" falsecount="2"/>
      <line num="195" count="0" type="cond" truecount="0" falsecount="2"/>
      <line num="196" count="0" type="cond" truecount="0" falsecount="3"/>
      <line num="197" count="0" type="cond" truecount="0" falsecount="2"/>
      <line num="200" count="0" type="stmt"/>
      <line num="204" count="0" type="stmt"/>
      <line num="205" count="0" type="stmt"/>
      <line num="209" count="0" type="stmt"/>
      <line num="211" count="0" type="stmt"/>
      <line num="212" count="0" type="stmt"/>
      <line num="217" count="0" type="stmt"/>
      <line num="218" count="0" type="cond" truecount="0" falsecount="2"/>
      <line num="219" count="0" type="cond" truecount="0" falsecount="5"/>
      <line num="220" count="0" type="stmt"/>
      <line num="222" count="0" type="stmt"/>
      <line num="223" count="0" type="stmt"/>
      <line num="224" count="0" type="stmt"/>
      <line num="225" count="0" type="stmt"/>
      <line num="226" count="0" type="cond" truecount="0" falsecount="2"/>
      <line num="227" count="0" type="stmt"/>
      <line num="229" count="0" type="stmt"/>
      <line num="234" count="0" type="stmt"/>
      <line num="235" count="0" type="cond" truecount="0" falsecount="2"/>
      <line num="236" count="0" type="cond" truecount="0" falsecount="2"/>
      <line num="238" count="0" type="stmt"/>
      <line num="243" count="0" type="stmt"/>
      <line num="244" count="0" type="stmt"/>
      <line num="245" count="0" type="stmt"/>
      <line num="247" count="0" type="cond" truecount="0" falsecount="4"/>
      <line num="248" count="0" type="stmt"/>
      <line num="251" count="0" type="stmt"/>
      <line num="252" count="0" type="stmt"/>
      <line num="253" count="0" type="stmt"/>
      <line num="254" count="0" type="cond" truecount="0" falsecount="2"/>
      <line num="255" count="0" type="cond" truecount="0" falsecount="2"/>
      <line num="256" count="0" type="stmt"/>
      <line num="257" count="0" type="cond" truecount="0" falsecount="2"/>
      <line num="258" count="0" type="stmt"/>
      <line num="260" count="0" type="stmt"/>
      <line num="265" count="0" type="cond" truecount="0" falsecount="2"/>
      <line num="266" count="0" type="stmt"/>
      <line num="269" count="0" type="cond" truecount="0" falsecount="2"/>
      <line num="270" count="0" type="cond" truecount="0" falsecount="2"/>
      <line num="271" count="0" type="stmt"/>
      <line num="272" count="0" type="stmt"/>
      <line num="275" count="0" type="stmt"/>
      <line num="287" count="1" type="stmt"/>
      <line num="288" count="1" type="stmt"/>
      <line num="289" count="1" type="stmt"/>
      <line num="291" count="1" type="cond" truecount="1" falsecount="1"/>
      <line num="292" count="1" type="cond" truecount="1" falsecount="1"/>
      <line num="294" count="1" type="cond" truecount="1" falsecount="1"/>
      <line num="295" count="1" type="stmt"/>
      <line num="297" count="1" type="cond" truecount="1" falsecount="1"/>
      <line num="298" count="1" type="stmt"/>
      <line num="300" count="1" type="cond" truecount="1" falsecount="1"/>
      <line num="301" count="4" type="cond" truecount="1" falsecount="1"/>
      <line num="306" count="1" type="cond" truecount="1" falsecount="1"/>
      <line num="307" count="0" type="stmt"/>
      <line num="310" count="1" type="stmt"/>
      <line num="311" count="1" type="stmt"/>
      <line num="312" count="1" type="stmt"/>
      <line num="313" count="1" type="stmt"/>
      <line num="332" count="1" type="stmt"/>
      <line num="333" count="1" type="stmt"/>
      <line num="337" count="0" type="stmt"/>
      <line num="338" count="0" type="stmt"/>
      <line num="339" count="0" type="stmt"/>
      <line num="340" count="0" type="stmt"/>
      <line num="342" count="0" type="cond" truecount="0" falsecount="5"/>
      <line num="343" count="0" type="stmt"/>
      <line num="346" count="0" type="stmt"/>
      <line num="347" count="0" type="cond" truecount="0" falsecount="2"/>
      <line num="348" count="0" type="stmt"/>
      <line num="349" count="0" type="stmt"/>
      <line num="352" count="0" type="stmt"/>
      <line num="353" count="0" type="stmt"/>
      <line num="354" count="0" type="stmt"/>
      <line num="355" count="0" type="stmt"/>
      <line num="359" count="1" type="cond" truecount="1" falsecount="1"/>
      <line num="360" count="0" type="stmt"/>
      <line num="363" count="1" type="stmt"/>
      <line num="364" count="1" type="stmt"/>
      <line num="365" count="1" type="stmt"/>
      <line num="366" count="1" type="stmt"/>
      <line num="398" count="1" type="stmt"/>
      <line num="399" count="1" type="stmt"/>
      <line num="403" count="0" type="stmt"/>
      <line num="405" count="0" type="stmt"/>
      <line num="406" count="0" type="stmt"/>
      <line num="407" count="0" type="stmt"/>
      <line num="408" count="0" type="stmt"/>
      <line num="409" count="0" type="stmt"/>
      <line num="410" count="0" type="stmt"/>
      <line num="412" count="0" type="cond" truecount="0" falsecount="8"/>
      <line num="413" count="0" type="stmt"/>
      <line num="416" count="0" type="stmt"/>
      <line num="425" count="0" type="cond" truecount="0" falsecount="2"/>
      <line num="426" count="0" type="stmt"/>
      <line num="427" count="0" type="stmt"/>
      <line num="430" count="0" type="stmt"/>
      <line num="431" count="0" type="stmt"/>
      <line num="432" count="0" type="stmt"/>
      <line num="433" count="0" type="stmt"/>
      <line num="434" count="0" type="stmt"/>
      <line num="438" count="1" type="cond" truecount="1" falsecount="1"/>
      <line num="439" count="0" type="stmt"/>
      <line num="442" count="1" type="stmt"/>
      <line num="443" count="1" type="stmt"/>
      <line num="445" count="1" type="cond" truecount="1" falsecount="1"/>
      <line num="446" count="2" type="stmt"/>
      <line num="447" count="2" type="stmt"/>
      <line num="448" count="2" type="stmt"/>
      <line num="454" count="2" type="stmt"/>
      <line num="457" count="1" type="stmt"/>
      <line num="461" count="0" type="cond" truecount="0" falsecount="2"/>
      <line num="462" count="0" type="stmt"/>
      <line num="465" count="0" type="stmt"/>
      <line num="466" count="0" type="stmt"/>
      <line num="467" count="0" type="stmt"/>
      <line num="468" count="0" type="stmt"/>
      <line num="472" count="1" type="cond" truecount="1" falsecount="1"/>
      <line num="473" count="1" type="cond" truecount="1" falsecount="1"/>
      <line num="474" count="0" type="stmt"/>
      <line num="476" count="1" type="stmt"/>
      <line num="480" count="1" type="cond" truecount="1" falsecount="1"/>
      <line num="481" count="1" type="stmt"/>
      <line num="482" count="1" type="stmt"/>
      <line num="483" count="1" type="stmt"/>
      <line num="484" count="1" type="stmt"/>
      <line num="485" count="1" type="stmt"/>
      <line num="486" count="1" type="stmt"/>
      <line num="487" count="1" type="stmt"/>
      <line num="488" count="1" type="stmt"/>
      <line num="489" count="1" type="stmt"/>
    </file>
  </project>
</coverage>
