<?xml version="1.0" encoding="UTF-8"?>
<coverage generated="1783929748602" clover="3.2.0">
  <project timestamp="1783929748603" name="All files">
    <metrics statements="178" coveredstatements="146" conditionals="167" coveredconditionals="114" methods="48" coveredmethods="45" elements="393" coveredelements="305" complexity="0" loc="178" ncloc="178" packages="1" files="1" classes="1"/>
    <file name="library.js" path="C:\Users\stemb\Videos\Captures\library.js">
      <metrics statements="178" coveredstatements="146" conditionals="167" coveredconditionals="114" methods="48" coveredmethods="45"/>
      <line num="4" count="1" type="stmt"/>
      <line num="5" count="1" type="stmt"/>
      <line num="6" count="1" type="stmt"/>
      <line num="7" count="1" type="stmt"/>
      <line num="12" count="120" type="stmt"/>
      <line num="13" count="120" type="stmt"/>
      <line num="14" count="120" type="stmt"/>
      <line num="15" count="120" type="stmt"/>
      <line num="16" count="120" type="stmt"/>
      <line num="17" count="120" type="cond" truecount="1" falsecount="1"/>
      <line num="18" count="120" type="cond" truecount="1" falsecount="1"/>
      <line num="19" count="120" type="stmt"/>
      <line num="25" count="3" type="stmt"/>
      <line num="29" count="2" type="stmt"/>
      <line num="34" count="1" type="cond" truecount="1" falsecount="1"/>
      <line num="35" count="0" type="stmt"/>
      <line num="37" count="1" type="stmt"/>
      <line num="38" count="1" type="stmt"/>
      <line num="39" count="1" type="stmt"/>
      <line num="47" count="29" type="stmt"/>
      <line num="48" count="29" type="stmt"/>
      <line num="49" count="29" type="stmt"/>
      <line num="50" count="29" type="stmt"/>
      <line num="55" count="1" type="stmt"/>
      <line num="56" count="1" type="stmt"/>
      <line num="63" count="61" type="stmt"/>
      <line num="64" count="61" type="stmt"/>
      <line num="65" count="61" type="stmt"/>
      <line num="66" count="61" type="stmt"/>
      <line num="67" count="61" type="stmt"/>
      <line num="68" count="61" type="stmt"/>
      <line num="74" count="1" type="stmt"/>
      <line num="75" count="1" type="stmt"/>
      <line num="76" count="1" type="stmt"/>
      <line num="80" count="1" type="stmt"/>
      <line num="81" count="1" type="stmt"/>
      <line num="86" count="1" type="stmt"/>
      <line num="93" count="29" type="stmt"/>
      <line num="94" count="29" type="stmt"/>
      <line num="99" count="1" type="stmt"/>
      <line num="105" count="1" type="cond" truecount="2" falsecount="2"/>
      <line num="106" count="1" type="stmt"/>
      <line num="109" count="0" type="stmt"/>
      <line num="114" count="1" type="cond" truecount="1" falsecount="1"/>
      <line num="115" count="0" type="stmt"/>
      <line num="118" count="1" type="stmt"/>
      <line num="119" count="1" type="stmt"/>
      <line num="120" count="2" type="stmt"/>
      <line num="123" count="1" type="stmt"/>
      <line num="128" count="6" type="cond" truecount="5" falsecount="0"/>
      <line num="129" count="1" type="stmt"/>
      <line num="132" count="5" type="cond" truecount="2" falsecount="0"/>
      <line num="133" count="1" type="stmt"/>
      <line num="136" count="4" type="stmt"/>
      <line num="137" count="4" type="stmt"/>
      <line num="139" count="4" type="cond" truecount="5" falsecount="0"/>
      <line num="140" count="1" type="stmt"/>
      <line num="143" count="3" type="stmt"/>
      <line num="147" count="6" type="cond" truecount="3" falsecount="1"/>
      <line num="148" count="0" type="stmt"/>
      <line num="151" count="6" type="cond" truecount="2" falsecount="0"/>
      <line num="152" count="1" type="stmt"/>
      <line num="155" count="5" type="stmt"/>
      <line num="157" count="5" type="cond" truecount="4" falsecount="0"/>
      <line num="158" count="1" type="stmt"/>
      <line num="161" count="4" type="stmt"/>
      <line num="166" count="3" type="cond" truecount="4" falsecount="0"/>
      <line num="167" count="2" type="stmt"/>
      <line num="170" count="4" type="stmt"/>
      <line num="175" count="1" type="cond" truecount="3" falsecount="1"/>
      <line num="176" count="0" type="stmt"/>
      <line num="179" count="2" type="cond" truecount="1" falsecount="1"/>
      <line num="184" count="3" type="cond" truecount="1" falsecount="1"/>
      <line num="189" count="2" type="stmt"/>
      <line num="190" count="1" type="stmt"/>
      <line num="191" count="1" type="stmt"/>
      <line num="196" count="1" type="cond" truecount="4" falsecount="1"/>
      <line num="197" count="0" type="stmt"/>
      <line num="200" count="1" type="stmt"/>
      <line num="201" count="1" type="cond" truecount="3" falsecount="1"/>
      <line num="202" count="1" type="stmt"/>
      <line num="204" count="1" type="cond" truecount="3" falsecount="1"/>
      <line num="205" count="1" type="stmt"/>
      <line num="207" count="1" type="cond" truecount="2" falsecount="2"/>
      <line num="208" count="0" type="stmt"/>
      <line num="211" count="1" type="stmt"/>
      <line num="219" count="2" type="stmt"/>
      <line num="220" count="2" type="cond" truecount="4" falsecount="0"/>
      <line num="221" count="1" type="stmt"/>
      <line num="223" count="1" type="cond" truecount="3" falsecount="1"/>
      <line num="224" count="0" type="stmt"/>
      <line num="227" count="1" type="stmt"/>
      <line num="228" count="1" type="stmt"/>
      <line num="230" count="1" type="cond" truecount="1" falsecount="1"/>
      <line num="231" count="0" type="stmt"/>
      <line num="233" count="1" type="cond" truecount="1" falsecount="1"/>
      <line num="234" count="1" type="stmt"/>
      <line num="236" count="0" type="cond" truecount="0" falsecount="2"/>
      <line num="237" count="0" type="stmt"/>
      <line num="239" count="0" type="cond" truecount="0" falsecount="2"/>
      <line num="240" count="0" type="stmt"/>
      <line num="243" count="0" type="stmt"/>
      <line num="244" count="0" type="cond" truecount="0" falsecount="2"/>
      <line num="245" count="0" type="stmt"/>
      <line num="247" count="0" type="stmt"/>
      <line num="248" count="0" type="stmt"/>
      <line num="249" count="0" type="stmt"/>
      <line num="251" count="2" type="stmt"/>
      <line num="252" count="2" type="stmt"/>
      <line num="258" count="1" type="cond" truecount="3" falsecount="1"/>
      <line num="259" count="0" type="stmt"/>
      <line num="262" count="1" type="stmt"/>
      <line num="266" count="2" type="cond" truecount="3" falsecount="1"/>
      <line num="267" count="0" type="stmt"/>
      <line num="270" count="5" type="cond" truecount="2" falsecount="0"/>
      <line num="274" count="1" type="stmt"/>
      <line num="283" count="89" type="stmt"/>
      <line num="284" count="89" type="stmt"/>
      <line num="285" count="241" type="stmt"/>
      <line num="289" count="1" type="cond" truecount="1" falsecount="1"/>
      <line num="290" count="0" type="stmt"/>
      <line num="293" count="4" type="cond" truecount="1" falsecount="1"/>
      <line num="297" count="1" type="cond" truecount="1" falsecount="1"/>
      <line num="298" count="0" type="stmt"/>
      <line num="301" count="1" type="stmt"/>
      <line num="305" count="1" type="stmt"/>
      <line num="306" count="1" type="stmt"/>
      <line num="312" count="1" type="cond" truecount="3" falsecount="1"/>
      <line num="313" count="0" type="stmt"/>
      <line num="316" count="1" type="cond" truecount="3" falsecount="3"/>
      <line num="317" count="1" type="stmt"/>
      <line num="322" count="4" type="cond" truecount="5" falsecount="0"/>
      <line num="323" count="2" type="stmt"/>
      <line num="326" count="2" type="stmt"/>
      <line num="327" count="2" type="stmt"/>
      <line num="331" count="3" type="stmt"/>
      <line num="335" count="1" type="cond" truecount="3" falsecount="1"/>
      <line num="336" count="0" type="stmt"/>
      <line num="338" count="1" type="cond" truecount="3" falsecount="1"/>
      <line num="339" count="0" type="stmt"/>
      <line num="342" count="1" type="stmt"/>
      <line num="343" count="1" type="cond" truecount="1" falsecount="1"/>
      <line num="347" count="1" type="stmt"/>
      <line num="348" count="1" type="stmt"/>
      <line num="349" count="1" type="stmt"/>
      <line num="353" count="1" type="cond" truecount="3" falsecount="1"/>
      <line num="354" count="0" type="stmt"/>
      <line num="357" count="1" type="cond" truecount="0" falsecount="1"/>
      <line num="358" count="1" type="cond" truecount="3" falsecount="1"/>
      <line num="359" count="0" type="stmt"/>
      <line num="361" count="1" type="cond" truecount="3" falsecount="1"/>
      <line num="362" count="0" type="stmt"/>
      <line num="364" count="1" type="cond" truecount="3" falsecount="1"/>
      <line num="365" count="0" type="stmt"/>
      <line num="368" count="1" type="cond" truecount="2" falsecount="2"/>
      <line num="372" count="1" type="stmt"/>
      <line num="373" count="1" type="stmt"/>
      <line num="374" count="1" type="stmt"/>
      <line num="378" count="29" type="cond" truecount="4" falsecount="0"/>
      <line num="379" count="1" type="stmt"/>
      <line num="382" count="28" type="stmt"/>
      <line num="389" count="28" type="stmt"/>
      <line num="394" count="28" type="stmt"/>
      <line num="395" count="28" type="stmt"/>
      <line num="396" count="28" type="stmt"/>
      <line num="400" count="29" type="stmt"/>
      <line num="401" count="29" type="stmt"/>
      <line num="402" count="29" type="stmt"/>
      <line num="406" count="29" type="stmt"/>
      <line num="407" count="29" type="stmt"/>
      <line num="408" count="29" type="stmt"/>
      <line num="411" count="1" type="stmt"/>
      <line num="417" count="0" type="stmt"/>
      <line num="420" count="1" type="stmt"/>
      <line num="447" count="1" type="cond" truecount="3" falsecount="1"/>
      <line num="448" count="1" type="stmt"/>
      <line num="451" count="1" type="cond" truecount="1" falsecount="1"/>
      <line num="452" count="0" type="stmt"/>
    </file>
  </project>
</coverage>
