{"C:\\Users\\stemb\\Videos\\Captures\\library.js": {"path":"C:\\Users\\stemb\\Videos\\Captures\\library.js","statementMap":{"0":{"start":{"line":4,"column":12},"end":{"line":4,"column":14}},"1":{"start":{"line":5,"column":14},"end":{"line":5,"column":16}},"2":{"start":{"line":6,"column":25},"end":{"line":6,"column":29}},"3":{"start":{"line":7,"column":29},"end":{"line":7,"column":30}},"4":{"start":{"line":12,"column":8},"end":{"line":12,"column":25}},"5":{"start":{"line":13,"column":8},"end":{"line":13,"column":27}},"6":{"start":{"line":14,"column":8},"end":{"line":14,"column":29}},"7":{"start":{"line":15,"column":8},"end":{"line":15,"column":25}},"8":{"start":{"line":16,"column":8},"end":{"line":16,"column":33}},"9":{"start":{"line":17,"column":8},"end":{"line":17,"column":47}},"10":{"start":{"line":18,"column":8},"end":{"line":18,"column":51}},"11":{"start":{"line":19,"column":8},"end":{"line":19,"column":29}},"12":{"start":{"line":25,"column":8},"end":{"line":25,"column":40}},"13":{"start":{"line":29,"column":8},"end":{"line":29,"column":84}},"14":{"start":{"line":34,"column":8},"end":{"line":36,"column":9}},"15":{"start":{"line":35,"column":12},"end":{"line":35,"column":25}},"16":{"start":{"line":37,"column":8},"end":{"line":37,"column":34}},"17":{"start":{"line":38,"column":8},"end":{"line":38,"column":96}},"18":{"start":{"line":39,"column":8},"end":{"line":39,"column":20}},"19":{"start":{"line":47,"column":8},"end":{"line":47,"column":62}},"20":{"start":{"line":48,"column":8},"end":{"line":48,"column":33}},"21":{"start":{"line":49,"column":8},"end":{"line":49,"column":29}},"22":{"start":{"line":50,"column":8},"end":{"line":50,"column":27}},"23":{"start":{"line":55,"column":8},"end":{"line":55,"column":28}},"24":{"start":{"line":56,"column":8},"end":{"line":56,"column":54}},"25":{"start":{"line":63,"column":8},"end":{"line":63,"column":21}},"26":{"start":{"line":64,"column":8},"end":{"line":64,"column":25}},"27":{"start":{"line":65,"column":8},"end":{"line":65,"column":27}},"28":{"start":{"line":66,"column":8},"end":{"line":66,"column":45}},"29":{"start":{"line":67,"column":8},"end":{"line":67,"column":32}},"30":{"start":{"line":68,"column":8},"end":{"line":68,"column":49}},"31":{"start":{"line":74,"column":22},"end":{"line":74,"column":45}},"32":{"start":{"line":75,"column":20},"end":{"line":75,"column":30}},"33":{"start":{"line":76,"column":8},"end":{"line":76,"column":78}},"34":{"start":{"line":80,"column":52},"end":{"line":80,"column":56}},"35":{"start":{"line":81,"column":8},"end":{"line":81,"column":64}},"36":{"start":{"line":86,"column":8},"end":{"line":86,"column":64}},"37":{"start":{"line":93,"column":8},"end":{"line":93,"column":42}},"38":{"start":{"line":94,"column":8},"end":{"line":94,"column":71}},"39":{"start":{"line":99,"column":8},"end":{"line":99,"column":46}},"40":{"start":{"line":105,"column":4},"end":{"line":107,"column":5}},"41":{"start":{"line":106,"column":8},"end":{"line":106,"column":18}},"42":{"start":{"line":109,"column":4},"end":{"line":109,"column":110}},"43":{"start":{"line":109,"column":35},"end":{"line":109,"column":108}},"44":{"start":{"line":109,"column":70},"end":{"line":109,"column":107}},"45":{"start":{"line":114,"column":4},"end":{"line":116,"column":5}},"46":{"start":{"line":115,"column":8},"end":{"line":115,"column":18}},"47":{"start":{"line":118,"column":22},"end":{"line":118,"column":24}},"48":{"start":{"line":119,"column":4},"end":{"line":121,"column":5}},"49":{"start":{"line":120,"column":8},"end":{"line":120,"column":52}},"50":{"start":{"line":123,"column":4},"end":{"line":123,"column":21}},"51":{"start":{"line":128,"column":4},"end":{"line":130,"column":5}},"52":{"start":{"line":129,"column":8},"end":{"line":129,"column":18}},"53":{"start":{"line":132,"column":4},"end":{"line":134,"column":5}},"54":{"start":{"line":133,"column":8},"end":{"line":133,"column":18}},"55":{"start":{"line":136,"column":24},"end":{"line":136,"column":39}},"56":{"start":{"line":137,"column":22},"end":{"line":137,"column":74}},"57":{"start":{"line":139,"column":4},"end":{"line":141,"column":5}},"58":{"start":{"line":140,"column":8},"end":{"line":140,"column":43}},"59":{"start":{"line":143,"column":4},"end":{"line":143,"column":21}},"60":{"start":{"line":147,"column":4},"end":{"line":149,"column":5}},"61":{"start":{"line":148,"column":8},"end":{"line":148,"column":20}},"62":{"start":{"line":151,"column":4},"end":{"line":153,"column":5}},"63":{"start":{"line":152,"column":8},"end":{"line":152,"column":20}},"64":{"start":{"line":155,"column":24},"end":{"line":155,"column":36}},"65":{"start":{"line":157,"column":4},"end":{"line":159,"column":5}},"66":{"start":{"line":158,"column":8},"end":{"line":158,"column":27}},"67":{"start":{"line":161,"column":4},"end":{"line":161,"column":52}},"68":{"start":{"line":166,"column":4},"end":{"line":168,"column":5}},"69":{"start":{"line":167,"column":8},"end":{"line":167,"column":18}},"70":{"start":{"line":170,"column":4},"end":{"line":170,"column":97}},"71":{"start":{"line":170,"column":34},"end":{"line":170,"column":95}},"72":{"start":{"line":175,"column":4},"end":{"line":177,"column":5}},"73":{"start":{"line":176,"column":8},"end":{"line":176,"column":17}},"74":{"start":{"line":179,"column":4},"end":{"line":179,"column":121}},"75":{"start":{"line":179,"column":62},"end":{"line":179,"column":116}},"76":{"start":{"line":184,"column":4},"end":{"line":184,"column":125}},"77":{"start":{"line":184,"column":56},"end":{"line":184,"column":119}},"78":{"start":{"line":189,"column":23},"end":{"line":189,"column":63}},"79":{"start":{"line":189,"column":49},"end":{"line":189,"column":62}},"80":{"start":{"line":190,"column":4},"end":{"line":190,"column":30}},"81":{"start":{"line":191,"column":4},"end":{"line":191,"column":29}},"82":{"start":{"line":196,"column":4},"end":{"line":198,"column":5}},"83":{"start":{"line":197,"column":8},"end":{"line":197,"column":22}},"84":{"start":{"line":200,"column":44},"end":{"line":200,"column":51}},"85":{"start":{"line":201,"column":4},"end":{"line":203,"column":5}},"86":{"start":{"line":202,"column":8},"end":{"line":202,"column":34}},"87":{"start":{"line":204,"column":4},"end":{"line":206,"column":5}},"88":{"start":{"line":205,"column":8},"end":{"line":205,"column":36}},"89":{"start":{"line":207,"column":4},"end":{"line":209,"column":5}},"90":{"start":{"line":208,"column":8},"end":{"line":208,"column":54}},"91":{"start":{"line":211,"column":4},"end":{"line":211,"column":18}},"92":{"start":{"line":219,"column":4},"end":{"line":253,"column":5}},"93":{"start":{"line":220,"column":8},"end":{"line":222,"column":9}},"94":{"start":{"line":221,"column":12},"end":{"line":221,"column":54}},"95":{"start":{"line":223,"column":8},"end":{"line":225,"column":9}},"96":{"start":{"line":224,"column":12},"end":{"line":224,"column":49}},"97":{"start":{"line":227,"column":23},"end":{"line":227,"column":54}},"98":{"start":{"line":228,"column":21},"end":{"line":228,"column":48}},"99":{"start":{"line":230,"column":8},"end":{"line":232,"column":9}},"100":{"start":{"line":231,"column":12},"end":{"line":231,"column":49}},"101":{"start":{"line":233,"column":8},"end":{"line":235,"column":9}},"102":{"start":{"line":234,"column":12},"end":{"line":234,"column":47}},"103":{"start":{"line":236,"column":8},"end":{"line":238,"column":9}},"104":{"start":{"line":237,"column":12},"end":{"line":237,"column":68}},"105":{"start":{"line":239,"column":8},"end":{"line":241,"column":9}},"106":{"start":{"line":240,"column":12},"end":{"line":240,"column":52}},"107":{"start":{"line":243,"column":25},"end":{"line":243,"column":49}},"108":{"start":{"line":244,"column":8},"end":{"line":246,"column":9}},"109":{"start":{"line":245,"column":12},"end":{"line":245,"column":67}},"110":{"start":{"line":247,"column":8},"end":{"line":247,"column":45}},"111":{"start":{"line":248,"column":8},"end":{"line":248,"column":35}},"112":{"start":{"line":249,"column":8},"end":{"line":249,"column":20}},"113":{"start":{"line":251,"column":8},"end":{"line":251,"column":37}},"114":{"start":{"line":252,"column":8},"end":{"line":252,"column":21}},"115":{"start":{"line":258,"column":4},"end":{"line":260,"column":5}},"116":{"start":{"line":259,"column":8},"end":{"line":259,"column":25}},"117":{"start":{"line":262,"column":4},"end":{"line":262,"column":61}},"118":{"start":{"line":262,"column":36},"end":{"line":262,"column":59}},"119":{"start":{"line":266,"column":4},"end":{"line":268,"column":5}},"120":{"start":{"line":267,"column":8},"end":{"line":267,"column":20}},"121":{"start":{"line":270,"column":4},"end":{"line":270,"column":102}},"122":{"start":{"line":270,"column":32},"end":{"line":270,"column":57}},"123":{"start":{"line":274,"column":21},"end":{"line":308,"column":1}},"124":{"start":{"line":283,"column":8},"end":{"line":283,"column":39}},"125":{"start":{"line":284,"column":8},"end":{"line":284,"column":43}},"126":{"start":{"line":285,"column":8},"end":{"line":285,"column":96}},"127":{"start":{"line":285,"column":61},"end":{"line":285,"column":91}},"128":{"start":{"line":289,"column":8},"end":{"line":291,"column":9}},"129":{"start":{"line":290,"column":12},"end":{"line":290,"column":24}},"130":{"start":{"line":293,"column":8},"end":{"line":293,"column":161}},"131":{"start":{"line":293,"column":59},"end":{"line":293,"column":148}},"132":{"start":{"line":297,"column":8},"end":{"line":299,"column":9}},"133":{"start":{"line":298,"column":12},"end":{"line":298,"column":21}},"134":{"start":{"line":301,"column":8},"end":{"line":301,"column":69}},"135":{"start":{"line":305,"column":62},"end":{"line":305,"column":66}},"136":{"start":{"line":306,"column":8},"end":{"line":306,"column":61}},"137":{"start":{"line":312,"column":4},"end":{"line":314,"column":5}},"138":{"start":{"line":313,"column":8},"end":{"line":313,"column":18}},"139":{"start":{"line":316,"column":17},"end":{"line":316,"column":117}},"140":{"start":{"line":317,"column":4},"end":{"line":317,"column":37}},"141":{"start":{"line":322,"column":4},"end":{"line":324,"column":5}},"142":{"start":{"line":323,"column":8},"end":{"line":323,"column":17}},"143":{"start":{"line":326,"column":17},"end":{"line":326,"column":44}},"144":{"start":{"line":327,"column":4},"end":{"line":327,"column":35}},"145":{"start":{"line":331,"column":4},"end":{"line":331,"column":17}},"146":{"start":{"line":335,"column":4},"end":{"line":337,"column":5}},"147":{"start":{"line":336,"column":8},"end":{"line":336,"column":20}},"148":{"start":{"line":338,"column":4},"end":{"line":340,"column":5}},"149":{"start":{"line":339,"column":8},"end":{"line":339,"column":20}},"150":{"start":{"line":342,"column":19},"end":{"line":342,"column":69}},"151":{"start":{"line":343,"column":19},"end":{"line":345,"column":71}},"152":{"start":{"line":347,"column":4},"end":{"line":347,"column":25}},"153":{"start":{"line":348,"column":4},"end":{"line":348,"column":31}},"154":{"start":{"line":349,"column":4},"end":{"line":349,"column":18}},"155":{"start":{"line":353,"column":4},"end":{"line":355,"column":5}},"156":{"start":{"line":354,"column":8},"end":{"line":354,"column":20}},"157":{"start":{"line":357,"column":90},"end":{"line":357,"column":98}},"158":{"start":{"line":358,"column":4},"end":{"line":360,"column":5}},"159":{"start":{"line":359,"column":8},"end":{"line":359,"column":20}},"160":{"start":{"line":361,"column":4},"end":{"line":363,"column":5}},"161":{"start":{"line":362,"column":8},"end":{"line":362,"column":20}},"162":{"start":{"line":364,"column":4},"end":{"line":366,"column":5}},"163":{"start":{"line":365,"column":8},"end":{"line":365,"column":20}},"164":{"start":{"line":368,"column":27},"end":{"line":370,"column":133}},"165":{"start":{"line":372,"column":4},"end":{"line":372,"column":31}},"166":{"start":{"line":373,"column":4},"end":{"line":373,"column":31}},"167":{"start":{"line":374,"column":4},"end":{"line":374,"column":26}},"168":{"start":{"line":378,"column":4},"end":{"line":380,"column":5}},"169":{"start":{"line":379,"column":8},"end":{"line":379,"column":15}},"170":{"start":{"line":382,"column":24},"end":{"line":387,"column":5}},"171":{"start":{"line":389,"column":26},"end":{"line":392,"column":5}},"172":{"start":{"line":394,"column":4},"end":{"line":394,"column":31}},"173":{"start":{"line":395,"column":4},"end":{"line":395,"column":35}},"174":{"start":{"line":396,"column":4},"end":{"line":396,"column":31}},"175":{"start":{"line":400,"column":4},"end":{"line":400,"column":18}},"176":{"start":{"line":401,"column":4},"end":{"line":401,"column":31}},"177":{"start":{"line":402,"column":4},"end":{"line":402,"column":30}},"178":{"start":{"line":406,"column":4},"end":{"line":406,"column":15}},"179":{"start":{"line":407,"column":4},"end":{"line":407,"column":17}},"180":{"start":{"line":408,"column":4},"end":{"line":408,"column":31}},"181":{"start":{"line":411,"column":19},"end":{"line":445,"column":1}},"182":{"start":{"line":417,"column":8},"end":{"line":417,"column":21}},"183":{"start":{"line":420,"column":8},"end":{"line":420,"column":23}},"184":{"start":{"line":447,"column":0},"end":{"line":449,"column":1}},"185":{"start":{"line":448,"column":4},"end":{"line":448,"column":32}},"186":{"start":{"line":451,"column":0},"end":{"line":453,"column":1}},"187":{"start":{"line":452,"column":4},"end":{"line":452,"column":35}}},"fnMap":{"0":{"name":"(anonymous_0)","decl":{"start":{"line":11,"column":4},"end":{"line":11,"column":5}},"loc":{"start":{"line":11,"column":73},"end":{"line":20,"column":5}},"line":11},"1":{"name":"(anonymous_1)","decl":{"start":{"line":24,"column":4},"end":{"line":24,"column":5}},"loc":{"start":{"line":24,"column":18},"end":{"line":26,"column":5}},"line":24},"2":{"name":"(anonymous_2)","decl":{"start":{"line":28,"column":4},"end":{"line":28,"column":5}},"loc":{"start":{"line":28,"column":14},"end":{"line":30,"column":5}},"line":28},"3":{"name":"(anonymous_3)","decl":{"start":{"line":32,"column":4},"end":{"line":32,"column":5}},"loc":{"start":{"line":32,"column":23},"end":{"line":40,"column":5}},"line":32},"4":{"name":"(anonymous_4)","decl":{"start":{"line":45,"column":4},"end":{"line":45,"column":5}},"loc":{"start":{"line":45,"column":73},"end":{"line":51,"column":5}},"line":45},"5":{"name":"(anonymous_5)","decl":{"start":{"line":53,"column":4},"end":{"line":53,"column":5}},"loc":{"start":{"line":53,"column":23},"end":{"line":57,"column":5}},"line":53},"6":{"name":"(anonymous_6)","decl":{"start":{"line":62,"column":4},"end":{"line":62,"column":5}},"loc":{"start":{"line":62,"column":62},"end":{"line":69,"column":5}},"line":62},"7":{"name":"(anonymous_7)","decl":{"start":{"line":73,"column":4},"end":{"line":73,"column":5}},"loc":{"start":{"line":73,"column":28},"end":{"line":77,"column":5}},"line":73},"8":{"name":"(anonymous_8)","decl":{"start":{"line":79,"column":4},"end":{"line":79,"column":5}},"loc":{"start":{"line":79,"column":20},"end":{"line":82,"column":5}},"line":79},"9":{"name":"(anonymous_9)","decl":{"start":{"line":84,"column":4},"end":{"line":84,"column":5}},"loc":{"start":{"line":84,"column":16},"end":{"line":87,"column":5}},"line":84},"10":{"name":"(anonymous_10)","decl":{"start":{"line":92,"column":4},"end":{"line":92,"column":5}},"loc":{"start":{"line":92,"column":33},"end":{"line":95,"column":5}},"line":92},"11":{"name":"(anonymous_11)","decl":{"start":{"line":98,"column":4},"end":{"line":98,"column":5}},"loc":{"start":{"line":98,"column":16},"end":{"line":100,"column":5}},"line":98},"12":{"name":"findOverdueBooks","decl":{"start":{"line":104,"column":9},"end":{"line":104,"column":25}},"loc":{"start":{"line":104,"column":39},"end":{"line":110,"column":1}},"line":104},"13":{"name":"(anonymous_13)","decl":{"start":{"line":109,"column":25},"end":{"line":109,"column":26}},"loc":{"start":{"line":109,"column":35},"end":{"line":109,"column":108}},"line":109},"14":{"name":"(anonymous_14)","decl":{"start":{"line":109,"column":58},"end":{"line":109,"column":59}},"loc":{"start":{"line":109,"column":70},"end":{"line":109,"column":107}},"line":109},"15":{"name":"processReturnQueue","decl":{"start":{"line":113,"column":9},"end":{"line":113,"column":27}},"loc":{"start":{"line":113,"column":35},"end":{"line":124,"column":1}},"line":113},"16":{"name":"searchBooksByCategory","decl":{"start":{"line":127,"column":9},"end":{"line":127,"column":30}},"loc":{"start":{"line":127,"column":62},"end":{"line":144,"column":1}},"line":127},"17":{"name":"findBookByISBNRecursive","decl":{"start":{"line":146,"column":9},"end":{"line":146,"column":32}},"loc":{"start":{"line":146,"column":50},"end":{"line":162,"column":1}},"line":146},"18":{"name":"getBooksByAuthor","decl":{"start":{"line":165,"column":9},"end":{"line":165,"column":25}},"loc":{"start":{"line":165,"column":38},"end":{"line":171,"column":1}},"line":165},"19":{"name":"(anonymous_19)","decl":{"start":{"line":170,"column":24},"end":{"line":170,"column":25}},"loc":{"start":{"line":170,"column":34},"end":{"line":170,"column":95}},"line":170},"20":{"name":"calculateTotalLateFees","decl":{"start":{"line":174,"column":9},"end":{"line":174,"column":31}},"loc":{"start":{"line":174,"column":46},"end":{"line":180,"column":1}},"line":174},"21":{"name":"(anonymous_21)","decl":{"start":{"line":179,"column":44},"end":{"line":179,"column":45}},"loc":{"start":{"line":179,"column":62},"end":{"line":179,"column":116}},"line":179},"22":{"name":"combineBookCollections","decl":{"start":{"line":183,"column":9},"end":{"line":183,"column":31}},"loc":{"start":{"line":183,"column":48},"end":{"line":185,"column":1}},"line":183},"23":{"name":"(anonymous_23)","decl":{"start":{"line":184,"column":30},"end":{"line":184,"column":31}},"loc":{"start":{"line":184,"column":56},"end":{"line":184,"column":119}},"line":184},"24":{"name":"addMultipleBooks","decl":{"start":{"line":188,"column":9},"end":{"line":188,"column":25}},"loc":{"start":{"line":188,"column":39},"end":{"line":192,"column":1}},"line":188},"25":{"name":"(anonymous_25)","decl":{"start":{"line":189,"column":39},"end":{"line":189,"column":40}},"loc":{"start":{"line":189,"column":49},"end":{"line":189,"column":62}},"line":189},"26":{"name":"updateMemberInfo","decl":{"start":{"line":195,"column":9},"end":{"line":195,"column":25}},"loc":{"start":{"line":195,"column":43},"end":{"line":212,"column":1}},"line":195},"27":{"name":"borrowBook","decl":{"start":{"line":215,"column":9},"end":{"line":215,"column":19}},"loc":{"start":{"line":215,"column":36},"end":{"line":254,"column":1}},"line":215},"28":{"name":"findMemberById","decl":{"start":{"line":257,"column":9},"end":{"line":257,"column":23}},"loc":{"start":{"line":257,"column":28},"end":{"line":263,"column":1}},"line":257},"29":{"name":"(anonymous_29)","decl":{"start":{"line":262,"column":24},"end":{"line":262,"column":25}},"loc":{"start":{"line":262,"column":36},"end":{"line":262,"column":59}},"line":262},"30":{"name":"findBookByISBN","decl":{"start":{"line":265,"column":9},"end":{"line":265,"column":23}},"loc":{"start":{"line":265,"column":30},"end":{"line":271,"column":1}},"line":265},"31":{"name":"(anonymous_31)","decl":{"start":{"line":270,"column":22},"end":{"line":270,"column":23}},"loc":{"start":{"line":270,"column":32},"end":{"line":270,"column":57}},"line":270},"32":{"name":"(anonymous_32)","decl":{"start":{"line":282,"column":4},"end":{"line":282,"column":5}},"loc":{"start":{"line":282,"column":18},"end":{"line":286,"column":5}},"line":282},"33":{"name":"(anonymous_33)","decl":{"start":{"line":285,"column":44},"end":{"line":285,"column":45}},"loc":{"start":{"line":285,"column":61},"end":{"line":285,"column":91}},"line":285},"34":{"name":"(anonymous_34)","decl":{"start":{"line":288,"column":4},"end":{"line":288,"column":5}},"loc":{"start":{"line":288,"column":25},"end":{"line":294,"column":5}},"line":288},"35":{"name":"(anonymous_35)","decl":{"start":{"line":293,"column":28},"end":{"line":293,"column":29}},"loc":{"start":{"line":293,"column":59},"end":{"line":293,"column":148}},"line":293},"36":{"name":"(anonymous_36)","decl":{"start":{"line":296,"column":4},"end":{"line":296,"column":5}},"loc":{"start":{"line":296,"column":31},"end":{"line":302,"column":5}},"line":296},"37":{"name":"(anonymous_37)","decl":{"start":{"line":304,"column":4},"end":{"line":304,"column":5}},"loc":{"start":{"line":304,"column":26},"end":{"line":307,"column":5}},"line":304},"38":{"name":"formatBookInfo","decl":{"start":{"line":311,"column":9},"end":{"line":311,"column":23}},"loc":{"start":{"line":311,"column":30},"end":{"line":318,"column":1}},"line":311},"39":{"name":"calculateFineAmount","decl":{"start":{"line":321,"column":9},"end":{"line":321,"column":28}},"loc":{"start":{"line":321,"column":39},"end":{"line":328,"column":1}},"line":321},"40":{"name":"getAllBooks","decl":{"start":{"line":330,"column":9},"end":{"line":330,"column":20}},"loc":{"start":{"line":330,"column":23},"end":{"line":332,"column":1}},"line":330},"41":{"name":"registerMember","decl":{"start":{"line":334,"column":9},"end":{"line":334,"column":23}},"loc":{"start":{"line":334,"column":66},"end":{"line":350,"column":1}},"line":334},"42":{"name":"addBook","decl":{"start":{"line":352,"column":9},"end":{"line":352,"column":16}},"loc":{"start":{"line":352,"column":27},"end":{"line":375,"column":1}},"line":352},"43":{"name":"addSeedData","decl":{"start":{"line":377,"column":9},"end":{"line":377,"column":20}},"loc":{"start":{"line":377,"column":23},"end":{"line":397,"column":1}},"line":377},"44":{"name":"initializeLibrary","decl":{"start":{"line":399,"column":9},"end":{"line":399,"column":26}},"loc":{"start":{"line":399,"column":29},"end":{"line":403,"column":1}},"line":399},"45":{"name":"resetLibraryState","decl":{"start":{"line":405,"column":9},"end":{"line":405,"column":26}},"loc":{"start":{"line":405,"column":29},"end":{"line":409,"column":1}},"line":405},"46":{"name":"(anonymous_46)","decl":{"start":{"line":416,"column":4},"end":{"line":416,"column":5}},"loc":{"start":{"line":416,"column":16},"end":{"line":418,"column":5}},"line":416},"47":{"name":"(anonymous_47)","decl":{"start":{"line":419,"column":4},"end":{"line":419,"column":5}},"loc":{"start":{"line":419,"column":18},"end":{"line":421,"column":5}},"line":419}},"branchMap":{"0":{"loc":{"start":{"line":11,"column":51},"end":{"line":11,"column":71}},"type":"default-arg","locations":[{"start":{"line":11,"column":62},"end":{"line":11,"column":71}}],"line":11},"1":{"loc":{"start":{"line":17,"column":27},"end":{"line":17,"column":46}},"type":"binary-expr","locations":[{"start":{"line":17,"column":27},"end":{"line":17,"column":41}},{"start":{"line":17,"column":45},"end":{"line":17,"column":46}}],"line":17},"2":{"loc":{"start":{"line":18,"column":31},"end":{"line":18,"column":50}},"type":"binary-expr","locations":[{"start":{"line":18,"column":31},"end":{"line":18,"column":45}},{"start":{"line":18,"column":49},"end":{"line":18,"column":50}}],"line":18},"3":{"loc":{"start":{"line":34,"column":8},"end":{"line":36,"column":9}},"type":"if","locations":[{"start":{"line":34,"column":8},"end":{"line":36,"column":9}},{"start":{},"end":{}}],"line":34},"4":{"loc":{"start":{"line":45,"column":61},"end":{"line":45,"column":71}},"type":"default-arg","locations":[{"start":{"line":45,"column":70},"end":{"line":45,"column":71}}],"line":45},"5":{"loc":{"start":{"line":62,"column":33},"end":{"line":62,"column":60}},"type":"default-arg","locations":[{"start":{"line":62,"column":50},"end":{"line":62,"column":60}}],"line":62},"6":{"loc":{"start":{"line":105,"column":4},"end":{"line":107,"column":5}},"type":"if","locations":[{"start":{"line":105,"column":4},"end":{"line":107,"column":5}},{"start":{},"end":{}}],"line":105},"7":{"loc":{"start":{"line":105,"column":8},"end":{"line":105,"column":68}},"type":"binary-expr","locations":[{"start":{"line":105,"column":8},"end":{"line":105,"column":39}},{"start":{"line":105,"column":43},"end":{"line":105,"column":68}}],"line":105},"8":{"loc":{"start":{"line":114,"column":4},"end":{"line":116,"column":5}},"type":"if","locations":[{"start":{"line":114,"column":4},"end":{"line":116,"column":5}},{"start":{},"end":{}}],"line":114},"9":{"loc":{"start":{"line":127,"column":51},"end":{"line":127,"column":60}},"type":"default-arg","locations":[{"start":{"line":127,"column":59},"end":{"line":127,"column":60}}],"line":127},"10":{"loc":{"start":{"line":128,"column":4},"end":{"line":130,"column":5}},"type":"if","locations":[{"start":{"line":128,"column":4},"end":{"line":130,"column":5}},{"start":{},"end":{}}],"line":128},"11":{"loc":{"start":{"line":128,"column":8},"end":{"line":128,"column":84}},"type":"binary-expr","locations":[{"start":{"line":128,"column":8},"end":{"line":128,"column":32}},{"start":{"line":128,"column":36},"end":{"line":128,"column":64}},{"start":{"line":128,"column":68},"end":{"line":128,"column":84}}],"line":128},"12":{"loc":{"start":{"line":132,"column":4},"end":{"line":134,"column":5}},"type":"if","locations":[{"start":{"line":132,"column":4},"end":{"line":134,"column":5}},{"start":{},"end":{}}],"line":132},"13":{"loc":{"start":{"line":139,"column":4},"end":{"line":141,"column":5}},"type":"if","locations":[{"start":{"line":139,"column":4},"end":{"line":141,"column":5}},{"start":{},"end":{}}],"line":139},"14":{"loc":{"start":{"line":139,"column":8},"end":{"line":139,"column":115}},"type":"binary-expr","locations":[{"start":{"line":139,"column":8},"end":{"line":139,"column":19}},{"start":{"line":139,"column":23},"end":{"line":139,"column":43}},{"start":{"line":139,"column":47},"end":{"line":139,"column":115}}],"line":139},"15":{"loc":{"start":{"line":146,"column":39},"end":{"line":146,"column":48}},"type":"default-arg","locations":[{"start":{"line":146,"column":47},"end":{"line":146,"column":48}}],"line":146},"16":{"loc":{"start":{"line":147,"column":4},"end":{"line":149,"column":5}},"type":"if","locations":[{"start":{"line":147,"column":4},"end":{"line":149,"column":5}},{"start":{},"end":{}}],"line":147},"17":{"loc":{"start":{"line":147,"column":8},"end":{"line":147,"column":48}},"type":"binary-expr","locations":[{"start":{"line":147,"column":8},"end":{"line":147,"column":32}},{"start":{"line":147,"column":36},"end":{"line":147,"column":48}}],"line":147},"18":{"loc":{"start":{"line":151,"column":4},"end":{"line":153,"column":5}},"type":"if","locations":[{"start":{"line":151,"column":4},"end":{"line":153,"column":5}},{"start":{},"end":{}}],"line":151},"19":{"loc":{"start":{"line":157,"column":4},"end":{"line":159,"column":5}},"type":"if","locations":[{"start":{"line":157,"column":4},"end":{"line":159,"column":5}},{"start":{},"end":{}}],"line":157},"20":{"loc":{"start":{"line":157,"column":8},"end":{"line":157,"column":55}},"type":"binary-expr","locations":[{"start":{"line":157,"column":8},"end":{"line":157,"column":19}},{"start":{"line":157,"column":23},"end":{"line":157,"column":55}}],"line":157},"21":{"loc":{"start":{"line":166,"column":4},"end":{"line":168,"column":5}},"type":"if","locations":[{"start":{"line":166,"column":4},"end":{"line":168,"column":5}},{"start":{},"end":{}}],"line":166},"22":{"loc":{"start":{"line":166,"column":8},"end":{"line":166,"column":60}},"type":"binary-expr","locations":[{"start":{"line":166,"column":8},"end":{"line":166,"column":38}},{"start":{"line":166,"column":42},"end":{"line":166,"column":60}}],"line":166},"23":{"loc":{"start":{"line":175,"column":4},"end":{"line":177,"column":5}},"type":"if","locations":[{"start":{"line":175,"column":4},"end":{"line":177,"column":5}},{"start":{},"end":{}}],"line":175},"24":{"loc":{"start":{"line":175,"column":8},"end":{"line":175,"column":66}},"type":"binary-expr","locations":[{"start":{"line":175,"column":8},"end":{"line":175,"column":21}},{"start":{"line":175,"column":25},"end":{"line":175,"column":66}}],"line":175},"25":{"loc":{"start":{"line":179,"column":77},"end":{"line":179,"column":96}},"type":"binary-expr","locations":[{"start":{"line":179,"column":77},"end":{"line":179,"column":91}},{"start":{"line":179,"column":95},"end":{"line":179,"column":96}}],"line":179},"26":{"loc":{"start":{"line":184,"column":74},"end":{"line":184,"column":117}},"type":"cond-expr","locations":[{"start":{"line":184,"column":102},"end":{"line":184,"column":112}},{"start":{"line":184,"column":115},"end":{"line":184,"column":117}}],"line":184},"27":{"loc":{"start":{"line":196,"column":4},"end":{"line":198,"column":5}},"type":"if","locations":[{"start":{"line":196,"column":4},"end":{"line":198,"column":5}},{"start":{},"end":{}}],"line":196},"28":{"loc":{"start":{"line":196,"column":8},"end":{"line":196,"column":66}},"type":"binary-expr","locations":[{"start":{"line":196,"column":8},"end":{"line":196,"column":15}},{"start":{"line":196,"column":19},"end":{"line":196,"column":46}},{"start":{"line":196,"column":50},"end":{"line":196,"column":66}}],"line":196},"29":{"loc":{"start":{"line":201,"column":4},"end":{"line":203,"column":5}},"type":"if","locations":[{"start":{"line":201,"column":4},"end":{"line":203,"column":5}},{"start":{},"end":{}}],"line":201},"30":{"loc":{"start":{"line":201,"column":8},"end":{"line":201,"column":47}},"type":"binary-expr","locations":[{"start":{"line":201,"column":8},"end":{"line":201,"column":32}},{"start":{"line":201,"column":36},"end":{"line":201,"column":47}}],"line":201},"31":{"loc":{"start":{"line":204,"column":4},"end":{"line":206,"column":5}},"type":"if","locations":[{"start":{"line":204,"column":4},"end":{"line":206,"column":5}},{"start":{},"end":{}}],"line":204},"32":{"loc":{"start":{"line":204,"column":8},"end":{"line":204,"column":49}},"type":"binary-expr","locations":[{"start":{"line":204,"column":8},"end":{"line":204,"column":33}},{"start":{"line":204,"column":37},"end":{"line":204,"column":49}}],"line":204},"33":{"loc":{"start":{"line":207,"column":4},"end":{"line":209,"column":5}},"type":"if","locations":[{"start":{"line":207,"column":4},"end":{"line":209,"column":5}},{"start":{},"end":{}}],"line":207},"34":{"loc":{"start":{"line":207,"column":8},"end":{"line":207,"column":67}},"type":"binary-expr","locations":[{"start":{"line":207,"column":8},"end":{"line":207,"column":42}},{"start":{"line":207,"column":46},"end":{"line":207,"column":67}}],"line":207},"35":{"loc":{"start":{"line":220,"column":8},"end":{"line":222,"column":9}},"type":"if","locations":[{"start":{"line":220,"column":8},"end":{"line":222,"column":9}},{"start":{},"end":{}}],"line":220},"36":{"loc":{"start":{"line":220,"column":12},"end":{"line":220,"column":60}},"type":"binary-expr","locations":[{"start":{"line":220,"column":12},"end":{"line":220,"column":40}},{"start":{"line":220,"column":44},"end":{"line":220,"column":60}}],"line":220},"37":{"loc":{"start":{"line":223,"column":8},"end":{"line":225,"column":9}},"type":"if","locations":[{"start":{"line":223,"column":8},"end":{"line":225,"column":9}},{"start":{},"end":{}}],"line":223},"38":{"loc":{"start":{"line":223,"column":12},"end":{"line":223,"column":52}},"type":"binary-expr","locations":[{"start":{"line":223,"column":12},"end":{"line":223,"column":36}},{"start":{"line":223,"column":40},"end":{"line":223,"column":52}}],"line":223},"39":{"loc":{"start":{"line":230,"column":8},"end":{"line":232,"column":9}},"type":"if","locations":[{"start":{"line":230,"column":8},"end":{"line":232,"column":9}},{"start":{},"end":{}}],"line":230},"40":{"loc":{"start":{"line":233,"column":8},"end":{"line":235,"column":9}},"type":"if","locations":[{"start":{"line":233,"column":8},"end":{"line":235,"column":9}},{"start":{},"end":{}}],"line":233},"41":{"loc":{"start":{"line":236,"column":8},"end":{"line":238,"column":9}},"type":"if","locations":[{"start":{"line":236,"column":8},"end":{"line":238,"column":9}},{"start":{},"end":{}}],"line":236},"42":{"loc":{"start":{"line":239,"column":8},"end":{"line":241,"column":9}},"type":"if","locations":[{"start":{"line":239,"column":8},"end":{"line":241,"column":9}},{"start":{},"end":{}}],"line":239},"43":{"loc":{"start":{"line":244,"column":8},"end":{"line":246,"column":9}},"type":"if","locations":[{"start":{"line":244,"column":8},"end":{"line":246,"column":9}},{"start":{},"end":{}}],"line":244},"44":{"loc":{"start":{"line":258,"column":4},"end":{"line":260,"column":5}},"type":"if","locations":[{"start":{"line":258,"column":4},"end":{"line":260,"column":5}},{"start":{},"end":{}}],"line":258},"45":{"loc":{"start":{"line":258,"column":8},"end":{"line":258,"column":44}},"type":"binary-expr","locations":[{"start":{"line":258,"column":8},"end":{"line":258,"column":30}},{"start":{"line":258,"column":34},"end":{"line":258,"column":44}}],"line":258},"46":{"loc":{"start":{"line":266,"column":4},"end":{"line":268,"column":5}},"type":"if","locations":[{"start":{"line":266,"column":4},"end":{"line":268,"column":5}},{"start":{},"end":{}}],"line":266},"47":{"loc":{"start":{"line":266,"column":8},"end":{"line":266,"column":48}},"type":"binary-expr","locations":[{"start":{"line":266,"column":8},"end":{"line":266,"column":32}},{"start":{"line":266,"column":36},"end":{"line":266,"column":48}}],"line":266},"48":{"loc":{"start":{"line":270,"column":11},"end":{"line":270,"column":101}},"type":"binary-expr","locations":[{"start":{"line":270,"column":11},"end":{"line":270,"column":58}},{"start":{"line":270,"column":62},"end":{"line":270,"column":101}}],"line":270},"49":{"loc":{"start":{"line":289,"column":8},"end":{"line":291,"column":9}},"type":"if","locations":[{"start":{"line":289,"column":8},"end":{"line":291,"column":9}},{"start":{},"end":{}}],"line":289},"50":{"loc":{"start":{"line":293,"column":59},"end":{"line":293,"column":148}},"type":"cond-expr","locations":[{"start":{"line":293,"column":123},"end":{"line":293,"column":134}},{"start":{"line":293,"column":137},"end":{"line":293,"column":148}}],"line":293},"51":{"loc":{"start":{"line":297,"column":8},"end":{"line":299,"column":9}},"type":"if","locations":[{"start":{"line":297,"column":8},"end":{"line":299,"column":9}},{"start":{},"end":{}}],"line":297},"52":{"loc":{"start":{"line":312,"column":4},"end":{"line":314,"column":5}},"type":"if","locations":[{"start":{"line":312,"column":4},"end":{"line":314,"column":5}},{"start":{},"end":{}}],"line":312},"53":{"loc":{"start":{"line":312,"column":8},"end":{"line":312,"column":41}},"type":"binary-expr","locations":[{"start":{"line":312,"column":8},"end":{"line":312,"column":13}},{"start":{"line":312,"column":17},"end":{"line":312,"column":41}}],"line":312},"54":{"loc":{"start":{"line":316,"column":27},"end":{"line":316,"column":51}},"type":"binary-expr","locations":[{"start":{"line":316,"column":27},"end":{"line":316,"column":45}},{"start":{"line":316,"column":49},"end":{"line":316,"column":51}}],"line":316},"55":{"loc":{"start":{"line":316,"column":64},"end":{"line":316,"column":89}},"type":"binary-expr","locations":[{"start":{"line":316,"column":64},"end":{"line":316,"column":83}},{"start":{"line":316,"column":87},"end":{"line":316,"column":89}}],"line":316},"56":{"loc":{"start":{"line":316,"column":100},"end":{"line":316,"column":115}},"type":"binary-expr","locations":[{"start":{"line":316,"column":100},"end":{"line":316,"column":109}},{"start":{"line":316,"column":113},"end":{"line":316,"column":115}}],"line":316},"57":{"loc":{"start":{"line":322,"column":4},"end":{"line":324,"column":5}},"type":"if","locations":[{"start":{"line":322,"column":4},"end":{"line":324,"column":5}},{"start":{},"end":{}}],"line":322},"58":{"loc":{"start":{"line":322,"column":8},"end":{"line":322,"column":79}},"type":"binary-expr","locations":[{"start":{"line":322,"column":8},"end":{"line":322,"column":36}},{"start":{"line":322,"column":40},"end":{"line":322,"column":62}},{"start":{"line":322,"column":66},"end":{"line":322,"column":79}}],"line":322},"59":{"loc":{"start":{"line":334,"column":37},"end":{"line":334,"column":64}},"type":"default-arg","locations":[{"start":{"line":334,"column":54},"end":{"line":334,"column":64}}],"line":334},"60":{"loc":{"start":{"line":335,"column":4},"end":{"line":337,"column":5}},"type":"if","locations":[{"start":{"line":335,"column":4},"end":{"line":337,"column":5}},{"start":{},"end":{}}],"line":335},"61":{"loc":{"start":{"line":335,"column":8},"end":{"line":335,"column":48}},"type":"binary-expr","locations":[{"start":{"line":335,"column":8},"end":{"line":335,"column":32}},{"start":{"line":335,"column":36},"end":{"line":335,"column":48}}],"line":335},"62":{"loc":{"start":{"line":338,"column":4},"end":{"line":340,"column":5}},"type":"if","locations":[{"start":{"line":338,"column":4},"end":{"line":340,"column":5}},{"start":{},"end":{}}],"line":338},"63":{"loc":{"start":{"line":338,"column":8},"end":{"line":338,"column":50}},"type":"binary-expr","locations":[{"start":{"line":338,"column":8},"end":{"line":338,"column":33}},{"start":{"line":338,"column":37},"end":{"line":338,"column":50}}],"line":338},"64":{"loc":{"start":{"line":343,"column":19},"end":{"line":345,"column":71}},"type":"cond-expr","locations":[{"start":{"line":344,"column":10},"end":{"line":344,"column":62}},{"start":{"line":345,"column":10},"end":{"line":345,"column":71}}],"line":343},"65":{"loc":{"start":{"line":353,"column":4},"end":{"line":355,"column":5}},"type":"if","locations":[{"start":{"line":353,"column":4},"end":{"line":355,"column":5}},{"start":{},"end":{}}],"line":353},"66":{"loc":{"start":{"line":353,"column":8},"end":{"line":353,"column":49}},"type":"binary-expr","locations":[{"start":{"line":353,"column":8},"end":{"line":353,"column":17}},{"start":{"line":353,"column":21},"end":{"line":353,"column":49}}],"line":353},"67":{"loc":{"start":{"line":357,"column":47},"end":{"line":357,"column":67}},"type":"default-arg","locations":[{"start":{"line":357,"column":58},"end":{"line":357,"column":67}}],"line":357},"68":{"loc":{"start":{"line":358,"column":4},"end":{"line":360,"column":5}},"type":"if","locations":[{"start":{"line":358,"column":4},"end":{"line":360,"column":5}},{"start":{},"end":{}}],"line":358},"69":{"loc":{"start":{"line":358,"column":8},"end":{"line":358,"column":48}},"type":"binary-expr","locations":[{"start":{"line":358,"column":8},"end":{"line":358,"column":32}},{"start":{"line":358,"column":36},"end":{"line":358,"column":48}}],"line":358},"70":{"loc":{"start":{"line":361,"column":4},"end":{"line":363,"column":5}},"type":"if","locations":[{"start":{"line":361,"column":4},"end":{"line":363,"column":5}},{"start":{},"end":{}}],"line":361},"71":{"loc":{"start":{"line":361,"column":8},"end":{"line":361,"column":50}},"type":"binary-expr","locations":[{"start":{"line":361,"column":8},"end":{"line":361,"column":33}},{"start":{"line":361,"column":37},"end":{"line":361,"column":50}}],"line":361},"72":{"loc":{"start":{"line":364,"column":4},"end":{"line":366,"column":5}},"type":"if","locations":[{"start":{"line":364,"column":4},"end":{"line":366,"column":5}},{"start":{},"end":{}}],"line":364},"73":{"loc":{"start":{"line":364,"column":8},"end":{"line":364,"column":52}},"type":"binary-expr","locations":[{"start":{"line":364,"column":8},"end":{"line":364,"column":34}},{"start":{"line":364,"column":38},"end":{"line":364,"column":52}}],"line":364},"74":{"loc":{"start":{"line":368,"column":27},"end":{"line":370,"column":133}},"type":"cond-expr","locations":[{"start":{"line":369,"column":10},"end":{"line":369,"column":148}},{"start":{"line":370,"column":10},"end":{"line":370,"column":133}}],"line":368},"75":{"loc":{"start":{"line":368,"column":27},"end":{"line":368,"column":85}},"type":"binary-expr","locations":[{"start":{"line":368,"column":27},"end":{"line":368,"column":55}},{"start":{"line":368,"column":59},"end":{"line":368,"column":85}}],"line":368},"76":{"loc":{"start":{"line":369,"column":68},"end":{"line":369,"column":108}},"type":"binary-expr","locations":[{"start":{"line":369,"column":68},"end":{"line":369,"column":80}},{"start":{"line":369,"column":84},"end":{"line":369,"column":108}}],"line":369},"77":{"loc":{"start":{"line":369,"column":128},"end":{"line":369,"column":147}},"type":"binary-expr","locations":[{"start":{"line":369,"column":128},"end":{"line":369,"column":142}},{"start":{"line":369,"column":146},"end":{"line":369,"column":147}}],"line":369},"78":{"loc":{"start":{"line":370,"column":61},"end":{"line":370,"column":101}},"type":"binary-expr","locations":[{"start":{"line":370,"column":61},"end":{"line":370,"column":73}},{"start":{"line":370,"column":77},"end":{"line":370,"column":101}}],"line":370},"79":{"loc":{"start":{"line":370,"column":103},"end":{"line":370,"column":122}},"type":"binary-expr","locations":[{"start":{"line":370,"column":103},"end":{"line":370,"column":117}},{"start":{"line":370,"column":121},"end":{"line":370,"column":122}}],"line":370},"80":{"loc":{"start":{"line":378,"column":4},"end":{"line":380,"column":5}},"type":"if","locations":[{"start":{"line":378,"column":4},"end":{"line":380,"column":5}},{"start":{},"end":{}}],"line":378},"81":{"loc":{"start":{"line":378,"column":8},"end":{"line":378,"column":38}},"type":"binary-expr","locations":[{"start":{"line":378,"column":8},"end":{"line":378,"column":20}},{"start":{"line":378,"column":24},"end":{"line":378,"column":38}}],"line":378},"82":{"loc":{"start":{"line":447,"column":0},"end":{"line":449,"column":1}},"type":"if","locations":[{"start":{"line":447,"column":0},"end":{"line":449,"column":1}},{"start":{},"end":{}}],"line":447},"83":{"loc":{"start":{"line":447,"column":4},"end":{"line":447,"column":51}},"type":"binary-expr","locations":[{"start":{"line":447,"column":4},"end":{"line":447,"column":33}},{"start":{"line":447,"column":37},"end":{"line":447,"column":51}}],"line":447},"84":{"loc":{"start":{"line":451,"column":0},"end":{"line":453,"column":1}},"type":"if","locations":[{"start":{"line":451,"column":0},"end":{"line":453,"column":1}},{"start":{},"end":{}}],"line":451}},"s":{"0":1,"1":1,"2":1,"3":1,"4":120,"5":120,"6":120,"7":120,"8":120,"9":120,"10":120,"11":120,"12":3,"13":2,"14":1,"15":0,"16":1,"17":1,"18":1,"19":29,"20":29,"21":29,"22":29,"23":1,"24":1,"25":61,"26":61,"27":61,"28":61,"29":61,"30":61,"31":1,"32":1,"33":1,"34":1,"35":1,"36":1,"37":29,"38":29,"39":1,"40":1,"41":1,"42":0,"43":0,"44":0,"45":1,"46":0,"47":1,"48":1,"49":2,"50":1,"51":6,"52":1,"53":5,"54":1,"55":4,"56":4,"57":4,"58":1,"59":3,"60":6,"61":0,"62":6,"63":1,"64":5,"65":5,"66":1,"67":4,"68":3,"69":2,"70":1,"71":4,"72":1,"73":0,"74":1,"75":2,"76":1,"77":3,"78":1,"79":2,"80":1,"81":1,"82":1,"83":0,"84":1,"85":1,"86":1,"87":1,"88":1,"89":1,"90":0,"91":1,"92":2,"93":2,"94":1,"95":1,"96":0,"97":1,"98":1,"99":1,"100":0,"101":1,"102":1,"103":0,"104":0,"105":0,"106":0,"107":0,"108":0,"109":0,"110":0,"111":0,"112":0,"113":2,"114":2,"115":1,"116":0,"117":1,"118":1,"119":2,"120":0,"121":2,"122":5,"123":1,"124":89,"125":89,"126":89,"127":241,"128":1,"129":0,"130":1,"131":4,"132":1,"133":0,"134":1,"135":1,"136":1,"137":1,"138":0,"139":1,"140":1,"141":4,"142":2,"143":2,"144":2,"145":3,"146":1,"147":0,"148":1,"149":0,"150":1,"151":1,"152":1,"153":1,"154":1,"155":1,"156":0,"157":1,"158":1,"159":0,"160":1,"161":0,"162":1,"163":0,"164":1,"165":1,"166":1,"167":1,"168":29,"169":1,"170":28,"171":28,"172":28,"173":28,"174":28,"175":29,"176":29,"177":29,"178":29,"179":29,"180":29,"181":1,"182":0,"183":1,"184":1,"185":1,"186":1,"187":0},"f":{"0":120,"1":3,"2":2,"3":1,"4":29,"5":1,"6":61,"7":1,"8":1,"9":1,"10":29,"11":1,"12":1,"13":0,"14":0,"15":1,"16":6,"17":6,"18":3,"19":4,"20":1,"21":2,"22":1,"23":3,"24":1,"25":2,"26":1,"27":2,"28":1,"29":1,"30":2,"31":5,"32":89,"33":241,"34":1,"35":4,"36":1,"37":1,"38":1,"39":4,"40":3,"41":1,"42":1,"43":29,"44":29,"45":29,"46":0,"47":1},"b":{"0":[6],"1":[120,0],"2":[120,0],"3":[0,1],"4":[1],"5":[0],"6":[1,0],"7":[1,0],"8":[0,1],"9":[2],"10":[1,5],"11":[6,5,5],"12":[1,4],"13":[1,3],"14":[4,4,4],"15":[1],"16":[0,6],"17":[6,6],"18":[1,5],"19":[1,4],"20":[5,5],"21":[2,1],"22":[3,2],"23":[0,1],"24":[1,1],"25":[2,0],"26":[3,0],"27":[0,1],"28":[1,1,1],"29":[1,0],"30":[1,1],"31":[1,0],"32":[1,1],"33":[0,1],"34":[1,0],"35":[1,1],"36":[2,2],"37":[0,1],"38":[1,1],"39":[0,1],"40":[1,0],"41":[0,0],"42":[0,0],"43":[0,0],"44":[0,1],"45":[1,1],"46":[0,2],"47":[2,2],"48":[2,1],"49":[0,1],"50":[0,4],"51":[0,1],"52":[0,1],"53":[1,1],"54":[1,0],"55":[1,0],"56":[1,0],"57":[2,2],"58":[4,3,3],"59":[0],"60":[0,1],"61":[1,1],"62":[0,1],"63":[1,1],"64":[0,1],"65":[0,1],"66":[1,1],"67":[0],"68":[0,1],"69":[1,1],"70":[0,1],"71":[1,1],"72":[0,1],"73":[1,1],"74":[0,1],"75":[1,0],"76":[0,0],"77":[0,0],"78":[1,0],"79":[1,0],"80":[1,28],"81":[29,28],"82":[1,0],"83":[1,1],"84":[0,1]},"_coverageSchema":"1a1c01bbd47fc00a2c39e90264f33305004495a9","hash":"dcb5ff181183b4c7be0ca029af320a2bba07d3bf"}
}
