{"C:\\Users\\stemb\\Downloads\\javascript-library-capstone-debug-Lisakhanya7-main\\javascript-library-capstone-debug-Lisakhanya7-main\\library.js": {"path":"C:\\Users\\stemb\\Downloads\\javascript-library-capstone-debug-Lisakhanya7-main\\javascript-library-capstone-debug-Lisakhanya7-main\\library.js","statementMap":{"0":{"start":{"line":3,"column":12},"end":{"line":3,"column":14}},"1":{"start":{"line":4,"column":14},"end":{"line":4,"column":16}},"2":{"start":{"line":5,"column":25},"end":{"line":5,"column":29}},"3":{"start":{"line":6,"column":29},"end":{"line":6,"column":30}},"4":{"start":{"line":13,"column":8},"end":{"line":13,"column":25}},"5":{"start":{"line":14,"column":8},"end":{"line":14,"column":27}},"6":{"start":{"line":15,"column":8},"end":{"line":15,"column":29}},"7":{"start":{"line":16,"column":8},"end":{"line":16,"column":25}},"8":{"start":{"line":17,"column":8},"end":{"line":17,"column":33}},"9":{"start":{"line":18,"column":8},"end":{"line":18,"column":47}},"10":{"start":{"line":19,"column":8},"end":{"line":19,"column":51}},"11":{"start":{"line":20,"column":8},"end":{"line":20,"column":29}},"12":{"start":{"line":28,"column":8},"end":{"line":28,"column":40}},"13":{"start":{"line":36,"column":8},"end":{"line":36,"column":84}},"14":{"start":{"line":41,"column":8},"end":{"line":43,"column":9}},"15":{"start":{"line":42,"column":12},"end":{"line":42,"column":25}},"16":{"start":{"line":44,"column":8},"end":{"line":44,"column":34}},"17":{"start":{"line":45,"column":8},"end":{"line":45,"column":96}},"18":{"start":{"line":46,"column":8},"end":{"line":46,"column":20}},"19":{"start":{"line":55,"column":8},"end":{"line":55,"column":62}},"20":{"start":{"line":56,"column":8},"end":{"line":56,"column":33}},"21":{"start":{"line":57,"column":8},"end":{"line":57,"column":29}},"22":{"start":{"line":58,"column":8},"end":{"line":58,"column":27}},"23":{"start":{"line":67,"column":8},"end":{"line":67,"column":28}},"24":{"start":{"line":68,"column":8},"end":{"line":68,"column":54}},"25":{"start":{"line":77,"column":8},"end":{"line":77,"column":21}},"26":{"start":{"line":78,"column":8},"end":{"line":78,"column":25}},"27":{"start":{"line":79,"column":8},"end":{"line":79,"column":27}},"28":{"start":{"line":80,"column":8},"end":{"line":80,"column":45}},"29":{"start":{"line":81,"column":8},"end":{"line":81,"column":32}},"30":{"start":{"line":82,"column":8},"end":{"line":82,"column":49}},"31":{"start":{"line":90,"column":22},"end":{"line":90,"column":45}},"32":{"start":{"line":91,"column":20},"end":{"line":91,"column":30}},"33":{"start":{"line":92,"column":8},"end":{"line":92,"column":78}},"34":{"start":{"line":100,"column":52},"end":{"line":100,"column":56}},"35":{"start":{"line":101,"column":8},"end":{"line":101,"column":64}},"36":{"start":{"line":109,"column":8},"end":{"line":109,"column":64}},"37":{"start":{"line":118,"column":8},"end":{"line":118,"column":42}},"38":{"start":{"line":119,"column":8},"end":{"line":119,"column":71}},"39":{"start":{"line":127,"column":8},"end":{"line":127,"column":46}},"40":{"start":{"line":137,"column":4},"end":{"line":139,"column":5}},"41":{"start":{"line":138,"column":8},"end":{"line":138,"column":18}},"42":{"start":{"line":141,"column":4},"end":{"line":141,"column":110}},"43":{"start":{"line":141,"column":35},"end":{"line":141,"column":108}},"44":{"start":{"line":141,"column":70},"end":{"line":141,"column":107}},"45":{"start":{"line":146,"column":4},"end":{"line":148,"column":5}},"46":{"start":{"line":147,"column":8},"end":{"line":147,"column":18}},"47":{"start":{"line":150,"column":22},"end":{"line":150,"column":24}},"48":{"start":{"line":151,"column":4},"end":{"line":153,"column":5}},"49":{"start":{"line":152,"column":8},"end":{"line":152,"column":52}},"50":{"start":{"line":155,"column":4},"end":{"line":155,"column":21}},"51":{"start":{"line":166,"column":4},"end":{"line":168,"column":5}},"52":{"start":{"line":167,"column":8},"end":{"line":167,"column":18}},"53":{"start":{"line":170,"column":4},"end":{"line":172,"column":5}},"54":{"start":{"line":171,"column":8},"end":{"line":171,"column":18}},"55":{"start":{"line":174,"column":24},"end":{"line":174,"column":39}},"56":{"start":{"line":175,"column":22},"end":{"line":175,"column":74}},"57":{"start":{"line":177,"column":4},"end":{"line":179,"column":5}},"58":{"start":{"line":178,"column":8},"end":{"line":178,"column":43}},"59":{"start":{"line":181,"column":4},"end":{"line":181,"column":21}},"60":{"start":{"line":185,"column":4},"end":{"line":187,"column":5}},"61":{"start":{"line":186,"column":8},"end":{"line":186,"column":20}},"62":{"start":{"line":189,"column":4},"end":{"line":191,"column":5}},"63":{"start":{"line":190,"column":8},"end":{"line":190,"column":20}},"64":{"start":{"line":193,"column":24},"end":{"line":193,"column":36}},"65":{"start":{"line":195,"column":4},"end":{"line":197,"column":5}},"66":{"start":{"line":196,"column":8},"end":{"line":196,"column":27}},"67":{"start":{"line":199,"column":4},"end":{"line":199,"column":52}},"68":{"start":{"line":209,"column":4},"end":{"line":211,"column":5}},"69":{"start":{"line":210,"column":8},"end":{"line":210,"column":18}},"70":{"start":{"line":213,"column":29},"end":{"line":213,"column":60}},"71":{"start":{"line":214,"column":4},"end":{"line":214,"column":90}},"72":{"start":{"line":214,"column":34},"end":{"line":214,"column":88}},"73":{"start":{"line":223,"column":4},"end":{"line":225,"column":5}},"74":{"start":{"line":224,"column":8},"end":{"line":224,"column":17}},"75":{"start":{"line":227,"column":4},"end":{"line":227,"column":122}},"76":{"start":{"line":227,"column":62},"end":{"line":227,"column":117}},"77":{"start":{"line":236,"column":4},"end":{"line":236,"column":125}},"78":{"start":{"line":236,"column":56},"end":{"line":236,"column":119}},"79":{"start":{"line":245,"column":23},"end":{"line":245,"column":63}},"80":{"start":{"line":245,"column":49},"end":{"line":245,"column":62}},"81":{"start":{"line":246,"column":4},"end":{"line":246,"column":30}},"82":{"start":{"line":247,"column":4},"end":{"line":247,"column":29}},"83":{"start":{"line":257,"column":4},"end":{"line":259,"column":5}},"84":{"start":{"line":258,"column":8},"end":{"line":258,"column":22}},"85":{"start":{"line":261,"column":44},"end":{"line":261,"column":51}},"86":{"start":{"line":262,"column":4},"end":{"line":264,"column":5}},"87":{"start":{"line":263,"column":8},"end":{"line":263,"column":34}},"88":{"start":{"line":265,"column":4},"end":{"line":267,"column":5}},"89":{"start":{"line":266,"column":8},"end":{"line":266,"column":36}},"90":{"start":{"line":268,"column":4},"end":{"line":270,"column":5}},"91":{"start":{"line":269,"column":8},"end":{"line":269,"column":54}},"92":{"start":{"line":272,"column":4},"end":{"line":272,"column":18}},"93":{"start":{"line":280,"column":4},"end":{"line":314,"column":5}},"94":{"start":{"line":281,"column":8},"end":{"line":283,"column":9}},"95":{"start":{"line":282,"column":12},"end":{"line":282,"column":54}},"96":{"start":{"line":284,"column":8},"end":{"line":286,"column":9}},"97":{"start":{"line":285,"column":12},"end":{"line":285,"column":49}},"98":{"start":{"line":288,"column":23},"end":{"line":288,"column":54}},"99":{"start":{"line":289,"column":21},"end":{"line":289,"column":48}},"100":{"start":{"line":291,"column":8},"end":{"line":293,"column":9}},"101":{"start":{"line":292,"column":12},"end":{"line":292,"column":49}},"102":{"start":{"line":294,"column":8},"end":{"line":296,"column":9}},"103":{"start":{"line":295,"column":12},"end":{"line":295,"column":47}},"104":{"start":{"line":297,"column":8},"end":{"line":299,"column":9}},"105":{"start":{"line":298,"column":12},"end":{"line":298,"column":68}},"106":{"start":{"line":300,"column":8},"end":{"line":302,"column":9}},"107":{"start":{"line":301,"column":12},"end":{"line":301,"column":52}},"108":{"start":{"line":304,"column":25},"end":{"line":304,"column":49}},"109":{"start":{"line":305,"column":8},"end":{"line":307,"column":9}},"110":{"start":{"line":306,"column":12},"end":{"line":306,"column":67}},"111":{"start":{"line":308,"column":8},"end":{"line":308,"column":45}},"112":{"start":{"line":309,"column":8},"end":{"line":309,"column":35}},"113":{"start":{"line":310,"column":8},"end":{"line":310,"column":20}},"114":{"start":{"line":312,"column":8},"end":{"line":312,"column":37}},"115":{"start":{"line":313,"column":8},"end":{"line":313,"column":21}},"116":{"start":{"line":319,"column":4},"end":{"line":321,"column":5}},"117":{"start":{"line":320,"column":8},"end":{"line":320,"column":25}},"118":{"start":{"line":323,"column":4},"end":{"line":323,"column":61}},"119":{"start":{"line":323,"column":36},"end":{"line":323,"column":59}},"120":{"start":{"line":327,"column":4},"end":{"line":329,"column":5}},"121":{"start":{"line":328,"column":8},"end":{"line":328,"column":20}},"122":{"start":{"line":331,"column":4},"end":{"line":331,"column":102}},"123":{"start":{"line":331,"column":32},"end":{"line":331,"column":57}},"124":{"start":{"line":335,"column":21},"end":{"line":369,"column":1}},"125":{"start":{"line":344,"column":8},"end":{"line":344,"column":39}},"126":{"start":{"line":345,"column":8},"end":{"line":345,"column":43}},"127":{"start":{"line":346,"column":8},"end":{"line":346,"column":96}},"128":{"start":{"line":346,"column":61},"end":{"line":346,"column":91}},"129":{"start":{"line":350,"column":8},"end":{"line":352,"column":9}},"130":{"start":{"line":351,"column":12},"end":{"line":351,"column":24}},"131":{"start":{"line":354,"column":8},"end":{"line":354,"column":161}},"132":{"start":{"line":354,"column":59},"end":{"line":354,"column":148}},"133":{"start":{"line":358,"column":8},"end":{"line":360,"column":9}},"134":{"start":{"line":359,"column":12},"end":{"line":359,"column":21}},"135":{"start":{"line":362,"column":8},"end":{"line":362,"column":69}},"136":{"start":{"line":366,"column":62},"end":{"line":366,"column":66}},"137":{"start":{"line":367,"column":8},"end":{"line":367,"column":61}},"138":{"start":{"line":373,"column":4},"end":{"line":375,"column":5}},"139":{"start":{"line":374,"column":8},"end":{"line":374,"column":18}},"140":{"start":{"line":377,"column":17},"end":{"line":377,"column":117}},"141":{"start":{"line":378,"column":4},"end":{"line":378,"column":37}},"142":{"start":{"line":383,"column":4},"end":{"line":385,"column":5}},"143":{"start":{"line":384,"column":8},"end":{"line":384,"column":17}},"144":{"start":{"line":387,"column":17},"end":{"line":387,"column":44}},"145":{"start":{"line":388,"column":4},"end":{"line":388,"column":35}},"146":{"start":{"line":392,"column":4},"end":{"line":392,"column":17}},"147":{"start":{"line":396,"column":4},"end":{"line":398,"column":5}},"148":{"start":{"line":397,"column":8},"end":{"line":397,"column":20}},"149":{"start":{"line":399,"column":4},"end":{"line":401,"column":5}},"150":{"start":{"line":400,"column":8},"end":{"line":400,"column":20}},"151":{"start":{"line":403,"column":19},"end":{"line":403,"column":69}},"152":{"start":{"line":404,"column":19},"end":{"line":406,"column":71}},"153":{"start":{"line":408,"column":4},"end":{"line":408,"column":25}},"154":{"start":{"line":409,"column":4},"end":{"line":409,"column":31}},"155":{"start":{"line":410,"column":4},"end":{"line":410,"column":18}},"156":{"start":{"line":414,"column":4},"end":{"line":416,"column":5}},"157":{"start":{"line":415,"column":8},"end":{"line":415,"column":20}},"158":{"start":{"line":418,"column":90},"end":{"line":418,"column":98}},"159":{"start":{"line":419,"column":4},"end":{"line":421,"column":5}},"160":{"start":{"line":420,"column":8},"end":{"line":420,"column":20}},"161":{"start":{"line":422,"column":4},"end":{"line":424,"column":5}},"162":{"start":{"line":423,"column":8},"end":{"line":423,"column":20}},"163":{"start":{"line":425,"column":4},"end":{"line":427,"column":5}},"164":{"start":{"line":426,"column":8},"end":{"line":426,"column":20}},"165":{"start":{"line":429,"column":27},"end":{"line":431,"column":133}},"166":{"start":{"line":433,"column":4},"end":{"line":433,"column":31}},"167":{"start":{"line":434,"column":4},"end":{"line":434,"column":31}},"168":{"start":{"line":435,"column":4},"end":{"line":435,"column":26}},"169":{"start":{"line":439,"column":4},"end":{"line":441,"column":5}},"170":{"start":{"line":440,"column":8},"end":{"line":440,"column":15}},"171":{"start":{"line":443,"column":24},"end":{"line":448,"column":5}},"172":{"start":{"line":450,"column":26},"end":{"line":453,"column":5}},"173":{"start":{"line":455,"column":4},"end":{"line":455,"column":31}},"174":{"start":{"line":456,"column":4},"end":{"line":456,"column":35}},"175":{"start":{"line":457,"column":4},"end":{"line":457,"column":31}},"176":{"start":{"line":461,"column":4},"end":{"line":461,"column":18}},"177":{"start":{"line":462,"column":4},"end":{"line":462,"column":31}},"178":{"start":{"line":463,"column":4},"end":{"line":463,"column":30}},"179":{"start":{"line":467,"column":4},"end":{"line":467,"column":15}},"180":{"start":{"line":468,"column":4},"end":{"line":468,"column":17}},"181":{"start":{"line":469,"column":4},"end":{"line":469,"column":31}},"182":{"start":{"line":472,"column":19},"end":{"line":506,"column":1}},"183":{"start":{"line":478,"column":8},"end":{"line":478,"column":21}},"184":{"start":{"line":481,"column":8},"end":{"line":481,"column":23}},"185":{"start":{"line":508,"column":0},"end":{"line":510,"column":1}},"186":{"start":{"line":509,"column":4},"end":{"line":509,"column":32}},"187":{"start":{"line":512,"column":0},"end":{"line":514,"column":1}},"188":{"start":{"line":513,"column":4},"end":{"line":513,"column":35}}},"fnMap":{"0":{"name":"(anonymous_0)","decl":{"start":{"line":12,"column":4},"end":{"line":12,"column":5}},"loc":{"start":{"line":12,"column":73},"end":{"line":21,"column":5}},"line":12},"1":{"name":"(anonymous_1)","decl":{"start":{"line":27,"column":4},"end":{"line":27,"column":5}},"loc":{"start":{"line":27,"column":18},"end":{"line":29,"column":5}},"line":27},"2":{"name":"(anonymous_2)","decl":{"start":{"line":35,"column":4},"end":{"line":35,"column":5}},"loc":{"start":{"line":35,"column":14},"end":{"line":37,"column":5}},"line":35},"3":{"name":"(anonymous_3)","decl":{"start":{"line":39,"column":4},"end":{"line":39,"column":5}},"loc":{"start":{"line":39,"column":23},"end":{"line":47,"column":5}},"line":39},"4":{"name":"(anonymous_4)","decl":{"start":{"line":54,"column":4},"end":{"line":54,"column":5}},"loc":{"start":{"line":54,"column":73},"end":{"line":59,"column":5}},"line":54},"5":{"name":"(anonymous_5)","decl":{"start":{"line":66,"column":4},"end":{"line":66,"column":5}},"loc":{"start":{"line":66,"column":23},"end":{"line":69,"column":5}},"line":66},"6":{"name":"(anonymous_6)","decl":{"start":{"line":76,"column":4},"end":{"line":76,"column":5}},"loc":{"start":{"line":76,"column":62},"end":{"line":83,"column":5}},"line":76},"7":{"name":"(anonymous_7)","decl":{"start":{"line":89,"column":4},"end":{"line":89,"column":5}},"loc":{"start":{"line":89,"column":28},"end":{"line":93,"column":5}},"line":89},"8":{"name":"(anonymous_8)","decl":{"start":{"line":99,"column":4},"end":{"line":99,"column":5}},"loc":{"start":{"line":99,"column":20},"end":{"line":102,"column":5}},"line":99},"9":{"name":"(anonymous_9)","decl":{"start":{"line":108,"column":4},"end":{"line":108,"column":5}},"loc":{"start":{"line":108,"column":16},"end":{"line":110,"column":5}},"line":108},"10":{"name":"(anonymous_10)","decl":{"start":{"line":117,"column":4},"end":{"line":117,"column":5}},"loc":{"start":{"line":117,"column":33},"end":{"line":120,"column":5}},"line":117},"11":{"name":"(anonymous_11)","decl":{"start":{"line":126,"column":4},"end":{"line":126,"column":5}},"loc":{"start":{"line":126,"column":16},"end":{"line":128,"column":5}},"line":126},"12":{"name":"findOverdueBooks","decl":{"start":{"line":136,"column":9},"end":{"line":136,"column":25}},"loc":{"start":{"line":136,"column":39},"end":{"line":142,"column":1}},"line":136},"13":{"name":"(anonymous_13)","decl":{"start":{"line":141,"column":25},"end":{"line":141,"column":26}},"loc":{"start":{"line":141,"column":35},"end":{"line":141,"column":108}},"line":141},"14":{"name":"(anonymous_14)","decl":{"start":{"line":141,"column":58},"end":{"line":141,"column":59}},"loc":{"start":{"line":141,"column":70},"end":{"line":141,"column":107}},"line":141},"15":{"name":"processReturnQueue","decl":{"start":{"line":145,"column":9},"end":{"line":145,"column":27}},"loc":{"start":{"line":145,"column":35},"end":{"line":156,"column":1}},"line":145},"16":{"name":"searchBooksByCategory","decl":{"start":{"line":165,"column":9},"end":{"line":165,"column":30}},"loc":{"start":{"line":165,"column":62},"end":{"line":182,"column":1}},"line":165},"17":{"name":"findBookByISBNRecursive","decl":{"start":{"line":184,"column":9},"end":{"line":184,"column":32}},"loc":{"start":{"line":184,"column":50},"end":{"line":200,"column":1}},"line":184},"18":{"name":"getBooksByAuthor","decl":{"start":{"line":208,"column":9},"end":{"line":208,"column":25}},"loc":{"start":{"line":208,"column":38},"end":{"line":215,"column":1}},"line":208},"19":{"name":"(anonymous_19)","decl":{"start":{"line":214,"column":24},"end":{"line":214,"column":25}},"loc":{"start":{"line":214,"column":34},"end":{"line":214,"column":88}},"line":214},"20":{"name":"calculateTotalLateFees","decl":{"start":{"line":222,"column":9},"end":{"line":222,"column":31}},"loc":{"start":{"line":222,"column":46},"end":{"line":228,"column":1}},"line":222},"21":{"name":"(anonymous_21)","decl":{"start":{"line":227,"column":44},"end":{"line":227,"column":45}},"loc":{"start":{"line":227,"column":62},"end":{"line":227,"column":117}},"line":227},"22":{"name":"combineBookCollections","decl":{"start":{"line":235,"column":9},"end":{"line":235,"column":31}},"loc":{"start":{"line":235,"column":48},"end":{"line":237,"column":1}},"line":235},"23":{"name":"(anonymous_23)","decl":{"start":{"line":236,"column":30},"end":{"line":236,"column":31}},"loc":{"start":{"line":236,"column":56},"end":{"line":236,"column":119}},"line":236},"24":{"name":"addMultipleBooks","decl":{"start":{"line":244,"column":9},"end":{"line":244,"column":25}},"loc":{"start":{"line":244,"column":39},"end":{"line":248,"column":1}},"line":244},"25":{"name":"(anonymous_25)","decl":{"start":{"line":245,"column":39},"end":{"line":245,"column":40}},"loc":{"start":{"line":245,"column":49},"end":{"line":245,"column":62}},"line":245},"26":{"name":"updateMemberInfo","decl":{"start":{"line":256,"column":9},"end":{"line":256,"column":25}},"loc":{"start":{"line":256,"column":43},"end":{"line":273,"column":1}},"line":256},"27":{"name":"borrowBook","decl":{"start":{"line":276,"column":9},"end":{"line":276,"column":19}},"loc":{"start":{"line":276,"column":36},"end":{"line":315,"column":1}},"line":276},"28":{"name":"findMemberById","decl":{"start":{"line":318,"column":9},"end":{"line":318,"column":23}},"loc":{"start":{"line":318,"column":28},"end":{"line":324,"column":1}},"line":318},"29":{"name":"(anonymous_29)","decl":{"start":{"line":323,"column":24},"end":{"line":323,"column":25}},"loc":{"start":{"line":323,"column":36},"end":{"line":323,"column":59}},"line":323},"30":{"name":"findBookByISBN","decl":{"start":{"line":326,"column":9},"end":{"line":326,"column":23}},"loc":{"start":{"line":326,"column":30},"end":{"line":332,"column":1}},"line":326},"31":{"name":"(anonymous_31)","decl":{"start":{"line":331,"column":22},"end":{"line":331,"column":23}},"loc":{"start":{"line":331,"column":32},"end":{"line":331,"column":57}},"line":331},"32":{"name":"(anonymous_32)","decl":{"start":{"line":343,"column":4},"end":{"line":343,"column":5}},"loc":{"start":{"line":343,"column":18},"end":{"line":347,"column":5}},"line":343},"33":{"name":"(anonymous_33)","decl":{"start":{"line":346,"column":44},"end":{"line":346,"column":45}},"loc":{"start":{"line":346,"column":61},"end":{"line":346,"column":91}},"line":346},"34":{"name":"(anonymous_34)","decl":{"start":{"line":349,"column":4},"end":{"line":349,"column":5}},"loc":{"start":{"line":349,"column":25},"end":{"line":355,"column":5}},"line":349},"35":{"name":"(anonymous_35)","decl":{"start":{"line":354,"column":28},"end":{"line":354,"column":29}},"loc":{"start":{"line":354,"column":59},"end":{"line":354,"column":148}},"line":354},"36":{"name":"(anonymous_36)","decl":{"start":{"line":357,"column":4},"end":{"line":357,"column":5}},"loc":{"start":{"line":357,"column":31},"end":{"line":363,"column":5}},"line":357},"37":{"name":"(anonymous_37)","decl":{"start":{"line":365,"column":4},"end":{"line":365,"column":5}},"loc":{"start":{"line":365,"column":26},"end":{"line":368,"column":5}},"line":365},"38":{"name":"formatBookInfo","decl":{"start":{"line":372,"column":9},"end":{"line":372,"column":23}},"loc":{"start":{"line":372,"column":30},"end":{"line":379,"column":1}},"line":372},"39":{"name":"calculateFineAmount","decl":{"start":{"line":382,"column":9},"end":{"line":382,"column":28}},"loc":{"start":{"line":382,"column":39},"end":{"line":389,"column":1}},"line":382},"40":{"name":"getAllBooks","decl":{"start":{"line":391,"column":9},"end":{"line":391,"column":20}},"loc":{"start":{"line":391,"column":23},"end":{"line":393,"column":1}},"line":391},"41":{"name":"registerMember","decl":{"start":{"line":395,"column":9},"end":{"line":395,"column":23}},"loc":{"start":{"line":395,"column":66},"end":{"line":411,"column":1}},"line":395},"42":{"name":"addBook","decl":{"start":{"line":413,"column":9},"end":{"line":413,"column":16}},"loc":{"start":{"line":413,"column":27},"end":{"line":436,"column":1}},"line":413},"43":{"name":"addSeedData","decl":{"start":{"line":438,"column":9},"end":{"line":438,"column":20}},"loc":{"start":{"line":438,"column":23},"end":{"line":458,"column":1}},"line":438},"44":{"name":"initializeLibrary","decl":{"start":{"line":460,"column":9},"end":{"line":460,"column":26}},"loc":{"start":{"line":460,"column":29},"end":{"line":464,"column":1}},"line":460},"45":{"name":"resetLibraryState","decl":{"start":{"line":466,"column":9},"end":{"line":466,"column":26}},"loc":{"start":{"line":466,"column":29},"end":{"line":470,"column":1}},"line":466},"46":{"name":"(anonymous_46)","decl":{"start":{"line":477,"column":4},"end":{"line":477,"column":5}},"loc":{"start":{"line":477,"column":16},"end":{"line":479,"column":5}},"line":477},"47":{"name":"(anonymous_47)","decl":{"start":{"line":480,"column":4},"end":{"line":480,"column":5}},"loc":{"start":{"line":480,"column":18},"end":{"line":482,"column":5}},"line":480}},"branchMap":{"0":{"loc":{"start":{"line":12,"column":51},"end":{"line":12,"column":71}},"type":"default-arg","locations":[{"start":{"line":12,"column":62},"end":{"line":12,"column":71}}],"line":12},"1":{"loc":{"start":{"line":18,"column":27},"end":{"line":18,"column":46}},"type":"binary-expr","locations":[{"start":{"line":18,"column":27},"end":{"line":18,"column":41}},{"start":{"line":18,"column":45},"end":{"line":18,"column":46}}],"line":18},"2":{"loc":{"start":{"line":19,"column":31},"end":{"line":19,"column":50}},"type":"binary-expr","locations":[{"start":{"line":19,"column":31},"end":{"line":19,"column":45}},{"start":{"line":19,"column":49},"end":{"line":19,"column":50}}],"line":19},"3":{"loc":{"start":{"line":41,"column":8},"end":{"line":43,"column":9}},"type":"if","locations":[{"start":{"line":41,"column":8},"end":{"line":43,"column":9}},{"start":{},"end":{}}],"line":41},"4":{"loc":{"start":{"line":54,"column":61},"end":{"line":54,"column":71}},"type":"default-arg","locations":[{"start":{"line":54,"column":70},"end":{"line":54,"column":71}}],"line":54},"5":{"loc":{"start":{"line":76,"column":33},"end":{"line":76,"column":60}},"type":"default-arg","locations":[{"start":{"line":76,"column":50},"end":{"line":76,"column":60}}],"line":76},"6":{"loc":{"start":{"line":137,"column":4},"end":{"line":139,"column":5}},"type":"if","locations":[{"start":{"line":137,"column":4},"end":{"line":139,"column":5}},{"start":{},"end":{}}],"line":137},"7":{"loc":{"start":{"line":137,"column":8},"end":{"line":137,"column":68}},"type":"binary-expr","locations":[{"start":{"line":137,"column":8},"end":{"line":137,"column":39}},{"start":{"line":137,"column":43},"end":{"line":137,"column":68}}],"line":137},"8":{"loc":{"start":{"line":146,"column":4},"end":{"line":148,"column":5}},"type":"if","locations":[{"start":{"line":146,"column":4},"end":{"line":148,"column":5}},{"start":{},"end":{}}],"line":146},"9":{"loc":{"start":{"line":165,"column":51},"end":{"line":165,"column":60}},"type":"default-arg","locations":[{"start":{"line":165,"column":59},"end":{"line":165,"column":60}}],"line":165},"10":{"loc":{"start":{"line":166,"column":4},"end":{"line":168,"column":5}},"type":"if","locations":[{"start":{"line":166,"column":4},"end":{"line":168,"column":5}},{"start":{},"end":{}}],"line":166},"11":{"loc":{"start":{"line":166,"column":8},"end":{"line":166,"column":84}},"type":"binary-expr","locations":[{"start":{"line":166,"column":8},"end":{"line":166,"column":32}},{"start":{"line":166,"column":36},"end":{"line":166,"column":64}},{"start":{"line":166,"column":68},"end":{"line":166,"column":84}}],"line":166},"12":{"loc":{"start":{"line":170,"column":4},"end":{"line":172,"column":5}},"type":"if","locations":[{"start":{"line":170,"column":4},"end":{"line":172,"column":5}},{"start":{},"end":{}}],"line":170},"13":{"loc":{"start":{"line":177,"column":4},"end":{"line":179,"column":5}},"type":"if","locations":[{"start":{"line":177,"column":4},"end":{"line":179,"column":5}},{"start":{},"end":{}}],"line":177},"14":{"loc":{"start":{"line":177,"column":8},"end":{"line":177,"column":115}},"type":"binary-expr","locations":[{"start":{"line":177,"column":8},"end":{"line":177,"column":19}},{"start":{"line":177,"column":23},"end":{"line":177,"column":43}},{"start":{"line":177,"column":47},"end":{"line":177,"column":115}}],"line":177},"15":{"loc":{"start":{"line":184,"column":39},"end":{"line":184,"column":48}},"type":"default-arg","locations":[{"start":{"line":184,"column":47},"end":{"line":184,"column":48}}],"line":184},"16":{"loc":{"start":{"line":185,"column":4},"end":{"line":187,"column":5}},"type":"if","locations":[{"start":{"line":185,"column":4},"end":{"line":187,"column":5}},{"start":{},"end":{}}],"line":185},"17":{"loc":{"start":{"line":185,"column":8},"end":{"line":185,"column":48}},"type":"binary-expr","locations":[{"start":{"line":185,"column":8},"end":{"line":185,"column":32}},{"start":{"line":185,"column":36},"end":{"line":185,"column":48}}],"line":185},"18":{"loc":{"start":{"line":189,"column":4},"end":{"line":191,"column":5}},"type":"if","locations":[{"start":{"line":189,"column":4},"end":{"line":191,"column":5}},{"start":{},"end":{}}],"line":189},"19":{"loc":{"start":{"line":195,"column":4},"end":{"line":197,"column":5}},"type":"if","locations":[{"start":{"line":195,"column":4},"end":{"line":197,"column":5}},{"start":{},"end":{}}],"line":195},"20":{"loc":{"start":{"line":195,"column":8},"end":{"line":195,"column":55}},"type":"binary-expr","locations":[{"start":{"line":195,"column":8},"end":{"line":195,"column":19}},{"start":{"line":195,"column":23},"end":{"line":195,"column":55}}],"line":195},"21":{"loc":{"start":{"line":209,"column":4},"end":{"line":211,"column":5}},"type":"if","locations":[{"start":{"line":209,"column":4},"end":{"line":211,"column":5}},{"start":{},"end":{}}],"line":209},"22":{"loc":{"start":{"line":209,"column":8},"end":{"line":209,"column":60}},"type":"binary-expr","locations":[{"start":{"line":209,"column":8},"end":{"line":209,"column":38}},{"start":{"line":209,"column":42},"end":{"line":209,"column":60}}],"line":209},"23":{"loc":{"start":{"line":214,"column":35},"end":{"line":214,"column":52}},"type":"binary-expr","locations":[{"start":{"line":214,"column":35},"end":{"line":214,"column":46}},{"start":{"line":214,"column":50},"end":{"line":214,"column":52}}],"line":214},"24":{"loc":{"start":{"line":223,"column":4},"end":{"line":225,"column":5}},"type":"if","locations":[{"start":{"line":223,"column":4},"end":{"line":225,"column":5}},{"start":{},"end":{}}],"line":223},"25":{"loc":{"start":{"line":223,"column":8},"end":{"line":223,"column":66}},"type":"binary-expr","locations":[{"start":{"line":223,"column":8},"end":{"line":223,"column":21}},{"start":{"line":223,"column":25},"end":{"line":223,"column":66}}],"line":223},"26":{"loc":{"start":{"line":227,"column":77},"end":{"line":227,"column":97}},"type":"binary-expr","locations":[{"start":{"line":227,"column":77},"end":{"line":227,"column":92}},{"start":{"line":227,"column":96},"end":{"line":227,"column":97}}],"line":227},"27":{"loc":{"start":{"line":236,"column":74},"end":{"line":236,"column":117}},"type":"cond-expr","locations":[{"start":{"line":236,"column":102},"end":{"line":236,"column":112}},{"start":{"line":236,"column":115},"end":{"line":236,"column":117}}],"line":236},"28":{"loc":{"start":{"line":257,"column":4},"end":{"line":259,"column":5}},"type":"if","locations":[{"start":{"line":257,"column":4},"end":{"line":259,"column":5}},{"start":{},"end":{}}],"line":257},"29":{"loc":{"start":{"line":257,"column":8},"end":{"line":257,"column":66}},"type":"binary-expr","locations":[{"start":{"line":257,"column":8},"end":{"line":257,"column":15}},{"start":{"line":257,"column":19},"end":{"line":257,"column":46}},{"start":{"line":257,"column":50},"end":{"line":257,"column":66}}],"line":257},"30":{"loc":{"start":{"line":262,"column":4},"end":{"line":264,"column":5}},"type":"if","locations":[{"start":{"line":262,"column":4},"end":{"line":264,"column":5}},{"start":{},"end":{}}],"line":262},"31":{"loc":{"start":{"line":262,"column":8},"end":{"line":262,"column":47}},"type":"binary-expr","locations":[{"start":{"line":262,"column":8},"end":{"line":262,"column":32}},{"start":{"line":262,"column":36},"end":{"line":262,"column":47}}],"line":262},"32":{"loc":{"start":{"line":265,"column":4},"end":{"line":267,"column":5}},"type":"if","locations":[{"start":{"line":265,"column":4},"end":{"line":267,"column":5}},{"start":{},"end":{}}],"line":265},"33":{"loc":{"start":{"line":265,"column":8},"end":{"line":265,"column":49}},"type":"binary-expr","locations":[{"start":{"line":265,"column":8},"end":{"line":265,"column":33}},{"start":{"line":265,"column":37},"end":{"line":265,"column":49}}],"line":265},"34":{"loc":{"start":{"line":268,"column":4},"end":{"line":270,"column":5}},"type":"if","locations":[{"start":{"line":268,"column":4},"end":{"line":270,"column":5}},{"start":{},"end":{}}],"line":268},"35":{"loc":{"start":{"line":268,"column":8},"end":{"line":268,"column":67}},"type":"binary-expr","locations":[{"start":{"line":268,"column":8},"end":{"line":268,"column":42}},{"start":{"line":268,"column":46},"end":{"line":268,"column":67}}],"line":268},"36":{"loc":{"start":{"line":281,"column":8},"end":{"line":283,"column":9}},"type":"if","locations":[{"start":{"line":281,"column":8},"end":{"line":283,"column":9}},{"start":{},"end":{}}],"line":281},"37":{"loc":{"start":{"line":281,"column":12},"end":{"line":281,"column":60}},"type":"binary-expr","locations":[{"start":{"line":281,"column":12},"end":{"line":281,"column":40}},{"start":{"line":281,"column":44},"end":{"line":281,"column":60}}],"line":281},"38":{"loc":{"start":{"line":284,"column":8},"end":{"line":286,"column":9}},"type":"if","locations":[{"start":{"line":284,"column":8},"end":{"line":286,"column":9}},{"start":{},"end":{}}],"line":284},"39":{"loc":{"start":{"line":284,"column":12},"end":{"line":284,"column":52}},"type":"binary-expr","locations":[{"start":{"line":284,"column":12},"end":{"line":284,"column":36}},{"start":{"line":284,"column":40},"end":{"line":284,"column":52}}],"line":284},"40":{"loc":{"start":{"line":291,"column":8},"end":{"line":293,"column":9}},"type":"if","locations":[{"start":{"line":291,"column":8},"end":{"line":293,"column":9}},{"start":{},"end":{}}],"line":291},"41":{"loc":{"start":{"line":294,"column":8},"end":{"line":296,"column":9}},"type":"if","locations":[{"start":{"line":294,"column":8},"end":{"line":296,"column":9}},{"start":{},"end":{}}],"line":294},"42":{"loc":{"start":{"line":297,"column":8},"end":{"line":299,"column":9}},"type":"if","locations":[{"start":{"line":297,"column":8},"end":{"line":299,"column":9}},{"start":{},"end":{}}],"line":297},"43":{"loc":{"start":{"line":300,"column":8},"end":{"line":302,"column":9}},"type":"if","locations":[{"start":{"line":300,"column":8},"end":{"line":302,"column":9}},{"start":{},"end":{}}],"line":300},"44":{"loc":{"start":{"line":305,"column":8},"end":{"line":307,"column":9}},"type":"if","locations":[{"start":{"line":305,"column":8},"end":{"line":307,"column":9}},{"start":{},"end":{}}],"line":305},"45":{"loc":{"start":{"line":319,"column":4},"end":{"line":321,"column":5}},"type":"if","locations":[{"start":{"line":319,"column":4},"end":{"line":321,"column":5}},{"start":{},"end":{}}],"line":319},"46":{"loc":{"start":{"line":319,"column":8},"end":{"line":319,"column":44}},"type":"binary-expr","locations":[{"start":{"line":319,"column":8},"end":{"line":319,"column":30}},{"start":{"line":319,"column":34},"end":{"line":319,"column":44}}],"line":319},"47":{"loc":{"start":{"line":327,"column":4},"end":{"line":329,"column":5}},"type":"if","locations":[{"start":{"line":327,"column":4},"end":{"line":329,"column":5}},{"start":{},"end":{}}],"line":327},"48":{"loc":{"start":{"line":327,"column":8},"end":{"line":327,"column":48}},"type":"binary-expr","locations":[{"start":{"line":327,"column":8},"end":{"line":327,"column":32}},{"start":{"line":327,"column":36},"end":{"line":327,"column":48}}],"line":327},"49":{"loc":{"start":{"line":331,"column":11},"end":{"line":331,"column":101}},"type":"binary-expr","locations":[{"start":{"line":331,"column":11},"end":{"line":331,"column":58}},{"start":{"line":331,"column":62},"end":{"line":331,"column":101}}],"line":331},"50":{"loc":{"start":{"line":350,"column":8},"end":{"line":352,"column":9}},"type":"if","locations":[{"start":{"line":350,"column":8},"end":{"line":352,"column":9}},{"start":{},"end":{}}],"line":350},"51":{"loc":{"start":{"line":354,"column":59},"end":{"line":354,"column":148}},"type":"cond-expr","locations":[{"start":{"line":354,"column":123},"end":{"line":354,"column":134}},{"start":{"line":354,"column":137},"end":{"line":354,"column":148}}],"line":354},"52":{"loc":{"start":{"line":358,"column":8},"end":{"line":360,"column":9}},"type":"if","locations":[{"start":{"line":358,"column":8},"end":{"line":360,"column":9}},{"start":{},"end":{}}],"line":358},"53":{"loc":{"start":{"line":373,"column":4},"end":{"line":375,"column":5}},"type":"if","locations":[{"start":{"line":373,"column":4},"end":{"line":375,"column":5}},{"start":{},"end":{}}],"line":373},"54":{"loc":{"start":{"line":373,"column":8},"end":{"line":373,"column":41}},"type":"binary-expr","locations":[{"start":{"line":373,"column":8},"end":{"line":373,"column":13}},{"start":{"line":373,"column":17},"end":{"line":373,"column":41}}],"line":373},"55":{"loc":{"start":{"line":377,"column":27},"end":{"line":377,"column":51}},"type":"binary-expr","locations":[{"start":{"line":377,"column":27},"end":{"line":377,"column":45}},{"start":{"line":377,"column":49},"end":{"line":377,"column":51}}],"line":377},"56":{"loc":{"start":{"line":377,"column":64},"end":{"line":377,"column":89}},"type":"binary-expr","locations":[{"start":{"line":377,"column":64},"end":{"line":377,"column":83}},{"start":{"line":377,"column":87},"end":{"line":377,"column":89}}],"line":377},"57":{"loc":{"start":{"line":377,"column":100},"end":{"line":377,"column":115}},"type":"binary-expr","locations":[{"start":{"line":377,"column":100},"end":{"line":377,"column":109}},{"start":{"line":377,"column":113},"end":{"line":377,"column":115}}],"line":377},"58":{"loc":{"start":{"line":383,"column":4},"end":{"line":385,"column":5}},"type":"if","locations":[{"start":{"line":383,"column":4},"end":{"line":385,"column":5}},{"start":{},"end":{}}],"line":383},"59":{"loc":{"start":{"line":383,"column":8},"end":{"line":383,"column":79}},"type":"binary-expr","locations":[{"start":{"line":383,"column":8},"end":{"line":383,"column":36}},{"start":{"line":383,"column":40},"end":{"line":383,"column":62}},{"start":{"line":383,"column":66},"end":{"line":383,"column":79}}],"line":383},"60":{"loc":{"start":{"line":395,"column":37},"end":{"line":395,"column":64}},"type":"default-arg","locations":[{"start":{"line":395,"column":54},"end":{"line":395,"column":64}}],"line":395},"61":{"loc":{"start":{"line":396,"column":4},"end":{"line":398,"column":5}},"type":"if","locations":[{"start":{"line":396,"column":4},"end":{"line":398,"column":5}},{"start":{},"end":{}}],"line":396},"62":{"loc":{"start":{"line":396,"column":8},"end":{"line":396,"column":48}},"type":"binary-expr","locations":[{"start":{"line":396,"column":8},"end":{"line":396,"column":32}},{"start":{"line":396,"column":36},"end":{"line":396,"column":48}}],"line":396},"63":{"loc":{"start":{"line":399,"column":4},"end":{"line":401,"column":5}},"type":"if","locations":[{"start":{"line":399,"column":4},"end":{"line":401,"column":5}},{"start":{},"end":{}}],"line":399},"64":{"loc":{"start":{"line":399,"column":8},"end":{"line":399,"column":50}},"type":"binary-expr","locations":[{"start":{"line":399,"column":8},"end":{"line":399,"column":33}},{"start":{"line":399,"column":37},"end":{"line":399,"column":50}}],"line":399},"65":{"loc":{"start":{"line":404,"column":19},"end":{"line":406,"column":71}},"type":"cond-expr","locations":[{"start":{"line":405,"column":10},"end":{"line":405,"column":62}},{"start":{"line":406,"column":10},"end":{"line":406,"column":71}}],"line":404},"66":{"loc":{"start":{"line":414,"column":4},"end":{"line":416,"column":5}},"type":"if","locations":[{"start":{"line":414,"column":4},"end":{"line":416,"column":5}},{"start":{},"end":{}}],"line":414},"67":{"loc":{"start":{"line":414,"column":8},"end":{"line":414,"column":49}},"type":"binary-expr","locations":[{"start":{"line":414,"column":8},"end":{"line":414,"column":17}},{"start":{"line":414,"column":21},"end":{"line":414,"column":49}}],"line":414},"68":{"loc":{"start":{"line":418,"column":47},"end":{"line":418,"column":67}},"type":"default-arg","locations":[{"start":{"line":418,"column":58},"end":{"line":418,"column":67}}],"line":418},"69":{"loc":{"start":{"line":419,"column":4},"end":{"line":421,"column":5}},"type":"if","locations":[{"start":{"line":419,"column":4},"end":{"line":421,"column":5}},{"start":{},"end":{}}],"line":419},"70":{"loc":{"start":{"line":419,"column":8},"end":{"line":419,"column":48}},"type":"binary-expr","locations":[{"start":{"line":419,"column":8},"end":{"line":419,"column":32}},{"start":{"line":419,"column":36},"end":{"line":419,"column":48}}],"line":419},"71":{"loc":{"start":{"line":422,"column":4},"end":{"line":424,"column":5}},"type":"if","locations":[{"start":{"line":422,"column":4},"end":{"line":424,"column":5}},{"start":{},"end":{}}],"line":422},"72":{"loc":{"start":{"line":422,"column":8},"end":{"line":422,"column":50}},"type":"binary-expr","locations":[{"start":{"line":422,"column":8},"end":{"line":422,"column":33}},{"start":{"line":422,"column":37},"end":{"line":422,"column":50}}],"line":422},"73":{"loc":{"start":{"line":425,"column":4},"end":{"line":427,"column":5}},"type":"if","locations":[{"start":{"line":425,"column":4},"end":{"line":427,"column":5}},{"start":{},"end":{}}],"line":425},"74":{"loc":{"start":{"line":425,"column":8},"end":{"line":425,"column":52}},"type":"binary-expr","locations":[{"start":{"line":425,"column":8},"end":{"line":425,"column":34}},{"start":{"line":425,"column":38},"end":{"line":425,"column":52}}],"line":425},"75":{"loc":{"start":{"line":429,"column":27},"end":{"line":431,"column":133}},"type":"cond-expr","locations":[{"start":{"line":430,"column":10},"end":{"line":430,"column":148}},{"start":{"line":431,"column":10},"end":{"line":431,"column":133}}],"line":429},"76":{"loc":{"start":{"line":429,"column":27},"end":{"line":429,"column":85}},"type":"binary-expr","locations":[{"start":{"line":429,"column":27},"end":{"line":429,"column":55}},{"start":{"line":429,"column":59},"end":{"line":429,"column":85}}],"line":429},"77":{"loc":{"start":{"line":430,"column":68},"end":{"line":430,"column":108}},"type":"binary-expr","locations":[{"start":{"line":430,"column":68},"end":{"line":430,"column":80}},{"start":{"line":430,"column":84},"end":{"line":430,"column":108}}],"line":430},"78":{"loc":{"start":{"line":430,"column":128},"end":{"line":430,"column":147}},"type":"binary-expr","locations":[{"start":{"line":430,"column":128},"end":{"line":430,"column":142}},{"start":{"line":430,"column":146},"end":{"line":430,"column":147}}],"line":430},"79":{"loc":{"start":{"line":431,"column":61},"end":{"line":431,"column":101}},"type":"binary-expr","locations":[{"start":{"line":431,"column":61},"end":{"line":431,"column":73}},{"start":{"line":431,"column":77},"end":{"line":431,"column":101}}],"line":431},"80":{"loc":{"start":{"line":431,"column":103},"end":{"line":431,"column":122}},"type":"binary-expr","locations":[{"start":{"line":431,"column":103},"end":{"line":431,"column":117}},{"start":{"line":431,"column":121},"end":{"line":431,"column":122}}],"line":431},"81":{"loc":{"start":{"line":439,"column":4},"end":{"line":441,"column":5}},"type":"if","locations":[{"start":{"line":439,"column":4},"end":{"line":441,"column":5}},{"start":{},"end":{}}],"line":439},"82":{"loc":{"start":{"line":439,"column":8},"end":{"line":439,"column":38}},"type":"binary-expr","locations":[{"start":{"line":439,"column":8},"end":{"line":439,"column":20}},{"start":{"line":439,"column":24},"end":{"line":439,"column":38}}],"line":439},"83":{"loc":{"start":{"line":508,"column":0},"end":{"line":510,"column":1}},"type":"if","locations":[{"start":{"line":508,"column":0},"end":{"line":510,"column":1}},{"start":{},"end":{}}],"line":508},"84":{"loc":{"start":{"line":508,"column":4},"end":{"line":508,"column":51}},"type":"binary-expr","locations":[{"start":{"line":508,"column":4},"end":{"line":508,"column":33}},{"start":{"line":508,"column":37},"end":{"line":508,"column":51}}],"line":508},"85":{"loc":{"start":{"line":512,"column":0},"end":{"line":514,"column":1}},"type":"if","locations":[{"start":{"line":512,"column":0},"end":{"line":514,"column":1}},{"start":{},"end":{}}],"line":512}},"s":{"0":1,"1":1,"2":1,"3":1,"4":128,"5":128,"6":128,"7":128,"8":128,"9":128,"10":128,"11":128,"12":3,"13":2,"14":1,"15":0,"16":1,"17":1,"18":1,"19":31,"20":31,"21":31,"22":31,"23":1,"24":1,"25":65,"26":65,"27":65,"28":65,"29":65,"30":65,"31":1,"32":1,"33":1,"34":1,"35":1,"36":1,"37":31,"38":31,"39":1,"40":1,"41":1,"42":0,"43":0,"44":0,"45":1,"46":0,"47":1,"48":1,"49":2,"50":1,"51":6,"52":1,"53":5,"54":1,"55":4,"56":4,"57":4,"58":1,"59":3,"60":6,"61":0,"62":6,"63":1,"64":5,"65":5,"66":1,"67":4,"68":3,"69":2,"70":1,"71":1,"72":4,"73":1,"74":0,"75":1,"76":2,"77":1,"78":3,"79":1,"80":2,"81":1,"82":1,"83":1,"84":0,"85":1,"86":1,"87":1,"88":1,"89":1,"90":1,"91":0,"92":1,"93":2,"94":2,"95":1,"96":1,"97":0,"98":1,"99":1,"100":1,"101":0,"102":1,"103":1,"104":0,"105":0,"106":0,"107":0,"108":0,"109":0,"110":0,"111":0,"112":0,"113":0,"114":2,"115":2,"116":1,"117":0,"118":1,"119":1,"120":2,"121":0,"122":2,"123":5,"124":1,"125":96,"126":96,"127":96,"128":261,"129":1,"130":0,"131":1,"132":4,"133":1,"134":0,"135":1,"136":1,"137":1,"138":1,"139":0,"140":1,"141":1,"142":4,"143":2,"144":2,"145":2,"146":5,"147":1,"148":0,"149":1,"150":0,"151":1,"152":1,"153":1,"154":1,"155":1,"156":1,"157":0,"158":1,"159":1,"160":0,"161":1,"162":0,"163":1,"164":0,"165":1,"166":1,"167":1,"168":1,"169":32,"170":2,"171":30,"172":30,"173":30,"174":30,"175":30,"176":32,"177":32,"178":32,"179":31,"180":31,"181":31,"182":1,"183":0,"184":3,"185":1,"186":1,"187":1,"188":1},"f":{"0":128,"1":3,"2":2,"3":1,"4":31,"5":1,"6":65,"7":1,"8":1,"9":1,"10":31,"11":1,"12":1,"13":0,"14":0,"15":1,"16":6,"17":6,"18":3,"19":4,"20":1,"21":2,"22":1,"23":3,"24":1,"25":2,"26":1,"27":2,"28":1,"29":1,"30":2,"31":5,"32":96,"33":261,"34":1,"35":4,"36":1,"37":1,"38":1,"39":4,"40":5,"41":1,"42":1,"43":32,"44":32,"45":31,"46":0,"47":3},"b":{"0":[6],"1":[128,0],"2":[128,0],"3":[0,1],"4":[1],"5":[0],"6":[1,0],"7":[1,0],"8":[0,1],"9":[2],"10":[1,5],"11":[6,5,5],"12":[1,4],"13":[1,3],"14":[4,4,4],"15":[1],"16":[0,6],"17":[6,6],"18":[1,5],"19":[1,4],"20":[5,5],"21":[2,1],"22":[3,2],"23":[4,0],"24":[0,1],"25":[1,1],"26":[2,0],"27":[3,0],"28":[0,1],"29":[1,1,1],"30":[1,0],"31":[1,1],"32":[1,0],"33":[1,1],"34":[0,1],"35":[1,0],"36":[1,1],"37":[2,2],"38":[0,1],"39":[1,1],"40":[0,1],"41":[1,0],"42":[0,0],"43":[0,0],"44":[0,0],"45":[0,1],"46":[1,1],"47":[0,2],"48":[2,2],"49":[2,1],"50":[0,1],"51":[0,4],"52":[0,1],"53":[0,1],"54":[1,1],"55":[1,0],"56":[1,0],"57":[1,0],"58":[2,2],"59":[4,3,3],"60":[0],"61":[0,1],"62":[1,1],"63":[0,1],"64":[1,1],"65":[0,1],"66":[0,1],"67":[1,1],"68":[0],"69":[0,1],"70":[1,1],"71":[0,1],"72":[1,1],"73":[0,1],"74":[1,1],"75":[0,1],"76":[1,0],"77":[0,0],"78":[0,0],"79":[1,0],"80":[1,0],"81":[2,30],"82":[32,30],"83":[1,0],"84":[1,1],"85":[1,0]},"_coverageSchema":"1a1c01bbd47fc00a2c39e90264f33305004495a9","hash":"7fef1af404aa6153ce70e986c27dd8f90e93849c"}
,"C:\\Users\\stemb\\Downloads\\javascript-library-capstone-debug-Lisakhanya7-main\\javascript-library-capstone-debug-Lisakhanya7-main\\ui.js": {"path":"C:\\Users\\stemb\\Downloads\\javascript-library-capstone-debug-Lisakhanya7-main\\javascript-library-capstone-debug-Lisakhanya7-main\\ui.js","statementMap":{"0":{"start":{"line":12,"column":26},"end":{"line":17,"column":1}},"1":{"start":{"line":19,"column":0},"end":{"line":19,"column":49}},"2":{"start":{"line":22,"column":22},"end":{"line":24,"column":27}},"3":{"start":{"line":25,"column":22},"end":{"line":25,"column":57}},"4":{"start":{"line":26,"column":22},"end":{"line":26,"column":61}},"5":{"start":{"line":27,"column":4},"end":{"line":27,"column":68}},"6":{"start":{"line":31,"column":4},"end":{"line":33,"column":5}},"7":{"start":{"line":32,"column":8},"end":{"line":32,"column":15}},"8":{"start":{"line":35,"column":4},"end":{"line":35,"column":67}},"9":{"start":{"line":36,"column":4},"end":{"line":36,"column":52}},"10":{"start":{"line":37,"column":4},"end":{"line":37,"column":64}},"11":{"start":{"line":38,"column":4},"end":{"line":38,"column":56}},"12":{"start":{"line":39,"column":4},"end":{"line":39,"column":63}},"13":{"start":{"line":40,"column":4},"end":{"line":40,"column":65}},"14":{"start":{"line":41,"column":4},"end":{"line":41,"column":65}},"15":{"start":{"line":42,"column":4},"end":{"line":42,"column":59}},"16":{"start":{"line":43,"column":4},"end":{"line":43,"column":68}},"17":{"start":{"line":45,"column":4},"end":{"line":47,"column":5}},"18":{"start":{"line":46,"column":8},"end":{"line":46,"column":15}},"19":{"start":{"line":49,"column":4},"end":{"line":51,"column":5}},"20":{"start":{"line":50,"column":8},"end":{"line":50,"column":46}},"21":{"start":{"line":53,"column":4},"end":{"line":53,"column":26}},"22":{"start":{"line":54,"column":4},"end":{"line":54,"column":66}},"23":{"start":{"line":55,"column":4},"end":{"line":55,"column":30}},"24":{"start":{"line":56,"column":4},"end":{"line":56,"column":23}},"25":{"start":{"line":57,"column":4},"end":{"line":57,"column":21}},"26":{"start":{"line":58,"column":4},"end":{"line":58,"column":23}},"27":{"start":{"line":62,"column":4},"end":{"line":64,"column":5}},"28":{"start":{"line":63,"column":8},"end":{"line":63,"column":60}},"29":{"start":{"line":65,"column":4},"end":{"line":67,"column":5}},"30":{"start":{"line":66,"column":8},"end":{"line":66,"column":70}},"31":{"start":{"line":68,"column":4},"end":{"line":70,"column":5}},"32":{"start":{"line":69,"column":8},"end":{"line":69,"column":66}},"33":{"start":{"line":71,"column":4},"end":{"line":73,"column":5}},"34":{"start":{"line":72,"column":8},"end":{"line":72,"column":70}},"35":{"start":{"line":75,"column":17},"end":{"line":79,"column":5}},"36":{"start":{"line":81,"column":4},"end":{"line":93,"column":7}},"37":{"start":{"line":82,"column":8},"end":{"line":84,"column":9}},"38":{"start":{"line":83,"column":12},"end":{"line":83,"column":19}},"39":{"start":{"line":86,"column":8},"end":{"line":92,"column":11}},"40":{"start":{"line":87,"column":30},"end":{"line":87,"column":64}},"41":{"start":{"line":88,"column":12},"end":{"line":91,"column":15}},"42":{"start":{"line":89,"column":40},"end":{"line":89,"column":71}},"43":{"start":{"line":90,"column":16},"end":{"line":90,"column":103}},"44":{"start":{"line":97,"column":4},"end":{"line":99,"column":5}},"45":{"start":{"line":98,"column":8},"end":{"line":98,"column":15}},"46":{"start":{"line":101,"column":4},"end":{"line":101,"column":38}},"47":{"start":{"line":102,"column":21},"end":{"line":102,"column":60}},"48":{"start":{"line":103,"column":21},"end":{"line":103,"column":54}},"49":{"start":{"line":105,"column":4},"end":{"line":112,"column":5}},"50":{"start":{"line":106,"column":27},"end":{"line":106,"column":54}},"51":{"start":{"line":107,"column":8},"end":{"line":107,"column":45}},"52":{"start":{"line":108,"column":8},"end":{"line":108,"column":71}},"53":{"start":{"line":109,"column":8},"end":{"line":109,"column":41}},"54":{"start":{"line":110,"column":8},"end":{"line":110,"column":49}},"55":{"start":{"line":111,"column":8},"end":{"line":111,"column":15}},"56":{"start":{"line":114,"column":4},"end":{"line":137,"column":7}},"57":{"start":{"line":115,"column":22},"end":{"line":115,"column":79}},"58":{"start":{"line":116,"column":23},"end":{"line":116,"column":88}},"59":{"start":{"line":117,"column":25},"end":{"line":117,"column":87}},"60":{"start":{"line":118,"column":32},"end":{"line":118,"column":97}},"61":{"start":{"line":119,"column":21},"end":{"line":119,"column":68}},"62":{"start":{"line":121,"column":25},"end":{"line":121,"column":58}},"63":{"start":{"line":122,"column":8},"end":{"line":122,"column":41}},"64":{"start":{"line":123,"column":8},"end":{"line":123,"column":39}},"65":{"start":{"line":124,"column":8},"end":{"line":135,"column":10}},"66":{"start":{"line":136,"column":8},"end":{"line":136,"column":39}},"67":{"start":{"line":139,"column":4},"end":{"line":139,"column":45}},"68":{"start":{"line":143,"column":4},"end":{"line":143,"column":27}},"69":{"start":{"line":145,"column":26},"end":{"line":145,"column":62}},"70":{"start":{"line":146,"column":22},"end":{"line":146,"column":53}},"71":{"start":{"line":147,"column":21},"end":{"line":147,"column":68}},"72":{"start":{"line":148,"column":17},"end":{"line":148,"column":56}},"73":{"start":{"line":150,"column":4},"end":{"line":153,"column":5}},"74":{"start":{"line":151,"column":8},"end":{"line":151,"column":74}},"75":{"start":{"line":152,"column":8},"end":{"line":152,"column":15}},"76":{"start":{"line":155,"column":20},"end":{"line":155,"column":76}},"77":{"start":{"line":157,"column":4},"end":{"line":165,"column":5}},"78":{"start":{"line":158,"column":8},"end":{"line":158,"column":62}},"79":{"start":{"line":159,"column":8},"end":{"line":159,"column":30}},"80":{"start":{"line":160,"column":8},"end":{"line":160,"column":61}},"81":{"start":{"line":161,"column":8},"end":{"line":161,"column":34}},"82":{"start":{"line":162,"column":8},"end":{"line":162,"column":33}},"83":{"start":{"line":164,"column":8},"end":{"line":164,"column":71}},"84":{"start":{"line":169,"column":17},"end":{"line":169,"column":54}},"85":{"start":{"line":170,"column":4},"end":{"line":172,"column":5}},"86":{"start":{"line":171,"column":8},"end":{"line":171,"column":15}},"87":{"start":{"line":174,"column":19},"end":{"line":174,"column":44}},"88":{"start":{"line":175,"column":4},"end":{"line":175,"column":31}},"89":{"start":{"line":179,"column":23},"end":{"line":179,"column":71}},"90":{"start":{"line":180,"column":29},"end":{"line":180,"column":74}},"91":{"start":{"line":181,"column":20},"end":{"line":186,"column":6}},"92":{"start":{"line":182,"column":27},"end":{"line":182,"column":73}},"93":{"start":{"line":183,"column":28},"end":{"line":183,"column":75}},"94":{"start":{"line":184,"column":30},"end":{"line":184,"column":94}},"95":{"start":{"line":185,"column":8},"end":{"line":185,"column":60}},"96":{"start":{"line":188,"column":4},"end":{"line":188,"column":33}},"97":{"start":{"line":192,"column":29},"end":{"line":192,"column":74}},"98":{"start":{"line":193,"column":23},"end":{"line":193,"column":80}},"99":{"start":{"line":194,"column":21},"end":{"line":198,"column":6}},"100":{"start":{"line":195,"column":30},"end":{"line":195,"column":94}},"101":{"start":{"line":196,"column":26},"end":{"line":196,"column":136}},"102":{"start":{"line":197,"column":8},"end":{"line":197,"column":42}},"103":{"start":{"line":200,"column":4},"end":{"line":200,"column":34}},"104":{"start":{"line":204,"column":4},"end":{"line":213,"column":5}},"105":{"start":{"line":205,"column":21},"end":{"line":208,"column":9}},"106":{"start":{"line":209,"column":8},"end":{"line":209,"column":36}},"107":{"start":{"line":211,"column":8},"end":{"line":211,"column":37}},"108":{"start":{"line":212,"column":8},"end":{"line":212,"column":18}},"109":{"start":{"line":217,"column":4},"end":{"line":230,"column":5}},"110":{"start":{"line":218,"column":23},"end":{"line":218,"column":53}},"111":{"start":{"line":219,"column":8},"end":{"line":221,"column":9}},"112":{"start":{"line":220,"column":12},"end":{"line":220,"column":53}},"113":{"start":{"line":222,"column":8},"end":{"line":222,"column":49}},"114":{"start":{"line":223,"column":8},"end":{"line":223,"column":56}},"115":{"start":{"line":224,"column":8},"end":{"line":224,"column":60}},"116":{"start":{"line":225,"column":8},"end":{"line":225,"column":57}},"117":{"start":{"line":226,"column":8},"end":{"line":226,"column":70}},"118":{"start":{"line":227,"column":8},"end":{"line":227,"column":34}},"119":{"start":{"line":229,"column":8},"end":{"line":229,"column":37}},"120":{"start":{"line":234,"column":4},"end":{"line":239,"column":5}},"121":{"start":{"line":235,"column":8},"end":{"line":235,"column":103}},"122":{"start":{"line":236,"column":8},"end":{"line":236,"column":97}},"123":{"start":{"line":238,"column":8},"end":{"line":238,"column":37}},"124":{"start":{"line":243,"column":4},"end":{"line":261,"column":5}},"125":{"start":{"line":244,"column":26},"end":{"line":244,"column":62}},"126":{"start":{"line":245,"column":28},"end":{"line":245,"column":66}},"127":{"start":{"line":247,"column":8},"end":{"line":249,"column":9}},"128":{"start":{"line":248,"column":12},"end":{"line":248,"column":19}},"129":{"start":{"line":251,"column":25},"end":{"line":251,"column":46}},"130":{"start":{"line":252,"column":27},"end":{"line":252,"column":50}},"131":{"start":{"line":253,"column":8},"end":{"line":253,"column":49}},"132":{"start":{"line":254,"column":8},"end":{"line":254,"column":85}},"133":{"start":{"line":255,"column":8},"end":{"line":255,"column":91}},"134":{"start":{"line":256,"column":8},"end":{"line":256,"column":57}},"135":{"start":{"line":257,"column":8},"end":{"line":257,"column":70}},"136":{"start":{"line":258,"column":8},"end":{"line":258,"column":34}},"137":{"start":{"line":260,"column":8},"end":{"line":260,"column":37}},"138":{"start":{"line":265,"column":4},"end":{"line":267,"column":5}},"139":{"start":{"line":266,"column":8},"end":{"line":266,"column":15}},"140":{"start":{"line":269,"column":17},"end":{"line":269,"column":64}},"141":{"start":{"line":270,"column":4},"end":{"line":273,"column":5}},"142":{"start":{"line":271,"column":8},"end":{"line":271,"column":130}},"143":{"start":{"line":272,"column":8},"end":{"line":272,"column":15}},"144":{"start":{"line":275,"column":4},"end":{"line":283,"column":6}},"145":{"start":{"line":287,"column":25},"end":{"line":287,"column":63}},"146":{"start":{"line":288,"column":27},"end":{"line":288,"column":67}},"147":{"start":{"line":289,"column":28},"end":{"line":289,"column":69}},"148":{"start":{"line":291,"column":18},"end":{"line":291,"column":58}},"149":{"start":{"line":292,"column":20},"end":{"line":292,"column":52}},"150":{"start":{"line":294,"column":4},"end":{"line":296,"column":5}},"151":{"start":{"line":295,"column":8},"end":{"line":295,"column":56}},"152":{"start":{"line":297,"column":4},"end":{"line":299,"column":5}},"153":{"start":{"line":298,"column":8},"end":{"line":298,"column":60}},"154":{"start":{"line":300,"column":4},"end":{"line":302,"column":5}},"155":{"start":{"line":301,"column":8},"end":{"line":301,"column":150}},"156":{"start":{"line":301,"column":75},"end":{"line":301,"column":144}},"157":{"start":{"line":306,"column":4},"end":{"line":308,"column":5}},"158":{"start":{"line":307,"column":8},"end":{"line":307,"column":15}},"159":{"start":{"line":310,"column":4},"end":{"line":310,"column":39}},"160":{"start":{"line":311,"column":17},"end":{"line":311,"column":47}},"161":{"start":{"line":312,"column":4},"end":{"line":312,"column":33}},"162":{"start":{"line":313,"column":4},"end":{"line":330,"column":6}},"163":{"start":{"line":332,"column":4},"end":{"line":332,"column":60}},"164":{"start":{"line":333,"column":4},"end":{"line":333,"column":42}},"165":{"start":{"line":337,"column":4},"end":{"line":337,"column":27}},"166":{"start":{"line":338,"column":22},"end":{"line":338,"column":60}},"167":{"start":{"line":339,"column":23},"end":{"line":339,"column":62}},"168":{"start":{"line":340,"column":22},"end":{"line":340,"column":60}},"169":{"start":{"line":342,"column":4},"end":{"line":344,"column":5}},"170":{"start":{"line":343,"column":8},"end":{"line":343,"column":15}},"171":{"start":{"line":346,"column":22},"end":{"line":346,"column":109}},"172":{"start":{"line":347,"column":4},"end":{"line":350,"column":5}},"173":{"start":{"line":348,"column":8},"end":{"line":348,"column":71}},"174":{"start":{"line":349,"column":8},"end":{"line":349,"column":15}},"175":{"start":{"line":352,"column":4},"end":{"line":352,"column":30}},"176":{"start":{"line":353,"column":4},"end":{"line":353,"column":23}},"177":{"start":{"line":354,"column":4},"end":{"line":354,"column":32}},"178":{"start":{"line":355,"column":4},"end":{"line":355,"column":57}},"179":{"start":{"line":359,"column":4},"end":{"line":361,"column":5}},"180":{"start":{"line":360,"column":8},"end":{"line":360,"column":15}},"181":{"start":{"line":363,"column":4},"end":{"line":363,"column":40}},"182":{"start":{"line":364,"column":17},"end":{"line":364,"column":47}},"183":{"start":{"line":365,"column":4},"end":{"line":365,"column":33}},"184":{"start":{"line":366,"column":4},"end":{"line":396,"column":6}},"185":{"start":{"line":398,"column":4},"end":{"line":398,"column":57}},"186":{"start":{"line":399,"column":4},"end":{"line":399,"column":43}},"187":{"start":{"line":403,"column":4},"end":{"line":403,"column":27}},"188":{"start":{"line":405,"column":22},"end":{"line":405,"column":58}},"189":{"start":{"line":406,"column":23},"end":{"line":406,"column":60}},"190":{"start":{"line":407,"column":24},"end":{"line":407,"column":62}},"191":{"start":{"line":408,"column":22},"end":{"line":408,"column":58}},"192":{"start":{"line":409,"column":24},"end":{"line":409,"column":62}},"193":{"start":{"line":410,"column":26},"end":{"line":410,"column":66}},"194":{"start":{"line":412,"column":4},"end":{"line":414,"column":5}},"195":{"start":{"line":413,"column":8},"end":{"line":413,"column":15}},"196":{"start":{"line":416,"column":20},"end":{"line":423,"column":6}},"197":{"start":{"line":425,"column":4},"end":{"line":428,"column":5}},"198":{"start":{"line":426,"column":8},"end":{"line":426,"column":70}},"199":{"start":{"line":427,"column":8},"end":{"line":427,"column":15}},"200":{"start":{"line":430,"column":4},"end":{"line":430,"column":57}},"201":{"start":{"line":431,"column":4},"end":{"line":431,"column":30}},"202":{"start":{"line":432,"column":4},"end":{"line":432,"column":37}},"203":{"start":{"line":433,"column":4},"end":{"line":433,"column":32}},"204":{"start":{"line":434,"column":4},"end":{"line":434,"column":55}},"205":{"start":{"line":438,"column":4},"end":{"line":440,"column":5}},"206":{"start":{"line":439,"column":8},"end":{"line":439,"column":15}},"207":{"start":{"line":442,"column":4},"end":{"line":442,"column":39}},"208":{"start":{"line":443,"column":21},"end":{"line":443,"column":54}},"209":{"start":{"line":445,"column":4},"end":{"line":455,"column":7}},"210":{"start":{"line":446,"column":21},"end":{"line":446,"column":50}},"211":{"start":{"line":447,"column":8},"end":{"line":447,"column":39}},"212":{"start":{"line":448,"column":8},"end":{"line":453,"column":10}},"213":{"start":{"line":454,"column":8},"end":{"line":454,"column":35}},"214":{"start":{"line":457,"column":4},"end":{"line":457,"column":46}},"215":{"start":{"line":461,"column":4},"end":{"line":463,"column":5}},"216":{"start":{"line":462,"column":8},"end":{"line":462,"column":15}},"217":{"start":{"line":465,"column":4},"end":{"line":465,"column":34}},"218":{"start":{"line":466,"column":4},"end":{"line":466,"column":53}},"219":{"start":{"line":467,"column":4},"end":{"line":469,"column":13}},"220":{"start":{"line":468,"column":8},"end":{"line":468,"column":41}},"221":{"start":{"line":472,"column":0},"end":{"line":478,"column":1}},"222":{"start":{"line":473,"column":4},"end":{"line":477,"column":5}},"223":{"start":{"line":474,"column":8},"end":{"line":474,"column":68}},"224":{"start":{"line":476,"column":8},"end":{"line":476,"column":23}},"225":{"start":{"line":480,"column":0},"end":{"line":490,"column":1}},"226":{"start":{"line":481,"column":4},"end":{"line":481,"column":53}},"227":{"start":{"line":482,"column":4},"end":{"line":482,"column":53}},"228":{"start":{"line":483,"column":4},"end":{"line":483,"column":43}},"229":{"start":{"line":484,"column":4},"end":{"line":484,"column":57}},"230":{"start":{"line":485,"column":4},"end":{"line":485,"column":43}},"231":{"start":{"line":486,"column":4},"end":{"line":486,"column":55}},"232":{"start":{"line":487,"column":4},"end":{"line":487,"column":41}},"233":{"start":{"line":488,"column":4},"end":{"line":488,"column":55}},"234":{"start":{"line":489,"column":4},"end":{"line":489,"column":65}}},"fnMap":{"0":{"name":"getBookCoverImage","decl":{"start":{"line":21,"column":9},"end":{"line":21,"column":26}},"loc":{"start":{"line":21,"column":40},"end":{"line":28,"column":1}},"line":21},"1":{"name":"initializeUI","decl":{"start":{"line":30,"column":9},"end":{"line":30,"column":21}},"loc":{"start":{"line":30,"column":24},"end":{"line":59,"column":1}},"line":30},"2":{"name":"setupEventListeners","decl":{"start":{"line":61,"column":9},"end":{"line":61,"column":28}},"loc":{"start":{"line":61,"column":31},"end":{"line":94,"column":1}},"line":61},"3":{"name":"(anonymous_3)","decl":{"start":{"line":81,"column":17},"end":{"line":81,"column":18}},"loc":{"start":{"line":81,"column":26},"end":{"line":93,"column":5}},"line":81},"4":{"name":"(anonymous_4)","decl":{"start":{"line":86,"column":38},"end":{"line":86,"column":39}},"loc":{"start":{"line":86,"column":44},"end":{"line":92,"column":9}},"line":86},"5":{"name":"(anonymous_5)","decl":{"start":{"line":88,"column":62},"end":{"line":88,"column":63}},"loc":{"start":{"line":88,"column":75},"end":{"line":91,"column":13}},"line":88},"6":{"name":"renderBookCatalogue","decl":{"start":{"line":96,"column":9},"end":{"line":96,"column":28}},"loc":{"start":{"line":96,"column":39},"end":{"line":140,"column":1}},"line":96},"7":{"name":"(anonymous_7)","decl":{"start":{"line":114,"column":21},"end":{"line":114,"column":22}},"loc":{"start":{"line":114,"column":38},"end":{"line":137,"column":5}},"line":114},"8":{"name":"handleBorrowSubmit","decl":{"start":{"line":142,"column":9},"end":{"line":142,"column":27}},"loc":{"start":{"line":142,"column":35},"end":{"line":166,"column":1}},"line":142},"9":{"name":"handleBookClick","decl":{"start":{"line":168,"column":9},"end":{"line":168,"column":24}},"loc":{"start":{"line":168,"column":32},"end":{"line":176,"column":1}},"line":168},"10":{"name":"handleSearch","decl":{"start":{"line":178,"column":9},"end":{"line":178,"column":21}},"loc":{"start":{"line":178,"column":29},"end":{"line":189,"column":1}},"line":178},"11":{"name":"(anonymous_11)","decl":{"start":{"line":181,"column":70},"end":{"line":181,"column":71}},"loc":{"start":{"line":181,"column":80},"end":{"line":186,"column":5}},"line":181},"12":{"name":"handleFilterChange","decl":{"start":{"line":191,"column":9},"end":{"line":191,"column":27}},"loc":{"start":{"line":191,"column":30},"end":{"line":201,"column":1}},"line":191},"13":{"name":"(anonymous_13)","decl":{"start":{"line":194,"column":71},"end":{"line":194,"column":72}},"loc":{"start":{"line":194,"column":81},"end":{"line":198,"column":5}},"line":194},"14":{"name":"exportLibraryData","decl":{"start":{"line":203,"column":9},"end":{"line":203,"column":26}},"loc":{"start":{"line":203,"column":29},"end":{"line":214,"column":1}},"line":203},"15":{"name":"importLibraryData","decl":{"start":{"line":216,"column":9},"end":{"line":216,"column":26}},"loc":{"start":{"line":216,"column":39},"end":{"line":231,"column":1}},"line":216},"16":{"name":"saveToLocalStorage","decl":{"start":{"line":233,"column":9},"end":{"line":233,"column":27}},"loc":{"start":{"line":233,"column":30},"end":{"line":240,"column":1}},"line":233},"17":{"name":"loadFromLocalStorage","decl":{"start":{"line":242,"column":9},"end":{"line":242,"column":29}},"loc":{"start":{"line":242,"column":32},"end":{"line":262,"column":1}},"line":242},"18":{"name":"displayBookDetails","decl":{"start":{"line":264,"column":9},"end":{"line":264,"column":27}},"loc":{"start":{"line":264,"column":34},"end":{"line":284,"column":1}},"line":264},"19":{"name":"updateStatisticsDisplay","decl":{"start":{"line":286,"column":9},"end":{"line":286,"column":32}},"loc":{"start":{"line":286,"column":35},"end":{"line":303,"column":1}},"line":286},"20":{"name":"(anonymous_20)","decl":{"start":{"line":301,"column":58},"end":{"line":301,"column":59}},"loc":{"start":{"line":301,"column":75},"end":{"line":301,"column":144}},"line":301},"21":{"name":"createMemberForm","decl":{"start":{"line":305,"column":9},"end":{"line":305,"column":25}},"loc":{"start":{"line":305,"column":28},"end":{"line":334,"column":1}},"line":305},"22":{"name":"handleMemberFormSubmit","decl":{"start":{"line":336,"column":9},"end":{"line":336,"column":31}},"loc":{"start":{"line":336,"column":39},"end":{"line":356,"column":1}},"line":336},"23":{"name":"createBookForm","decl":{"start":{"line":358,"column":9},"end":{"line":358,"column":23}},"loc":{"start":{"line":358,"column":26},"end":{"line":400,"column":1}},"line":358},"24":{"name":"handleAddBookSubmit","decl":{"start":{"line":402,"column":9},"end":{"line":402,"column":28}},"loc":{"start":{"line":402,"column":36},"end":{"line":435,"column":1}},"line":402},"25":{"name":"renderMemberList","decl":{"start":{"line":437,"column":9},"end":{"line":437,"column":25}},"loc":{"start":{"line":437,"column":28},"end":{"line":458,"column":1}},"line":437},"26":{"name":"(anonymous_26)","decl":{"start":{"line":445,"column":47},"end":{"line":445,"column":48}},"loc":{"start":{"line":445,"column":59},"end":{"line":455,"column":5}},"line":445},"27":{"name":"showMessage","decl":{"start":{"line":460,"column":9},"end":{"line":460,"column":20}},"loc":{"start":{"line":460,"column":48},"end":{"line":470,"column":1}},"line":460},"28":{"name":"(anonymous_28)","decl":{"start":{"line":467,"column":22},"end":{"line":467,"column":23}},"loc":{"start":{"line":467,"column":28},"end":{"line":469,"column":5}},"line":467}},"branchMap":{"0":{"loc":{"start":{"line":22,"column":22},"end":{"line":24,"column":27}},"type":"cond-expr","locations":[{"start":{"line":23,"column":10},"end":{"line":23,"column":38}},{"start":{"line":24,"column":10},"end":{"line":24,"column":27}}],"line":22},"1":{"loc":{"start":{"line":22,"column":22},"end":{"line":22,"column":104}},"type":"binary-expr","locations":[{"start":{"line":22,"column":22},"end":{"line":22,"column":65}},{"start":{"line":22,"column":69},"end":{"line":22,"column":104}}],"line":22},"2":{"loc":{"start":{"line":25,"column":22},"end":{"line":25,"column":57}},"type":"cond-expr","locations":[{"start":{"line":25,"column":48},"end":{"line":25,"column":53}},{"start":{"line":25,"column":56},"end":{"line":25,"column":57}}],"line":25},"3":{"loc":{"start":{"line":27,"column":11},"end":{"line":27,"column":67}},"type":"cond-expr","locations":[{"start":{"line":27,"column":39},"end":{"line":27,"column":48}},{"start":{"line":27,"column":51},"end":{"line":27,"column":67}}],"line":27},"4":{"loc":{"start":{"line":31,"column":4},"end":{"line":33,"column":5}},"type":"if","locations":[{"start":{"line":31,"column":4},"end":{"line":33,"column":5}},{"start":{},"end":{}}],"line":31},"5":{"loc":{"start":{"line":45,"column":4},"end":{"line":47,"column":5}},"type":"if","locations":[{"start":{"line":45,"column":4},"end":{"line":47,"column":5}},{"start":{},"end":{}}],"line":45},"6":{"loc":{"start":{"line":45,"column":8},"end":{"line":45,"column":77}},"type":"binary-expr","locations":[{"start":{"line":45,"column":8},"end":{"line":45,"column":27}},{"start":{"line":45,"column":31},"end":{"line":45,"column":43}},{"start":{"line":45,"column":47},"end":{"line":45,"column":62}},{"start":{"line":45,"column":66},"end":{"line":45,"column":77}}],"line":45},"7":{"loc":{"start":{"line":49,"column":4},"end":{"line":51,"column":5}},"type":"if","locations":[{"start":{"line":49,"column":4},"end":{"line":51,"column":5}},{"start":{},"end":{}}],"line":49},"8":{"loc":{"start":{"line":49,"column":8},"end":{"line":49,"column":58}},"type":"binary-expr","locations":[{"start":{"line":49,"column":8},"end":{"line":49,"column":37}},{"start":{"line":49,"column":41},"end":{"line":49,"column":58}}],"line":49},"9":{"loc":{"start":{"line":54,"column":24},"end":{"line":54,"column":64}},"type":"binary-expr","locations":[{"start":{"line":54,"column":24},"end":{"line":54,"column":58}},{"start":{"line":54,"column":62},"end":{"line":54,"column":64}}],"line":54},"10":{"loc":{"start":{"line":62,"column":4},"end":{"line":64,"column":5}},"type":"if","locations":[{"start":{"line":62,"column":4},"end":{"line":64,"column":5}},{"start":{},"end":{}}],"line":62},"11":{"loc":{"start":{"line":62,"column":8},"end":{"line":62,"column":57}},"type":"binary-expr","locations":[{"start":{"line":62,"column":8},"end":{"line":62,"column":19}},{"start":{"line":62,"column":23},"end":{"line":62,"column":57}}],"line":62},"12":{"loc":{"start":{"line":65,"column":4},"end":{"line":67,"column":5}},"type":"if","locations":[{"start":{"line":65,"column":4},"end":{"line":67,"column":5}},{"start":{},"end":{}}],"line":65},"13":{"loc":{"start":{"line":65,"column":8},"end":{"line":65,"column":66}},"type":"binary-expr","locations":[{"start":{"line":65,"column":8},"end":{"line":65,"column":22}},{"start":{"line":65,"column":26},"end":{"line":65,"column":66}}],"line":65},"14":{"loc":{"start":{"line":68,"column":4},"end":{"line":70,"column":5}},"type":"if","locations":[{"start":{"line":68,"column":4},"end":{"line":70,"column":5}},{"start":{},"end":{}}],"line":68},"15":{"loc":{"start":{"line":68,"column":8},"end":{"line":68,"column":62}},"type":"binary-expr","locations":[{"start":{"line":68,"column":8},"end":{"line":68,"column":18}},{"start":{"line":68,"column":22},"end":{"line":68,"column":62}}],"line":68},"16":{"loc":{"start":{"line":71,"column":4},"end":{"line":73,"column":5}},"type":"if","locations":[{"start":{"line":71,"column":4},"end":{"line":73,"column":5}},{"start":{},"end":{}}],"line":71},"17":{"loc":{"start":{"line":71,"column":8},"end":{"line":71,"column":67}},"type":"binary-expr","locations":[{"start":{"line":71,"column":8},"end":{"line":71,"column":26}},{"start":{"line":71,"column":30},"end":{"line":71,"column":67}}],"line":71},"18":{"loc":{"start":{"line":82,"column":8},"end":{"line":84,"column":9}},"type":"if","locations":[{"start":{"line":82,"column":8},"end":{"line":84,"column":9}},{"start":{},"end":{}}],"line":82},"19":{"loc":{"start":{"line":90,"column":40},"end":{"line":90,"column":102}},"type":"cond-expr","locations":[{"start":{"line":90,"column":86},"end":{"line":90,"column":93}},{"start":{"line":90,"column":96},"end":{"line":90,"column":102}}],"line":90},"20":{"loc":{"start":{"line":90,"column":40},"end":{"line":90,"column":83}},"type":"binary-expr","locations":[{"start":{"line":90,"column":40},"end":{"line":90,"column":55}},{"start":{"line":90,"column":59},"end":{"line":90,"column":83}}],"line":90},"21":{"loc":{"start":{"line":97,"column":4},"end":{"line":99,"column":5}},"type":"if","locations":[{"start":{"line":97,"column":4},"end":{"line":99,"column":5}},{"start":{},"end":{}}],"line":97},"22":{"loc":{"start":{"line":102,"column":21},"end":{"line":102,"column":60}},"type":"cond-expr","locations":[{"start":{"line":102,"column":47},"end":{"line":102,"column":55}},{"start":{"line":102,"column":58},"end":{"line":102,"column":60}}],"line":102},"23":{"loc":{"start":{"line":105,"column":4},"end":{"line":112,"column":5}},"type":"if","locations":[{"start":{"line":105,"column":4},"end":{"line":112,"column":5}},{"start":{},"end":{}}],"line":105},"24":{"loc":{"start":{"line":115,"column":22},"end":{"line":115,"column":79}},"type":"cond-expr","locations":[{"start":{"line":115,"column":56},"end":{"line":115,"column":66}},{"start":{"line":115,"column":69},"end":{"line":115,"column":79}}],"line":115},"25":{"loc":{"start":{"line":116,"column":23},"end":{"line":116,"column":88}},"type":"cond-expr","locations":[{"start":{"line":116,"column":58},"end":{"line":116,"column":69}},{"start":{"line":116,"column":72},"end":{"line":116,"column":88}}],"line":116},"26":{"loc":{"start":{"line":117,"column":25},"end":{"line":117,"column":87}},"type":"cond-expr","locations":[{"start":{"line":117,"column":62},"end":{"line":117,"column":75}},{"start":{"line":117,"column":78},"end":{"line":117,"column":87}}],"line":117},"27":{"loc":{"start":{"line":118,"column":32},"end":{"line":118,"column":97}},"type":"cond-expr","locations":[{"start":{"line":118,"column":73},"end":{"line":118,"column":93}},{"start":{"line":118,"column":96},"end":{"line":118,"column":97}}],"line":118},"28":{"loc":{"start":{"line":119,"column":21},"end":{"line":119,"column":68}},"type":"cond-expr","locations":[{"start":{"line":119,"column":54},"end":{"line":119,"column":63}},{"start":{"line":119,"column":66},"end":{"line":119,"column":68}}],"line":119},"29":{"loc":{"start":{"line":147,"column":21},"end":{"line":147,"column":68}},"type":"cond-expr","locations":[{"start":{"line":147,"column":37},"end":{"line":147,"column":63}},{"start":{"line":147,"column":66},"end":{"line":147,"column":68}}],"line":147},"30":{"loc":{"start":{"line":148,"column":17},"end":{"line":148,"column":56}},"type":"cond-expr","locations":[{"start":{"line":148,"column":29},"end":{"line":148,"column":51}},{"start":{"line":148,"column":54},"end":{"line":148,"column":56}}],"line":148},"31":{"loc":{"start":{"line":150,"column":4},"end":{"line":153,"column":5}},"type":"if","locations":[{"start":{"line":150,"column":4},"end":{"line":153,"column":5}},{"start":{},"end":{}}],"line":150},"32":{"loc":{"start":{"line":150,"column":8},"end":{"line":150,"column":26}},"type":"binary-expr","locations":[{"start":{"line":150,"column":8},"end":{"line":150,"column":17}},{"start":{"line":150,"column":21},"end":{"line":150,"column":26}}],"line":150},"33":{"loc":{"start":{"line":155,"column":20},"end":{"line":155,"column":76}},"type":"binary-expr","locations":[{"start":{"line":155,"column":20},"end":{"line":155,"column":67}},{"start":{"line":155,"column":71},"end":{"line":155,"column":76}}],"line":155},"34":{"loc":{"start":{"line":157,"column":4},"end":{"line":165,"column":5}},"type":"if","locations":[{"start":{"line":157,"column":4},"end":{"line":165,"column":5}},{"start":{"line":163,"column":11},"end":{"line":165,"column":5}}],"line":157},"35":{"loc":{"start":{"line":170,"column":4},"end":{"line":172,"column":5}},"type":"if","locations":[{"start":{"line":170,"column":4},"end":{"line":172,"column":5}},{"start":{},"end":{}}],"line":170},"36":{"loc":{"start":{"line":174,"column":19},"end":{"line":174,"column":44}},"type":"binary-expr","locations":[{"start":{"line":174,"column":19},"end":{"line":174,"column":38}},{"start":{"line":174,"column":42},"end":{"line":174,"column":44}}],"line":174},"37":{"loc":{"start":{"line":179,"column":23},"end":{"line":179,"column":71}},"type":"binary-expr","locations":[{"start":{"line":179,"column":23},"end":{"line":179,"column":65}},{"start":{"line":179,"column":69},"end":{"line":179,"column":71}}],"line":179},"38":{"loc":{"start":{"line":180,"column":29},"end":{"line":180,"column":74}},"type":"cond-expr","locations":[{"start":{"line":180,"column":46},"end":{"line":180,"column":66}},{"start":{"line":180,"column":69},"end":{"line":180,"column":74}}],"line":180},"39":{"loc":{"start":{"line":181,"column":21},"end":{"line":181,"column":61}},"type":"binary-expr","locations":[{"start":{"line":181,"column":21},"end":{"line":181,"column":55}},{"start":{"line":181,"column":59},"end":{"line":181,"column":61}}],"line":181},"40":{"loc":{"start":{"line":184,"column":30},"end":{"line":184,"column":94}},"type":"binary-expr","locations":[{"start":{"line":184,"column":30},"end":{"line":184,"column":56}},{"start":{"line":184,"column":60},"end":{"line":184,"column":94}}],"line":184},"41":{"loc":{"start":{"line":185,"column":15},"end":{"line":185,"column":59}},"type":"binary-expr","locations":[{"start":{"line":185,"column":16},"end":{"line":185,"column":26}},{"start":{"line":185,"column":30},"end":{"line":185,"column":41}},{"start":{"line":185,"column":46},"end":{"line":185,"column":59}}],"line":185},"42":{"loc":{"start":{"line":192,"column":29},"end":{"line":192,"column":74}},"type":"cond-expr","locations":[{"start":{"line":192,"column":46},"end":{"line":192,"column":66}},{"start":{"line":192,"column":69},"end":{"line":192,"column":74}}],"line":192},"43":{"loc":{"start":{"line":193,"column":23},"end":{"line":193,"column":80}},"type":"cond-expr","locations":[{"start":{"line":193,"column":37},"end":{"line":193,"column":75}},{"start":{"line":193,"column":78},"end":{"line":193,"column":80}}],"line":193},"44":{"loc":{"start":{"line":194,"column":22},"end":{"line":194,"column":62}},"type":"binary-expr","locations":[{"start":{"line":194,"column":22},"end":{"line":194,"column":56}},{"start":{"line":194,"column":60},"end":{"line":194,"column":62}}],"line":194},"45":{"loc":{"start":{"line":195,"column":30},"end":{"line":195,"column":94}},"type":"binary-expr","locations":[{"start":{"line":195,"column":30},"end":{"line":195,"column":56}},{"start":{"line":195,"column":60},"end":{"line":195,"column":94}}],"line":195},"46":{"loc":{"start":{"line":196,"column":26},"end":{"line":196,"column":136}},"type":"binary-expr","locations":[{"start":{"line":196,"column":26},"end":{"line":196,"column":37}},{"start":{"line":196,"column":41},"end":{"line":196,"column":86}},{"start":{"line":196,"column":90},"end":{"line":196,"column":136}}],"line":196},"47":{"loc":{"start":{"line":197,"column":15},"end":{"line":197,"column":41}},"type":"binary-expr","locations":[{"start":{"line":197,"column":15},"end":{"line":197,"column":28}},{"start":{"line":197,"column":32},"end":{"line":197,"column":41}}],"line":197},"48":{"loc":{"start":{"line":206,"column":19},"end":{"line":206,"column":59}},"type":"binary-expr","locations":[{"start":{"line":206,"column":19},"end":{"line":206,"column":53}},{"start":{"line":206,"column":57},"end":{"line":206,"column":59}}],"line":206},"49":{"loc":{"start":{"line":207,"column":21},"end":{"line":207,"column":53}},"type":"binary-expr","locations":[{"start":{"line":207,"column":21},"end":{"line":207,"column":47}},{"start":{"line":207,"column":51},"end":{"line":207,"column":53}}],"line":207},"50":{"loc":{"start":{"line":218,"column":34},"end":{"line":218,"column":52}},"type":"binary-expr","locations":[{"start":{"line":218,"column":34},"end":{"line":218,"column":44}},{"start":{"line":218,"column":48},"end":{"line":218,"column":52}}],"line":218},"51":{"loc":{"start":{"line":219,"column":8},"end":{"line":221,"column":9}},"type":"if","locations":[{"start":{"line":219,"column":8},"end":{"line":221,"column":9}},{"start":{},"end":{}}],"line":219},"52":{"loc":{"start":{"line":219,"column":12},"end":{"line":219,"column":85}},"type":"binary-expr","locations":[{"start":{"line":219,"column":12},"end":{"line":219,"column":19}},{"start":{"line":219,"column":23},"end":{"line":219,"column":51}},{"start":{"line":219,"column":55},"end":{"line":219,"column":85}}],"line":219},"53":{"loc":{"start":{"line":226,"column":28},"end":{"line":226,"column":68}},"type":"binary-expr","locations":[{"start":{"line":226,"column":28},"end":{"line":226,"column":62}},{"start":{"line":226,"column":66},"end":{"line":226,"column":68}}],"line":226},"54":{"loc":{"start":{"line":235,"column":60},"end":{"line":235,"column":100}},"type":"binary-expr","locations":[{"start":{"line":235,"column":60},"end":{"line":235,"column":94}},{"start":{"line":235,"column":98},"end":{"line":235,"column":100}}],"line":235},"55":{"loc":{"start":{"line":236,"column":62},"end":{"line":236,"column":94}},"type":"binary-expr","locations":[{"start":{"line":236,"column":62},"end":{"line":236,"column":88}},{"start":{"line":236,"column":92},"end":{"line":236,"column":94}}],"line":236},"56":{"loc":{"start":{"line":247,"column":8},"end":{"line":249,"column":9}},"type":"if","locations":[{"start":{"line":247,"column":8},"end":{"line":249,"column":9}},{"start":{},"end":{}}],"line":247},"57":{"loc":{"start":{"line":247,"column":12},"end":{"line":247,"column":38}},"type":"binary-expr","locations":[{"start":{"line":247,"column":12},"end":{"line":247,"column":22}},{"start":{"line":247,"column":26},"end":{"line":247,"column":38}}],"line":247},"58":{"loc":{"start":{"line":254,"column":43},"end":{"line":254,"column":82}},"type":"cond-expr","locations":[{"start":{"line":254,"column":69},"end":{"line":254,"column":77}},{"start":{"line":254,"column":80},"end":{"line":254,"column":82}}],"line":254},"59":{"loc":{"start":{"line":255,"column":45},"end":{"line":255,"column":88}},"type":"cond-expr","locations":[{"start":{"line":255,"column":73},"end":{"line":255,"column":83}},{"start":{"line":255,"column":86},"end":{"line":255,"column":88}}],"line":255},"60":{"loc":{"start":{"line":257,"column":28},"end":{"line":257,"column":68}},"type":"binary-expr","locations":[{"start":{"line":257,"column":28},"end":{"line":257,"column":62}},{"start":{"line":257,"column":66},"end":{"line":257,"column":68}}],"line":257},"61":{"loc":{"start":{"line":265,"column":4},"end":{"line":267,"column":5}},"type":"if","locations":[{"start":{"line":265,"column":4},"end":{"line":267,"column":5}},{"start":{},"end":{}}],"line":265},"62":{"loc":{"start":{"line":269,"column":53},"end":{"line":269,"column":63}},"type":"binary-expr","locations":[{"start":{"line":269,"column":53},"end":{"line":269,"column":57}},{"start":{"line":269,"column":61},"end":{"line":269,"column":63}}],"line":269},"63":{"loc":{"start":{"line":270,"column":4},"end":{"line":273,"column":5}},"type":"if","locations":[{"start":{"line":270,"column":4},"end":{"line":273,"column":5}},{"start":{},"end":{}}],"line":270},"64":{"loc":{"start":{"line":291,"column":18},"end":{"line":291,"column":58}},"type":"binary-expr","locations":[{"start":{"line":291,"column":18},"end":{"line":291,"column":52}},{"start":{"line":291,"column":56},"end":{"line":291,"column":58}}],"line":291},"65":{"loc":{"start":{"line":292,"column":20},"end":{"line":292,"column":52}},"type":"binary-expr","locations":[{"start":{"line":292,"column":20},"end":{"line":292,"column":46}},{"start":{"line":292,"column":50},"end":{"line":292,"column":52}}],"line":292},"66":{"loc":{"start":{"line":294,"column":4},"end":{"line":296,"column":5}},"type":"if","locations":[{"start":{"line":294,"column":4},"end":{"line":296,"column":5}},{"start":{},"end":{}}],"line":294},"67":{"loc":{"start":{"line":297,"column":4},"end":{"line":299,"column":5}},"type":"if","locations":[{"start":{"line":297,"column":4},"end":{"line":299,"column":5}},{"start":{},"end":{}}],"line":297},"68":{"loc":{"start":{"line":300,"column":4},"end":{"line":302,"column":5}},"type":"if","locations":[{"start":{"line":300,"column":4},"end":{"line":302,"column":5}},{"start":{},"end":{}}],"line":300},"69":{"loc":{"start":{"line":301,"column":84},"end":{"line":301,"column":143}},"type":"cond-expr","locations":[{"start":{"line":301,"column":117},"end":{"line":301,"column":139}},{"start":{"line":301,"column":142},"end":{"line":301,"column":143}}],"line":301},"70":{"loc":{"start":{"line":306,"column":4},"end":{"line":308,"column":5}},"type":"if","locations":[{"start":{"line":306,"column":4},"end":{"line":308,"column":5}},{"start":{},"end":{}}],"line":306},"71":{"loc":{"start":{"line":342,"column":4},"end":{"line":344,"column":5}},"type":"if","locations":[{"start":{"line":342,"column":4},"end":{"line":344,"column":5}},{"start":{},"end":{}}],"line":342},"72":{"loc":{"start":{"line":342,"column":8},"end":{"line":342,"column":47}},"type":"binary-expr","locations":[{"start":{"line":342,"column":8},"end":{"line":342,"column":18}},{"start":{"line":342,"column":22},"end":{"line":342,"column":33}},{"start":{"line":342,"column":37},"end":{"line":342,"column":47}}],"line":342},"73":{"loc":{"start":{"line":347,"column":4},"end":{"line":350,"column":5}},"type":"if","locations":[{"start":{"line":347,"column":4},"end":{"line":350,"column":5}},{"start":{},"end":{}}],"line":347},"74":{"loc":{"start":{"line":359,"column":4},"end":{"line":361,"column":5}},"type":"if","locations":[{"start":{"line":359,"column":4},"end":{"line":361,"column":5}},{"start":{},"end":{}}],"line":359},"75":{"loc":{"start":{"line":412,"column":4},"end":{"line":414,"column":5}},"type":"if","locations":[{"start":{"line":412,"column":4},"end":{"line":414,"column":5}},{"start":{},"end":{}}],"line":412},"76":{"loc":{"start":{"line":412,"column":8},"end":{"line":412,"column":97}},"type":"binary-expr","locations":[{"start":{"line":412,"column":8},"end":{"line":412,"column":18}},{"start":{"line":412,"column":22},"end":{"line":412,"column":33}},{"start":{"line":412,"column":37},"end":{"line":412,"column":49}},{"start":{"line":412,"column":53},"end":{"line":412,"column":63}},{"start":{"line":412,"column":67},"end":{"line":412,"column":79}},{"start":{"line":412,"column":83},"end":{"line":412,"column":97}}],"line":412},"77":{"loc":{"start":{"line":425,"column":4},"end":{"line":428,"column":5}},"type":"if","locations":[{"start":{"line":425,"column":4},"end":{"line":428,"column":5}},{"start":{},"end":{}}],"line":425},"78":{"loc":{"start":{"line":438,"column":4},"end":{"line":440,"column":5}},"type":"if","locations":[{"start":{"line":438,"column":4},"end":{"line":440,"column":5}},{"start":{},"end":{}}],"line":438},"79":{"loc":{"start":{"line":445,"column":5},"end":{"line":445,"column":37}},"type":"binary-expr","locations":[{"start":{"line":445,"column":5},"end":{"line":445,"column":31}},{"start":{"line":445,"column":35},"end":{"line":445,"column":37}}],"line":445},"80":{"loc":{"start":{"line":460,"column":27},"end":{"line":460,"column":46}},"type":"default-arg","locations":[{"start":{"line":460,"column":37},"end":{"line":460,"column":46}}],"line":460},"81":{"loc":{"start":{"line":461,"column":4},"end":{"line":463,"column":5}},"type":"if","locations":[{"start":{"line":461,"column":4},"end":{"line":463,"column":5}},{"start":{},"end":{}}],"line":461},"82":{"loc":{"start":{"line":472,"column":0},"end":{"line":478,"column":1}},"type":"if","locations":[{"start":{"line":472,"column":0},"end":{"line":478,"column":1}},{"start":{},"end":{}}],"line":472},"83":{"loc":{"start":{"line":473,"column":4},"end":{"line":477,"column":5}},"type":"if","locations":[{"start":{"line":473,"column":4},"end":{"line":477,"column":5}},{"start":{"line":475,"column":11},"end":{"line":477,"column":5}}],"line":473},"84":{"loc":{"start":{"line":480,"column":0},"end":{"line":490,"column":1}},"type":"if","locations":[{"start":{"line":480,"column":0},"end":{"line":490,"column":1}},{"start":{},"end":{}}],"line":480}},"s":{"0":1,"1":1,"2":4,"3":4,"4":4,"5":4,"6":2,"7":0,"8":2,"9":2,"10":2,"11":2,"12":2,"13":2,"14":2,"15":2,"16":2,"17":2,"18":1,"19":1,"20":1,"21":1,"22":1,"23":1,"24":1,"25":1,"26":1,"27":1,"28":1,"29":1,"30":1,"31":1,"32":1,"33":1,"34":1,"35":1,"36":1,"37":3,"38":3,"39":0,"40":0,"41":0,"42":0,"43":0,"44":1,"45":0,"46":1,"47":1,"48":1,"49":1,"50":0,"51":0,"52":0,"53":0,"54":0,"55":0,"56":1,"57":4,"58":4,"59":4,"60":4,"61":4,"62":4,"63":4,"64":4,"65":4,"66":4,"67":1,"68":0,"69":0,"70":0,"71":0,"72":0,"73":0,"74":0,"75":0,"76":0,"77":0,"78":0,"79":0,"80":0,"81":0,"82":0,"83":0,"84":0,"85":0,"86":0,"87":0,"88":0,"89":0,"90":0,"91":0,"92":0,"93":0,"94":0,"95":0,"96":0,"97":0,"98":0,"99":0,"100":0,"101":0,"102":0,"103":0,"104":0,"105":0,"106":0,"107":0,"108":0,"109":0,"110":0,"111":0,"112":0,"113":0,"114":0,"115":0,"116":0,"117":0,"118":0,"119":0,"120":0,"121":0,"122":0,"123":0,"124":0,"125":0,"126":0,"127":0,"128":0,"129":0,"130":0,"131":0,"132":0,"133":0,"134":0,"135":0,"136":0,"137":0,"138":0,"139":0,"140":0,"141":0,"142":0,"143":0,"144":0,"145":1,"146":1,"147":1,"148":1,"149":1,"150":1,"151":1,"152":1,"153":1,"154":1,"155":1,"156":4,"157":1,"158":0,"159":1,"160":1,"161":1,"162":1,"163":1,"164":1,"165":0,"166":0,"167":0,"168":0,"169":0,"170":0,"171":0,"172":0,"173":0,"174":0,"175":0,"176":0,"177":0,"178":0,"179":1,"180":0,"181":1,"182":1,"183":1,"184":1,"185":1,"186":1,"187":0,"188":0,"189":0,"190":0,"191":0,"192":0,"193":0,"194":0,"195":0,"196":0,"197":0,"198":0,"199":0,"200":0,"201":0,"202":0,"203":0,"204":0,"205":1,"206":0,"207":1,"208":1,"209":1,"210":2,"211":2,"212":2,"213":2,"214":1,"215":0,"216":0,"217":0,"218":0,"219":0,"220":0,"221":1,"222":1,"223":0,"224":1,"225":1,"226":1,"227":1,"228":1,"229":1,"230":1,"231":1,"232":1,"233":1,"234":1},"f":{"0":4,"1":2,"2":1,"3":3,"4":0,"5":0,"6":1,"7":4,"8":0,"9":0,"10":0,"11":0,"12":0,"13":0,"14":0,"15":0,"16":0,"17":0,"18":0,"19":1,"20":4,"21":1,"22":0,"23":1,"24":0,"25":1,"26":2,"27":0,"28":0},"b":{"0":[4,0],"1":[4,4],"2":[4,0],"3":[0,4],"4":[0,2],"5":[1,1],"6":[2,1,1,1],"7":[1,0],"8":[1,1],"9":[1,0],"10":[1,0],"11":[1,1],"12":[1,0],"13":[1,1],"14":[1,0],"15":[1,1],"16":[1,0],"17":[1,1],"18":[3,0],"19":[0,0],"20":[0,0],"21":[0,1],"22":[1,0],"23":[0,1],"24":[4,0],"25":[4,0],"26":[4,0],"27":[4,0],"28":[4,0],"29":[0,0],"30":[0,0],"31":[0,0],"32":[0,0],"33":[0,0],"34":[0,0],"35":[0,0],"36":[0,0],"37":[0,0],"38":[0,0],"39":[0,0],"40":[0,0],"41":[0,0,0],"42":[0,0],"43":[0,0],"44":[0,0],"45":[0,0],"46":[0,0,0],"47":[0,0],"48":[0,0],"49":[0,0],"50":[0,0],"51":[0,0],"52":[0,0,0],"53":[0,0],"54":[0,0],"55":[0,0],"56":[0,0],"57":[0,0],"58":[0,0],"59":[0,0],"60":[0,0],"61":[0,0],"62":[0,0],"63":[0,0],"64":[1,0],"65":[1,0],"66":[1,0],"67":[1,0],"68":[1,0],"69":[4,0],"70":[0,1],"71":[0,0],"72":[0,0,0],"73":[0,0],"74":[0,1],"75":[0,0],"76":[0,0,0,0,0,0],"77":[0,0],"78":[0,1],"79":[1,0],"80":[0],"81":[0,0],"82":[1,0],"83":[0,1],"84":[1,0]},"_coverageSchema":"1a1c01bbd47fc00a2c39e90264f33305004495a9","hash":"31a59141a2594de4b9ac154916a4b406176047b3"}
}
