TN:
SF:library.js
FN:11,(anonymous_0)
FN:24,(anonymous_1)
FN:28,(anonymous_2)
FN:32,(anonymous_3)
FN:45,(anonymous_4)
FN:53,(anonymous_5)
FN:62,(anonymous_6)
FN:73,(anonymous_7)
FN:79,(anonymous_8)
FN:84,(anonymous_9)
FN:92,(anonymous_10)
FN:98,(anonymous_11)
FN:104,findOverdueBooks
FN:109,(anonymous_13)
FN:109,(anonymous_14)
FN:113,processReturnQueue
FN:127,searchBooksByCategory
FN:146,findBookByISBNRecursive
FN:165,getBooksByAuthor
FN:170,(anonymous_19)
FN:174,calculateTotalLateFees
FN:179,(anonymous_21)
FN:183,combineBookCollections
FN:184,(anonymous_23)
FN:188,addMultipleBooks
FN:189,(anonymous_25)
FN:195,updateMemberInfo
FN:215,borrowBook
FN:257,findMemberById
FN:262,(anonymous_29)
FN:265,findBookByISBN
FN:270,(anonymous_31)
FN:282,(anonymous_32)
FN:285,(anonymous_33)
FN:288,(anonymous_34)
FN:293,(anonymous_35)
FN:296,(anonymous_36)
FN:304,(anonymous_37)
FN:311,formatBookInfo
FN:321,calculateFineAmount
FN:330,getAllBooks
FN:334,registerMember
FN:352,addBook
FN:377,addSeedData
FN:399,initializeLibrary
FN:405,resetLibraryState
FN:416,(anonymous_46)
FN:419,(anonymous_47)
FNF:48
FNH:45
FNDA:120,(anonymous_0)
FNDA:3,(anonymous_1)
FNDA:2,(anonymous_2)
FNDA:1,(anonymous_3)
FNDA:29,(anonymous_4)
FNDA:1,(anonymous_5)
FNDA:61,(anonymous_6)
FNDA:1,(anonymous_7)
FNDA:1,(anonymous_8)
FNDA:1,(anonymous_9)
FNDA:29,(anonymous_10)
FNDA:1,(anonymous_11)
FNDA:1,findOverdueBooks
FNDA:0,(anonymous_13)
FNDA:0,(anonymous_14)
FNDA:1,processReturnQueue
FNDA:6,searchBooksByCategory
FNDA:6,findBookByISBNRecursive
FNDA:3,getBooksByAuthor
FNDA:4,(anonymous_19)
FNDA:1,calculateTotalLateFees
FNDA:2,(anonymous_21)
FNDA:1,combineBookCollections
FNDA:3,(anonymous_23)
FNDA:1,addMultipleBooks
FNDA:2,(anonymous_25)
FNDA:1,updateMemberInfo
FNDA:2,borrowBook
FNDA:1,findMemberById
FNDA:1,(anonymous_29)
FNDA:2,findBookByISBN
FNDA:5,(anonymous_31)
FNDA:89,(anonymous_32)
FNDA:241,(anonymous_33)
FNDA:1,(anonymous_34)
FNDA:4,(anonymous_35)
FNDA:1,(anonymous_36)
FNDA:1,(anonymous_37)
FNDA:1,formatBookInfo
FNDA:4,calculateFineAmount
FNDA:3,getAllBooks
FNDA:1,registerMember
FNDA:1,addBook
FNDA:29,addSeedData
FNDA:29,initializeLibrary
FNDA:29,resetLibraryState
FNDA:0,(anonymous_46)
FNDA:1,(anonymous_47)
DA:4,1
DA:5,1
DA:6,1
DA:7,1
DA:12,120
DA:13,120
DA:14,120
DA:15,120
DA:16,120
DA:17,120
DA:18,120
DA:19,120
DA:25,3
DA:29,2
DA:34,1
DA:35,0
DA:37,1
DA:38,1
DA:39,1
DA:47,29
DA:48,29
DA:49,29
DA:50,29
DA:55,1
DA:56,1
DA:63,61
DA:64,61
DA:65,61
DA:66,61
DA:67,61
DA:68,61
DA:74,1
DA:75,1
DA:76,1
DA:80,1
DA:81,1
DA:86,1
DA:93,29
DA:94,29
DA:99,1
DA:105,1
DA:106,1
DA:109,0
DA:114,1
DA:115,0
DA:118,1
DA:119,1
DA:120,2
DA:123,1
DA:128,6
DA:129,1
DA:132,5
DA:133,1
DA:136,4
DA:137,4
DA:139,4
DA:140,1
DA:143,3
DA:147,6
DA:148,0
DA:151,6
DA:152,1
DA:155,5
DA:157,5
DA:158,1
DA:161,4
DA:166,3
DA:167,2
DA:170,4
DA:175,1
DA:176,0
DA:179,2
DA:184,3
DA:189,2
DA:190,1
DA:191,1
DA:196,1
DA:197,0
DA:200,1
DA:201,1
DA:202,1
DA:204,1
DA:205,1
DA:207,1
DA:208,0
DA:211,1
DA:219,2
DA:220,2
DA:221,1
DA:223,1
DA:224,0
DA:227,1
DA:228,1
DA:230,1
DA:231,0
DA:233,1
DA:234,1
DA:236,0
DA:237,0
DA:239,0
DA:240,0
DA:243,0
DA:244,0
DA:245,0
DA:247,0
DA:248,0
DA:249,0
DA:251,2
DA:252,2
DA:258,1
DA:259,0
DA:262,1
DA:266,2
DA:267,0
DA:270,5
DA:274,1
DA:283,89
DA:284,89
DA:285,241
DA:289,1
DA:290,0
DA:293,4
DA:297,1
DA:298,0
DA:301,1
DA:305,1
DA:306,1
DA:312,1
DA:313,0
DA:316,1
DA:317,1
DA:322,4
DA:323,2
DA:326,2
DA:327,2
DA:331,3
DA:335,1
DA:336,0
DA:338,1
DA:339,0
DA:342,1
DA:343,1
DA:347,1
DA:348,1
DA:349,1
DA:353,1
DA:354,0
DA:357,1
DA:358,1
DA:359,0
DA:361,1
DA:362,0
DA:364,1
DA:365,0
DA:368,1
DA:372,1
DA:373,1
DA:374,1
DA:378,29
DA:379,1
DA:382,28
DA:389,28
DA:394,28
DA:395,28
DA:396,28
DA:400,29
DA:401,29
DA:402,29
DA:406,29
DA:407,29
DA:408,29
DA:411,1
DA:417,0
DA:420,1
DA:447,1
DA:448,1
DA:451,1
DA:452,0
LF:178
LH:146
BRDA:11,0,0,6
BRDA:17,1,0,120
BRDA:17,1,1,0
BRDA:18,2,0,120
BRDA:18,2,1,0
BRDA:34,3,0,0
BRDA:34,3,1,1
BRDA:45,4,0,1
BRDA:62,5,0,0
BRDA:105,6,0,1
BRDA:105,6,1,0
BRDA:105,7,0,1
BRDA:105,7,1,0
BRDA:114,8,0,0
BRDA:114,8,1,1
BRDA:127,9,0,2
BRDA:128,10,0,1
BRDA:128,10,1,5
BRDA:128,11,0,6
BRDA:128,11,1,5
BRDA:128,11,2,5
BRDA:132,12,0,1
BRDA:132,12,1,4
BRDA:139,13,0,1
BRDA:139,13,1,3
BRDA:139,14,0,4
BRDA:139,14,1,4
BRDA:139,14,2,4
BRDA:146,15,0,1
BRDA:147,16,0,0
BRDA:147,16,1,6
BRDA:147,17,0,6
BRDA:147,17,1,6
BRDA:151,18,0,1
BRDA:151,18,1,5
BRDA:157,19,0,1
BRDA:157,19,1,4
BRDA:157,20,0,5
BRDA:157,20,1,5
BRDA:166,21,0,2
BRDA:166,21,1,1
BRDA:166,22,0,3
BRDA:166,22,1,2
BRDA:175,23,0,0
BRDA:175,23,1,1
BRDA:175,24,0,1
BRDA:175,24,1,1
BRDA:179,25,0,2
BRDA:179,25,1,0
BRDA:184,26,0,3
BRDA:184,26,1,0
BRDA:196,27,0,0
BRDA:196,27,1,1
BRDA:196,28,0,1
BRDA:196,28,1,1
BRDA:196,28,2,1
BRDA:201,29,0,1
BRDA:201,29,1,0
BRDA:201,30,0,1
BRDA:201,30,1,1
BRDA:204,31,0,1
BRDA:204,31,1,0
BRDA:204,32,0,1
BRDA:204,32,1,1
BRDA:207,33,0,0
BRDA:207,33,1,1
BRDA:207,34,0,1
BRDA:207,34,1,0
BRDA:220,35,0,1
BRDA:220,35,1,1
BRDA:220,36,0,2
BRDA:220,36,1,2
BRDA:223,37,0,0
BRDA:223,37,1,1
BRDA:223,38,0,1
BRDA:223,38,1,1
BRDA:230,39,0,0
BRDA:230,39,1,1
BRDA:233,40,0,1
BRDA:233,40,1,0
BRDA:236,41,0,0
BRDA:236,41,1,0
BRDA:239,42,0,0
BRDA:239,42,1,0
BRDA:244,43,0,0
BRDA:244,43,1,0
BRDA:258,44,0,0
BRDA:258,44,1,1
BRDA:258,45,0,1
BRDA:258,45,1,1
BRDA:266,46,0,0
BRDA:266,46,1,2
BRDA:266,47,0,2
BRDA:266,47,1,2
BRDA:270,48,0,2
BRDA:270,48,1,1
BRDA:289,49,0,0
BRDA:289,49,1,1
BRDA:293,50,0,0
BRDA:293,50,1,4
BRDA:297,51,0,0
BRDA:297,51,1,1
BRDA:312,52,0,0
BRDA:312,52,1,1
BRDA:312,53,0,1
BRDA:312,53,1,1
BRDA:316,54,0,1
BRDA:316,54,1,0
BRDA:316,55,0,1
BRDA:316,55,1,0
BRDA:316,56,0,1
BRDA:316,56,1,0
BRDA:322,57,0,2
BRDA:322,57,1,2
BRDA:322,58,0,4
BRDA:322,58,1,3
BRDA:322,58,2,3
BRDA:334,59,0,0
BRDA:335,60,0,0
BRDA:335,60,1,1
BRDA:335,61,0,1
BRDA:335,61,1,1
BRDA:338,62,0,0
BRDA:338,62,1,1
BRDA:338,63,0,1
BRDA:338,63,1,1
BRDA:343,64,0,0
BRDA:343,64,1,1
BRDA:353,65,0,0
BRDA:353,65,1,1
BRDA:353,66,0,1
BRDA:353,66,1,1
BRDA:357,67,0,0
BRDA:358,68,0,0
BRDA:358,68,1,1
BRDA:358,69,0,1
BRDA:358,69,1,1
BRDA:361,70,0,0
BRDA:361,70,1,1
BRDA:361,71,0,1
BRDA:361,71,1,1
BRDA:364,72,0,0
BRDA:364,72,1,1
BRDA:364,73,0,1
BRDA:364,73,1,1
BRDA:368,74,0,0
BRDA:368,74,1,1
BRDA:368,75,0,1
BRDA:368,75,1,0
BRDA:369,76,0,0
BRDA:369,76,1,0
BRDA:369,77,0,0
BRDA:369,77,1,0
BRDA:370,78,0,1
BRDA:370,78,1,0
BRDA:370,79,0,1
BRDA:370,79,1,0
BRDA:378,80,0,1
BRDA:378,80,1,28
BRDA:378,81,0,29
BRDA:378,81,1,28
BRDA:447,82,0,1
BRDA:447,82,1,0
BRDA:447,83,0,1
BRDA:447,83,1,1
BRDA:451,84,0,0
BRDA:451,84,1,1
BRF:167
BRH:114
end_of_record
