TN:
SF:library.js
FN:12,(anonymous_0)
FN:27,(anonymous_1)
FN:35,(anonymous_2)
FN:39,(anonymous_3)
FN:54,(anonymous_4)
FN:66,(anonymous_5)
FN:76,(anonymous_6)
FN:89,(anonymous_7)
FN:99,(anonymous_8)
FN:108,(anonymous_9)
FN:117,(anonymous_10)
FN:126,(anonymous_11)
FN:136,findOverdueBooks
FN:141,(anonymous_13)
FN:141,(anonymous_14)
FN:145,processReturnQueue
FN:165,searchBooksByCategory
FN:184,findBookByISBNRecursive
FN:208,getBooksByAuthor
FN:214,(anonymous_19)
FN:222,calculateTotalLateFees
FN:227,(anonymous_21)
FN:235,combineBookCollections
FN:236,(anonymous_23)
FN:244,addMultipleBooks
FN:245,(anonymous_25)
FN:256,updateMemberInfo
FN:276,borrowBook
FN:318,findMemberById
FN:323,(anonymous_29)
FN:326,findBookByISBN
FN:331,(anonymous_31)
FN:343,(anonymous_32)
FN:346,(anonymous_33)
FN:349,(anonymous_34)
FN:354,(anonymous_35)
FN:357,(anonymous_36)
FN:365,(anonymous_37)
FN:372,formatBookInfo
FN:382,calculateFineAmount
FN:391,getAllBooks
FN:395,registerMember
FN:413,addBook
FN:438,addSeedData
FN:460,initializeLibrary
FN:466,resetLibraryState
FN:477,(anonymous_46)
FN:480,(anonymous_47)
FNF:48
FNH:45
FNDA:128,(anonymous_0)
FNDA:3,(anonymous_1)
FNDA:2,(anonymous_2)
FNDA:1,(anonymous_3)
FNDA:31,(anonymous_4)
FNDA:1,(anonymous_5)
FNDA:65,(anonymous_6)
FNDA:1,(anonymous_7)
FNDA:1,(anonymous_8)
FNDA:1,(anonymous_9)
FNDA:31,(anonymous_10)
FNDA:1,(anonymous_11)
FNDA:1,findOverdueBooks
FNDA:0,(anonymous_13)
FNDA:0,(anonymous_14)
FNDA:1,processReturnQueue
FNDA:6,searchBooksByCategory
FNDA:6,findBookByISBNRecursive
FNDA:3,getBooksByAuthor
FNDA:4,(anonymous_19)
FNDA:1,calculateTotalLateFees
FNDA:2,(anonymous_21)
FNDA:1,combineBookCollections
FNDA:3,(anonymous_23)
FNDA:1,addMultipleBooks
FNDA:2,(anonymous_25)
FNDA:1,updateMemberInfo
FNDA:2,borrowBook
FNDA:1,findMemberById
FNDA:1,(anonymous_29)
FNDA:2,findBookByISBN
FNDA:5,(anonymous_31)
FNDA:96,(anonymous_32)
FNDA:261,(anonymous_33)
FNDA:1,(anonymous_34)
FNDA:4,(anonymous_35)
FNDA:1,(anonymous_36)
FNDA:1,(anonymous_37)
FNDA:1,formatBookInfo
FNDA:4,calculateFineAmount
FNDA:5,getAllBooks
FNDA:1,registerMember
FNDA:1,addBook
FNDA:32,addSeedData
FNDA:32,initializeLibrary
FNDA:31,resetLibraryState
FNDA:0,(anonymous_46)
FNDA:3,(anonymous_47)
DA:3,1
DA:4,1
DA:5,1
DA:6,1
DA:13,128
DA:14,128
DA:15,128
DA:16,128
DA:17,128
DA:18,128
DA:19,128
DA:20,128
DA:28,3
DA:36,2
DA:41,1
DA:42,0
DA:44,1
DA:45,1
DA:46,1
DA:55,31
DA:56,31
DA:57,31
DA:58,31
DA:67,1
DA:68,1
DA:77,65
DA:78,65
DA:79,65
DA:80,65
DA:81,65
DA:82,65
DA:90,1
DA:91,1
DA:92,1
DA:100,1
DA:101,1
DA:109,1
DA:118,31
DA:119,31
DA:127,1
DA:137,1
DA:138,1
DA:141,0
DA:146,1
DA:147,0
DA:150,1
DA:151,1
DA:152,2
DA:155,1
DA:166,6
DA:167,1
DA:170,5
DA:171,1
DA:174,4
DA:175,4
DA:177,4
DA:178,1
DA:181,3
DA:185,6
DA:186,0
DA:189,6
DA:190,1
DA:193,5
DA:195,5
DA:196,1
DA:199,4
DA:209,3
DA:210,2
DA:213,1
DA:214,4
DA:223,1
DA:224,0
DA:227,2
DA:236,3
DA:245,2
DA:246,1
DA:247,1
DA:257,1
DA:258,0
DA:261,1
DA:262,1
DA:263,1
DA:265,1
DA:266,1
DA:268,1
DA:269,0
DA:272,1
DA:280,2
DA:281,2
DA:282,1
DA:284,1
DA:285,0
DA:288,1
DA:289,1
DA:291,1
DA:292,0
DA:294,1
DA:295,1
DA:297,0
DA:298,0
DA:300,0
DA:301,0
DA:304,0
DA:305,0
DA:306,0
DA:308,0
DA:309,0
DA:310,0
DA:312,2
DA:313,2
DA:319,1
DA:320,0
DA:323,1
DA:327,2
DA:328,0
DA:331,5
DA:335,1
DA:344,96
DA:345,96
DA:346,261
DA:350,1
DA:351,0
DA:354,4
DA:358,1
DA:359,0
DA:362,1
DA:366,1
DA:367,1
DA:373,1
DA:374,0
DA:377,1
DA:378,1
DA:383,4
DA:384,2
DA:387,2
DA:388,2
DA:392,5
DA:396,1
DA:397,0
DA:399,1
DA:400,0
DA:403,1
DA:404,1
DA:408,1
DA:409,1
DA:410,1
DA:414,1
DA:415,0
DA:418,1
DA:419,1
DA:420,0
DA:422,1
DA:423,0
DA:425,1
DA:426,0
DA:429,1
DA:433,1
DA:434,1
DA:435,1
DA:439,32
DA:440,2
DA:443,30
DA:450,30
DA:455,30
DA:456,30
DA:457,30
DA:461,32
DA:462,32
DA:463,32
DA:467,31
DA:468,31
DA:469,31
DA:472,1
DA:478,0
DA:481,3
DA:508,1
DA:509,1
DA:512,1
DA:513,1
LF:179
LH:148
BRDA:12,0,0,6
BRDA:18,1,0,128
BRDA:18,1,1,0
BRDA:19,2,0,128
BRDA:19,2,1,0
BRDA:41,3,0,0
BRDA:41,3,1,1
BRDA:54,4,0,1
BRDA:76,5,0,0
BRDA:137,6,0,1
BRDA:137,6,1,0
BRDA:137,7,0,1
BRDA:137,7,1,0
BRDA:146,8,0,0
BRDA:146,8,1,1
BRDA:165,9,0,2
BRDA:166,10,0,1
BRDA:166,10,1,5
BRDA:166,11,0,6
BRDA:166,11,1,5
BRDA:166,11,2,5
BRDA:170,12,0,1
BRDA:170,12,1,4
BRDA:177,13,0,1
BRDA:177,13,1,3
BRDA:177,14,0,4
BRDA:177,14,1,4
BRDA:177,14,2,4
BRDA:184,15,0,1
BRDA:185,16,0,0
BRDA:185,16,1,6
BRDA:185,17,0,6
BRDA:185,17,1,6
BRDA:189,18,0,1
BRDA:189,18,1,5
BRDA:195,19,0,1
BRDA:195,19,1,4
BRDA:195,20,0,5
BRDA:195,20,1,5
BRDA:209,21,0,2
BRDA:209,21,1,1
BRDA:209,22,0,3
BRDA:209,22,1,2
BRDA:214,23,0,4
BRDA:214,23,1,0
BRDA:223,24,0,0
BRDA:223,24,1,1
BRDA:223,25,0,1
BRDA:223,25,1,1
BRDA:227,26,0,2
BRDA:227,26,1,0
BRDA:236,27,0,3
BRDA:236,27,1,0
BRDA:257,28,0,0
BRDA:257,28,1,1
BRDA:257,29,0,1
BRDA:257,29,1,1
BRDA:257,29,2,1
BRDA:262,30,0,1
BRDA:262,30,1,0
BRDA:262,31,0,1
BRDA:262,31,1,1
BRDA:265,32,0,1
BRDA:265,32,1,0
BRDA:265,33,0,1
BRDA:265,33,1,1
BRDA:268,34,0,0
BRDA:268,34,1,1
BRDA:268,35,0,1
BRDA:268,35,1,0
BRDA:281,36,0,1
BRDA:281,36,1,1
BRDA:281,37,0,2
BRDA:281,37,1,2
BRDA:284,38,0,0
BRDA:284,38,1,1
BRDA:284,39,0,1
BRDA:284,39,1,1
BRDA:291,40,0,0
BRDA:291,40,1,1
BRDA:294,41,0,1
BRDA:294,41,1,0
BRDA:297,42,0,0
BRDA:297,42,1,0
BRDA:300,43,0,0
BRDA:300,43,1,0
BRDA:305,44,0,0
BRDA:305,44,1,0
BRDA:319,45,0,0
BRDA:319,45,1,1
BRDA:319,46,0,1
BRDA:319,46,1,1
BRDA:327,47,0,0
BRDA:327,47,1,2
BRDA:327,48,0,2
BRDA:327,48,1,2
BRDA:331,49,0,2
BRDA:331,49,1,1
BRDA:350,50,0,0
BRDA:350,50,1,1
BRDA:354,51,0,0
BRDA:354,51,1,4
BRDA:358,52,0,0
BRDA:358,52,1,1
BRDA:373,53,0,0
BRDA:373,53,1,1
BRDA:373,54,0,1
BRDA:373,54,1,1
BRDA:377,55,0,1
BRDA:377,55,1,0
BRDA:377,56,0,1
BRDA:377,56,1,0
BRDA:377,57,0,1
BRDA:377,57,1,0
BRDA:383,58,0,2
BRDA:383,58,1,2
BRDA:383,59,0,4
BRDA:383,59,1,3
BRDA:383,59,2,3
BRDA:395,60,0,0
BRDA:396,61,0,0
BRDA:396,61,1,1
BRDA:396,62,0,1
BRDA:396,62,1,1
BRDA:399,63,0,0
BRDA:399,63,1,1
BRDA:399,64,0,1
BRDA:399,64,1,1
BRDA:404,65,0,0
BRDA:404,65,1,1
BRDA:414,66,0,0
BRDA:414,66,1,1
BRDA:414,67,0,1
BRDA:414,67,1,1
BRDA:418,68,0,0
BRDA:419,69,0,0
BRDA:419,69,1,1
BRDA:419,70,0,1
BRDA:419,70,1,1
BRDA:422,71,0,0
BRDA:422,71,1,1
BRDA:422,72,0,1
BRDA:422,72,1,1
BRDA:425,73,0,0
BRDA:425,73,1,1
BRDA:425,74,0,1
BRDA:425,74,1,1
BRDA:429,75,0,0
BRDA:429,75,1,1
BRDA:429,76,0,1
BRDA:429,76,1,0
BRDA:430,77,0,0
BRDA:430,77,1,0
BRDA:430,78,0,0
BRDA:430,78,1,0
BRDA:431,79,0,1
BRDA:431,79,1,0
BRDA:431,80,0,1
BRDA:431,80,1,0
BRDA:439,81,0,2
BRDA:439,81,1,30
BRDA:439,82,0,32
BRDA:439,82,1,30
BRDA:508,83,0,1
BRDA:508,83,1,0
BRDA:508,84,0,1
BRDA:508,84,1,1
BRDA:512,85,0,1
BRDA:512,85,1,0
BRF:169
BRH:115
end_of_record
TN:
SF:ui.js
FN:21,getBookCoverImage
FN:30,initializeUI
FN:61,setupEventListeners
FN:81,(anonymous_3)
FN:86,(anonymous_4)
FN:88,(anonymous_5)
FN:96,renderBookCatalogue
FN:114,(anonymous_7)
FN:142,handleBorrowSubmit
FN:168,handleBookClick
FN:178,handleSearch
FN:181,(anonymous_11)
FN:191,handleFilterChange
FN:194,(anonymous_13)
FN:203,exportLibraryData
FN:216,importLibraryData
FN:233,saveToLocalStorage
FN:242,loadFromLocalStorage
FN:264,displayBookDetails
FN:286,updateStatisticsDisplay
FN:301,(anonymous_20)
FN:305,createMemberForm
FN:336,handleMemberFormSubmit
FN:358,createBookForm
FN:402,handleAddBookSubmit
FN:437,renderMemberList
FN:445,(anonymous_26)
FN:460,showMessage
FN:467,(anonymous_28)
FNF:29
FNH:12
FNDA:4,getBookCoverImage
FNDA:2,initializeUI
FNDA:1,setupEventListeners
FNDA:3,(anonymous_3)
FNDA:0,(anonymous_4)
FNDA:0,(anonymous_5)
FNDA:1,renderBookCatalogue
FNDA:4,(anonymous_7)
FNDA:0,handleBorrowSubmit
FNDA:0,handleBookClick
FNDA:0,handleSearch
FNDA:0,(anonymous_11)
FNDA:0,handleFilterChange
FNDA:0,(anonymous_13)
FNDA:0,exportLibraryData
FNDA:0,importLibraryData
FNDA:0,saveToLocalStorage
FNDA:0,loadFromLocalStorage
FNDA:0,displayBookDetails
FNDA:1,updateStatisticsDisplay
FNDA:4,(anonymous_20)
FNDA:1,createMemberForm
FNDA:0,handleMemberFormSubmit
FNDA:1,createBookForm
FNDA:0,handleAddBookSubmit
FNDA:1,renderMemberList
FNDA:2,(anonymous_26)
FNDA:0,showMessage
FNDA:0,(anonymous_28)
DA:12,1
DA:19,1
DA:22,4
DA:25,4
DA:26,4
DA:27,4
DA:31,2
DA:32,0
DA:35,2
DA:36,2
DA:37,2
DA:38,2
DA:39,2
DA:40,2
DA:41,2
DA:42,2
DA:43,2
DA:45,2
DA:46,1
DA:49,1
DA:50,1
DA:53,1
DA:54,1
DA:55,1
DA:56,1
DA:57,1
DA:58,1
DA:62,1
DA:63,1
DA:65,1
DA:66,1
DA:68,1
DA:69,1
DA:71,1
DA:72,1
DA:75,1
DA:81,1
DA:82,3
DA:83,3
DA:86,0
DA:87,0
DA:88,0
DA:89,0
DA:90,0
DA:97,1
DA:98,0
DA:101,1
DA:102,1
DA:103,1
DA:105,1
DA:106,0
DA:107,0
DA:108,0
DA:109,0
DA:110,0
DA:111,0
DA:114,1
DA:115,4
DA:116,4
DA:117,4
DA:118,4
DA:119,4
DA:121,4
DA:122,4
DA:123,4
DA:124,4
DA:136,4
DA:139,1
DA:143,0
DA:145,0
DA:146,0
DA:147,0
DA:148,0
DA:150,0
DA:151,0
DA:152,0
DA:155,0
DA:157,0
DA:158,0
DA:159,0
DA:160,0
DA:161,0
DA:162,0
DA:164,0
DA:169,0
DA:170,0
DA:171,0
DA:174,0
DA:175,0
DA:179,0
DA:180,0
DA:181,0
DA:182,0
DA:183,0
DA:184,0
DA:185,0
DA:188,0
DA:192,0
DA:193,0
DA:194,0
DA:195,0
DA:196,0
DA:197,0
DA:200,0
DA:204,0
DA:205,0
DA:209,0
DA:211,0
DA:212,0
DA:217,0
DA:218,0
DA:219,0
DA:220,0
DA:222,0
DA:223,0
DA:224,0
DA:225,0
DA:226,0
DA:227,0
DA:229,0
DA:234,0
DA:235,0
DA:236,0
DA:238,0
DA:243,0
DA:244,0
DA:245,0
DA:247,0
DA:248,0
DA:251,0
DA:252,0
DA:253,0
DA:254,0
DA:255,0
DA:256,0
DA:257,0
DA:258,0
DA:260,0
DA:265,0
DA:266,0
DA:269,0
DA:270,0
DA:271,0
DA:272,0
DA:275,0
DA:287,1
DA:288,1
DA:289,1
DA:291,1
DA:292,1
DA:294,1
DA:295,1
DA:297,1
DA:298,1
DA:300,1
DA:301,4
DA:306,1
DA:307,0
DA:310,1
DA:311,1
DA:312,1
DA:313,1
DA:332,1
DA:333,1
DA:337,0
DA:338,0
DA:339,0
DA:340,0
DA:342,0
DA:343,0
DA:346,0
DA:347,0
DA:348,0
DA:349,0
DA:352,0
DA:353,0
DA:354,0
DA:355,0
DA:359,1
DA:360,0
DA:363,1
DA:364,1
DA:365,1
DA:366,1
DA:398,1
DA:399,1
DA:403,0
DA:405,0
DA:406,0
DA:407,0
DA:408,0
DA:409,0
DA:410,0
DA:412,0
DA:413,0
DA:416,0
DA:425,0
DA:426,0
DA:427,0
DA:430,0
DA:431,0
DA:432,0
DA:433,0
DA:434,0
DA:438,1
DA:439,0
DA:442,1
DA:443,1
DA:445,1
DA:446,2
DA:447,2
DA:448,2
DA:454,2
DA:457,1
DA:461,0
DA:462,0
DA:465,0
DA:466,0
DA:467,0
DA:468,0
DA:472,1
DA:473,1
DA:474,0
DA:476,1
DA:480,1
DA:481,1
DA:482,1
DA:483,1
DA:484,1
DA:485,1
DA:486,1
DA:487,1
DA:488,1
DA:489,1
LF:234
LH:102
BRDA:22,0,0,4
BRDA:22,0,1,0
BRDA:22,1,0,4
BRDA:22,1,1,4
BRDA:25,2,0,4
BRDA:25,2,1,0
BRDA:27,3,0,0
BRDA:27,3,1,4
BRDA:31,4,0,0
BRDA:31,4,1,2
BRDA:45,5,0,1
BRDA:45,5,1,1
BRDA:45,6,0,2
BRDA:45,6,1,1
BRDA:45,6,2,1
BRDA:45,6,3,1
BRDA:49,7,0,1
BRDA:49,7,1,0
BRDA:49,8,0,1
BRDA:49,8,1,1
BRDA:54,9,0,1
BRDA:54,9,1,0
BRDA:62,10,0,1
BRDA:62,10,1,0
BRDA:62,11,0,1
BRDA:62,11,1,1
BRDA:65,12,0,1
BRDA:65,12,1,0
BRDA:65,13,0,1
BRDA:65,13,1,1
BRDA:68,14,0,1
BRDA:68,14,1,0
BRDA:68,15,0,1
BRDA:68,15,1,1
BRDA:71,16,0,1
BRDA:71,16,1,0
BRDA:71,17,0,1
BRDA:71,17,1,1
BRDA:82,18,0,3
BRDA:82,18,1,0
BRDA:90,19,0,0
BRDA:90,19,1,0
BRDA:90,20,0,0
BRDA:90,20,1,0
BRDA:97,21,0,0
BRDA:97,21,1,1
BRDA:102,22,0,1
BRDA:102,22,1,0
BRDA:105,23,0,0
BRDA:105,23,1,1
BRDA:115,24,0,4
BRDA:115,24,1,0
BRDA:116,25,0,4
BRDA:116,25,1,0
BRDA:117,26,0,4
BRDA:117,26,1,0
BRDA:118,27,0,4
BRDA:118,27,1,0
BRDA:119,28,0,4
BRDA:119,28,1,0
BRDA:147,29,0,0
BRDA:147,29,1,0
BRDA:148,30,0,0
BRDA:148,30,1,0
BRDA:150,31,0,0
BRDA:150,31,1,0
BRDA:150,32,0,0
BRDA:150,32,1,0
BRDA:155,33,0,0
BRDA:155,33,1,0
BRDA:157,34,0,0
BRDA:157,34,1,0
BRDA:170,35,0,0
BRDA:170,35,1,0
BRDA:174,36,0,0
BRDA:174,36,1,0
BRDA:179,37,0,0
BRDA:179,37,1,0
BRDA:180,38,0,0
BRDA:180,38,1,0
BRDA:181,39,0,0
BRDA:181,39,1,0
BRDA:184,40,0,0
BRDA:184,40,1,0
BRDA:185,41,0,0
BRDA:185,41,1,0
BRDA:185,41,2,0
BRDA:192,42,0,0
BRDA:192,42,1,0
BRDA:193,43,0,0
BRDA:193,43,1,0
BRDA:194,44,0,0
BRDA:194,44,1,0
BRDA:195,45,0,0
BRDA:195,45,1,0
BRDA:196,46,0,0
BRDA:196,46,1,0
BRDA:196,46,2,0
BRDA:197,47,0,0
BRDA:197,47,1,0
BRDA:206,48,0,0
BRDA:206,48,1,0
BRDA:207,49,0,0
BRDA:207,49,1,0
BRDA:218,50,0,0
BRDA:218,50,1,0
BRDA:219,51,0,0
BRDA:219,51,1,0
BRDA:219,52,0,0
BRDA:219,52,1,0
BRDA:219,52,2,0
BRDA:226,53,0,0
BRDA:226,53,1,0
BRDA:235,54,0,0
BRDA:235,54,1,0
BRDA:236,55,0,0
BRDA:236,55,1,0
BRDA:247,56,0,0
BRDA:247,56,1,0
BRDA:247,57,0,0
BRDA:247,57,1,0
BRDA:254,58,0,0
BRDA:254,58,1,0
BRDA:255,59,0,0
BRDA:255,59,1,0
BRDA:257,60,0,0
BRDA:257,60,1,0
BRDA:265,61,0,0
BRDA:265,61,1,0
BRDA:269,62,0,0
BRDA:269,62,1,0
BRDA:270,63,0,0
BRDA:270,63,1,0
BRDA:291,64,0,1
BRDA:291,64,1,0
BRDA:292,65,0,1
BRDA:292,65,1,0
BRDA:294,66,0,1
BRDA:294,66,1,0
BRDA:297,67,0,1
BRDA:297,67,1,0
BRDA:300,68,0,1
BRDA:300,68,1,0
BRDA:301,69,0,4
BRDA:301,69,1,0
BRDA:306,70,0,0
BRDA:306,70,1,1
BRDA:342,71,0,0
BRDA:342,71,1,0
BRDA:342,72,0,0
BRDA:342,72,1,0
BRDA:342,72,2,0
BRDA:347,73,0,0
BRDA:347,73,1,0
BRDA:359,74,0,0
BRDA:359,74,1,1
BRDA:412,75,0,0
BRDA:412,75,1,0
BRDA:412,76,0,0
BRDA:412,76,1,0
BRDA:412,76,2,0
BRDA:412,76,3,0
BRDA:412,76,4,0
BRDA:412,76,5,0
BRDA:425,77,0,0
BRDA:425,77,1,0
BRDA:438,78,0,0
BRDA:438,78,1,1
BRDA:445,79,0,1
BRDA:445,79,1,0
BRDA:460,80,0,0
BRDA:461,81,0,0
BRDA:461,81,1,0
BRDA:472,82,0,1
BRDA:472,82,1,0
BRDA:473,83,0,0
BRDA:473,83,1,1
BRDA:480,84,0,1
BRDA:480,84,1,0
BRF:179
BRH:50
end_of_record
